sh3.c: In function 'execute':
sh3.c:125: warning: implicit declaration of function 'restorestate'
sh3.c: In function 'forkexec':
sh3.c:369: warning: suggest explicit braces to avoid ambiguous 'else'
sh3.c:372: warning: suggest explicit braces to avoid ambiguous 'else'
sh3.c:381: warning: suggest explicit braces to avoid ambiguous 'else'
sh3.c:383: warning: suggest explicit braces to avoid ambiguous 'else'
sh3.c: In function 'iosetup':
sh3.c:409: warning: type defaults to 'int' in declaration of 'u'
sh3.c: In function 'echo':
sh3.c:480: warning: type defaults to 'int' in declaration of 'i'
sh3.c: In function 'waitfor':
sh3.c:585: warning: suggest explicit braces to avoid ambiguous 'else'
sh3.c: In function 'doshift':
sh3.c:732: warning: type defaults to 'int' in declaration of 'n'
sh3.c: In function 'doexec':
sh3.c:789: warning: type defaults to 'int' in declaration of 'i'
sh3.c: In function 'dodot':
sh3.c:812: warning: type defaults to 'int' in declaration of 'i'
sh3.c: In function 'dowait':
sh3.c:842: warning: type defaults to 'int' in declaration of 'i'
sh3.c: In function 'doread':
sh3.c:860: warning: type defaults to 'int' in declaration of 'nb'
sh3.c: In function 'setsig':
sh3.c:945: warning: type defaults to 'int' in declaration of 'n'
sh3.c: In function 'getn':
sh3.c:961: warning: type defaults to 'int' in declaration of 'n'
sh3.c:961: warning: type defaults to 'int' in declaration of 'm'
sh3.c: In function 'brkcontin':
sh3.c:998: warning: type defaults to 'int' in declaration of 'nl'
sh3.c: In function 'doset':
sh3.c:1076: warning: type defaults to 'int' in declaration of 'n'
sh3.c:1099: warning: array subscript has type 'char'
sh3.c: At top level:
sh3.c:1154: warning: missing braces around initializer
sh3.c:1154: warning: (near initialization for 'builtin[0]')
sh3.c: In function 'doexit':
sh3.c:1028: warning: control reaches end of non-void function
sh3.c: In function 'forkexec':
sh3.c:398: warning: control reaches end of non-void function
sh3.c: At top level:
sh.h:422: warning: 'findeq' declared 'static' but never defined
sh.h:417: warning: 'copyw' declared 'static' but never defined
sh.h:418: warning: 'pattern' declared 'static' but never defined
sh.h:419: warning: 'wordlist' declared 'static' but never defined
sh.h:420: warning: 'blank' declared 'static' but never defined
sh.h:421: warning: 'cclass' declared 'static' but never defined
sh.h:423: warning: 'generate' declared 'static' but never defined
sh.h:424: warning: 'tree' declared 'static' but never defined
sh.h:425: warning: 'anyspcl' declared 'static' but never defined
sh.h:427: warning: 'dollar' declared 'static' but never defined
sh.h:428: warning: 'expand' declared 'static' but never defined
sh.h:430: warning: 'grave' declared 'static' but never defined
sh.h:431: warning: 'synio' declared 'static' but never defined
sh.h:432: warning: 'xstrcmp' declared 'static' but never defined
sh.h:433: warning: 'xxchar' declared 'static' but never defined
sh.h:434: warning: 'yylex' declared 'static' but never defined
sh.h:435: warning: 'copyio' declared 'static' but never defined
sh.h:436: warning: 'io' declared 'static' but never defined
sh.h:438: warning: 'andor' declared 'static' but never defined
sh.h:439: warning: 'block' declared 'static' but never defined
sh.h:440: warning: 'c_list' declared 'static' but never defined
sh.h:441: warning: 'caselist' declared 'static' but never defined
sh.h:442: warning: 'casepart' declared 'static' but never defined
sh.h:443: warning: 'command' declared 'static' but never defined
sh.h:444: warning: 'dogroup' declared 'static' but never defined
sh.h:445: warning: 'elsepart' declared 'static' but never defined
sh.h:447: warning: 'list' declared 'static' but never defined
sh.h:448: warning: 'namelist' declared 'static' but never defined
sh.h:449: warning: 'nested' declared 'static' but never defined
sh.h:450: warning: 'newtp' declared 'static' but never defined
sh.h:451: warning: 'pipeline' declared 'static' but never defined
sh.h:452: warning: 'simple' declared 'static' but never defined
sh.h:453: warning: 'thenpart' declared 'static' but never defined
sh.h:456: warning: 'diag' declared 'static' but never defined
sh.h:458: warning: 'musthave' declared 'static' but never defined
sh.h:460: warning: 'readhere' declared 'static' but never defined
sh.h:461: warning: 'word' declared 'static' but never defined
sh.h:462: warning: 'zzerr' declared 'static' but never defined
sh3.c: In function 'doread':
sh3.c:860: warning: 'nb' may be used uninitialized in this function
sh3.c: In function 'iosetup':
sh3.c:410: warning: 'cp' may be used uninitialized in this function
sh3.c:409: warning: 'u' may be used uninitialized in this function
sh3.c: In function 'forkexec':
sh3.c:254: warning: 'cp' may be used uninitialized in this function
