This file contains any messages produced by compilers while
running configure, to aid debugging if configure makes a mistake.

It was created by configure, which was
generated by GNU Autoconf 2.59.  Invocation command line was

  $ ../.././itcl/itcl/configure --prefix=/usr/local --cache-file=./config.cache --build=x86_64-unknown-linux-gnu --host=x86_64-unknown-linux-gnu --target=x86_64-unknown-linux-gnu --program-transform-name=s,y,y, --srcdir=.././itcl build_alias=x86_64-unknown-linux-gnu host_alias=x86_64-unknown-linux-gnu target_alias=x86_64-unknown-linux-gnu --cache-file=.././config.cache --srcdir=../.././itcl/itcl

## --------- ##
## Platform. ##
## --------- ##

hostname = sj-dwesterg-l
uname -m = x86_64
uname -r = 2.6.32-71.29.1.el6.x86_64
uname -s = Linux
uname -v = #1 SMP Mon Jun 27 19:49:27 BST 2011

/usr/bin/uname -p = unknown
/bin/uname -X     = unknown

/bin/arch              = x86_64
/usr/bin/arch -k       = unknown
/usr/convex/getsysinfo = unknown
hostinfo               = unknown
/bin/machine           = unknown
/usr/bin/oslevel       = unknown
/bin/universe          = unknown

PATH: /home/dwesterg/bin
PATH: /usr/bin
PATH: /usr/sbin
PATH: /bin
PATH: /sbin
PATH: /home/dwesterg/scripts
PATH: /usr/lib64/qt-3.3/bin
PATH: /usr/NX/bin
PATH: /usr/lib64/ccache
PATH: /usr/local/bin
PATH: /usr/bin
PATH: /bin
PATH: /usr/local/sbin
PATH: /usr/sbin
PATH: /sbin
PATH: /data/dwesterg/nios2-linux/nios2-linux/toolchain-mmu/x86-linux2/bin
PATH: /tools/acds/11.1/173/linux32/quartus/bin
PATH: /tools/acds/11.1/173/linux32/nios2eds/bin
PATH: /tools/acds/11.1/173/linux32/nios2eds/sdk2/bin
PATH: /tools/acds/11.1/173/linux32/nios2eds/bin/nios2-gnutools/H-i686-pc-linux-gnu/bin
PATH: /tools/acds/11.1/173/linux32/quartus/sopc_builder/bin
PATH: /tools/acds/11.1/173/linux32/modelsim_ae/linuxaloem


## ----------- ##
## Core tests. ##
## ----------- ##

configure:1173: loading cache .././config.cache
configure:1348: checking for x86_64-unknown-linux-gnu-gcc
configure:1374: result: gcc
configure:1656: checking for C compiler version
configure:1659: gcc --version </dev/null >&5
gcc (GCC) 4.4.4 20100726 (Red Hat 4.4.4-13)
Copyright (C) 2010 Free Software Foundation, Inc.
This is free software; see the source for copying conditions.  There is NO
warranty; not even for MERCHANTABILITY or FITNESS FOR A PARTICULAR PURPOSE.

configure:1662: $? = 0
configure:1664: gcc -v </dev/null >&5
Using built-in specs.
Target: x86_64-redhat-linux
Configured with: ../configure --prefix=/usr --mandir=/usr/share/man --infodir=/usr/share/info --with-bugurl=http://bugzilla.redhat.com/bugzilla --enable-bootstrap --enable-shared --enable-threads=posix --enable-checking=release --with-system-zlib --enable-__cxa_atexit --disable-libunwind-exceptions --enable-gnu-unique-object --enable-languages=c,c++,objc,obj-c++,java,fortran,ada --enable-java-awt=gtk --disable-dssi --with-java-home=/usr/lib/jvm/java-1.5.0-gcj-1.5.0.0/jre --enable-libgcj-multifile --enable-java-maintainer-mode --with-ecj-jar=/usr/share/java/eclipse-ecj.jar --disable-libjava-multilib --with-ppl --with-cloog --with-tune=generic --with-arch_32=i686 --build=x86_64-redhat-linux
Thread model: posix
gcc version 4.4.4 20100726 (Red Hat 4.4.4-13) (GCC) 
configure:1667: $? = 0
configure:1669: gcc -V </dev/null >&5
gcc: '-V' option must have argument
configure:1672: $? = 1
configure:1695: checking for C compiler default output file name
configure:1698: gcc -g -O2   conftest.c  >&5
configure:1701: $? = 0
configure:1747: result: a.out
configure:1752: checking whether the C compiler works
configure:1758: ./a.out
configure:1761: $? = 0
configure:1778: result: yes
configure:1785: checking whether we are cross compiling
configure:1787: result: no
configure:1790: checking for suffix of executables
configure:1792: gcc -o conftest -g -O2   conftest.c  >&5
configure:1795: $? = 0
configure:1820: result: 
configure:1826: checking for suffix of object files
configure:1872: result: o
configure:1876: checking whether we are using the GNU C compiler
configure:1932: result: yes
configure:1938: checking whether gcc accepts -g
configure:1989: result: yes
configure:2006: checking for gcc option to accept ANSI C
configure:2113: result: none needed
configure:2131: gcc -c -g -O2  conftest.c >&5
conftest.c:2: error: expected '=', ',', ';', 'asm' or '__attribute__' before 'me'
configure:2137: $? = 1
configure: failed program was:
| #ifndef __cplusplus
|   choke me
| #endif
configure:2284: checking for a BSD-compatible install
configure:2339: result: /usr/bin/install -c
configure:2355: checking whether make sets $(MAKE)
configure:2375: result: yes
configure:2392: checking for x86_64-unknown-linux-gnu-ranlib
configure:2418: result: ranlib
configure:2480: checking build system type
configure:2498: result: x86_64-unknown-linux-gnu
configure:2506: checking host system type
configure:2520: result: x86_64-unknown-linux-gnu
configure:2655: checking for Tcl configuration
configure:2732: result: found /data/dwesterg/nios2-linux/nios2-linux/insight/tcl/unix/tclConfig.sh
configure:2738: checking for existence of /data/dwesterg/nios2-linux/nios2-linux/insight/tcl/unix/tclConfig.sh
configure:2742: result: loading
configure:2788: checking for Tcl private include files
configure:2824: result: Using srcdir found in tclConfig.sh: /home/dwesterg/data/nios2-linux/nios2-linux/insight/tcl
configure:2876: checking for building with threads
configure:2989: result: no (default)
configure:3001: checking how to build libraries
configure:3027: result: static
configure:3073: checking for build with symbols
configure:3094: result: no
configure:3929: creating ./config.status

## ---------------------- ##
## Running config.status. ##
## ---------------------- ##

This file was extended by config.status, which was
generated by GNU Autoconf 2.59.  Invocation command line was

  CONFIG_FILES    = 
  CONFIG_HEADERS  = 
  CONFIG_LINKS    = 
  CONFIG_COMMANDS = 
  $ ./config.status 

on sj-dwesterg-l

config.status:716: creating Makefile
config.status:716: creating itclConfig.sh
config.status:716: creating pkgIndex.tcl

## ---------------- ##
## Cache variables. ##
## ---------------- ##

ac_cv_build=x86_64-unknown-linux-gnu
ac_cv_build_alias=x86_64-unknown-linux-gnu
ac_cv_c_compiler_gnu=yes
ac_cv_c_itclconfig=/data/dwesterg/nios2-linux/nios2-linux/insight/itcl/itcl
ac_cv_c_tclconfig=/data/dwesterg/nios2-linux/nios2-linux/insight/tcl/unix
ac_cv_c_tkconfig=/data/dwesterg/nios2-linux/nios2-linux/insight/tk/unix
ac_cv_env_CC_set=set
ac_cv_env_CC_value=gcc
ac_cv_env_CFLAGS_set=set
ac_cv_env_CFLAGS_value='-g -O2'
ac_cv_env_CPPFLAGS_set=
ac_cv_env_CPPFLAGS_value=
ac_cv_env_LDFLAGS_set=set
ac_cv_env_LDFLAGS_value=
ac_cv_env_build_alias_set=set
ac_cv_env_build_alias_value=x86_64-unknown-linux-gnu
ac_cv_env_host_alias_set=set
ac_cv_env_host_alias_value=x86_64-unknown-linux-gnu
ac_cv_env_target_alias_set=set
ac_cv_env_target_alias_value=x86_64-unknown-linux-gnu
ac_cv_exeext=
ac_cv_host=x86_64-unknown-linux-gnu
ac_cv_host_alias=x86_64-unknown-linux-gnu
ac_cv_itclstub_LIB_FILE=libitclstub3.2.a
ac_cv_objext=o
ac_cv_prog_CC=gcc
ac_cv_prog_RANLIB=ranlib
ac_cv_prog_cc_g=yes
ac_cv_prog_cc_stdc=
ac_cv_prog_make_make_set=yes

## ----------------- ##
## Output variables. ##
## ----------------- ##

CC='gcc'
CFLAGS='${CFLAGS_DEFAULT} ${CFLAGS_WARNING}'
CFLAGS_DEBUG='-g'
CFLAGS_DEFAULT=' -D__NO_STRING_INLINES -D__NO_MATH_INLINES'
CFLAGS_OPTIMIZE=' -D__NO_STRING_INLINES -D__NO_MATH_INLINES'
CLEANFILES=''
CPPFLAGS=''
CYGPATH='echo'
DEFS='-DPACKAGE_NAME=\"\" -DPACKAGE_TARNAME=\"\" -DPACKAGE_VERSION=\"\" -DPACKAGE_STRING=\"\" -DPACKAGE_BUGREPORT=\"\" -DVERSION=\"3.2\" -DSTATIC_BUILD=1 '
ECHO_C=''
ECHO_N='-n'
ECHO_T=''
EXEEXT=''
INSTALL_DATA='/usr/bin/install -c -m 644'
INSTALL_PROGRAM='/usr/bin/install -c'
INSTALL_SCRIPT='/usr/bin/install -c'
ITCL_BUILD_LIB_SPEC='-L/home/dwesterg/data/nios2-linux/nios2-linux/insight/itcl/itcl -litcl3.2${TCL_DBGX}'
ITCL_BUILD_STUB_LIB_SPEC='-L/home/dwesterg/data/nios2-linux/nios2-linux/insight/itcl/itcl -litclstub3.2${TCL_DBGX}'
ITCL_GENERIC_DIR_NATIVE='/home/dwesterg/data/nios2-linux/nios2-linux/insight/itcl/itcl/generic'
ITCL_INCLUDES='-I"/home/dwesterg/data/nios2-linux/nios2-linux/insight/itcl/itcl/generic" -I"/home/dwesterg/data/nios2-linux/nios2-linux/insight/itcl/itcl/unix"'
ITCL_LIB_FILE='libitcl3.2.a'
ITCL_LIB_FULL_PATH='/home/dwesterg/data/nios2-linux/nios2-linux/insight/itcl/itcl/libitcl3.2.a'
ITCL_LIB_SPEC='-L/usr/local/lib -litcl3.2${TCL_DBGX}'
ITCL_MAJOR_VERSION='3'
ITCL_MINOR_VERSION='2'
ITCL_RELEASE_LEVEL='.1'
ITCL_SH='NONE'
ITCL_SRC_DIR='/home/dwesterg/data/nios2-linux/nios2-linux/insight/itcl/itcl'
ITCL_STUB_LIB_FILE='libitclstub3.2.a'
ITCL_STUB_LIB_FULL_PATH='/home/dwesterg/data/nios2-linux/nios2-linux/insight/itcl/itcl/libitclstub3.2.a'
ITCL_STUB_LIB_SPEC='-L/usr/local/lib -litclstub3.2${TCL_DBGX}'
ITCL_UNIX_DIR_NATIVE='/home/dwesterg/data/nios2-linux/nios2-linux/insight/itcl/itcl/unix'
ITCL_VERSION='3.2'
ITCL_WIN_DIR_NATIVE='/home/dwesterg/data/nios2-linux/nios2-linux/insight/itcl/itcl/win'
LDFLAGS=''
LDFLAGS_DEFAULT=''
LIBOBJS=''
LIBS=''
LTLIBOBJS=''
MAKE_LIB='${STLIB_LD} $@ $($@_OBJECTS)'
MAKE_SHARED_LIB='${SHLIB_LD} -o $@ $($@_OBJECTS) ${SHLIB_LDFLAGS} ${SHLIB_LD_LIBS}'
MAKE_STATIC_LIB='${STLIB_LD} $@ $($@_OBJECTS)'
OBJEXT='o'
PACKAGE='itcl'
PACKAGE_BUGREPORT=''
PACKAGE_NAME=''
PACKAGE_STRING=''
PACKAGE_TARNAME=''
PACKAGE_VERSION=''
PATH_SEPARATOR=':'
PLATFORM_DIR='$(UNIX_DIR)'
PLATFORM_OBJECTS='$(UNIX_OBJECTS)'
PLATFORM_SOURCES='$(UNIX_SOURCES)'
POST_MAKE_LIB='${RANLIB} $@'
POST_MAKE_STATIC_LIB='${RANLIB} $@'
RANLIB='ranlib'
RELPATH='..'
SET_MAKE=''
SHELL='/bin/sh'
SHLIB_CFLAGS='-fPIC'
SHLIB_LD='gcc -pipe -shared'
SHLIB_LDFLAGS=''
SHLIB_LD_LIBS=''
STLIB_LD='${AR} cr'
TCL_BIN_DIR='/data/dwesterg/nios2-linux/nios2-linux/insight/tcl/unix'
TCL_BMAP_DIR_NATIVE='$(TCL_TOP_DIR_NATIVE)/bitmaps'
TCL_BUILD_LIB_SPEC='-L/home/dwesterg/data/nios2-linux/nios2-linux/insight/tcl/unix -ltcl8.4${TCL_DBGX}'
TCL_BUILD_STUB_LIB_SPEC='-L/home/dwesterg/data/nios2-linux/nios2-linux/insight/tcl/unix -ltclstub8.4${TCL_DBGX}'
TCL_DBGX=''
TCL_DEFS='-DPACKAGE_NAME=\"\" -DPACKAGE_TARNAME=\"\" -DPACKAGE_VERSION=\"\" -DPACKAGE_STRING=\"\" -DPACKAGE_BUGREPORT=\"\" -DSTDC_HEADERS=1 -DHAVE_SYS_TYPES_H=1 -DHAVE_SYS_STAT_H=1 -DHAVE_STDLIB_H=1 -DHAVE_STRING_H=1 -DHAVE_MEMORY_H=1 -DHAVE_STRINGS_H=1 -DHAVE_INTTYPES_H=1 -DHAVE_STDINT_H=1 -DHAVE_UNISTD_H=1 -DHAVE_UNISTD_H=1 -DHAVE_LIMITS_H=1 -D_LARGEFILE64_SOURCE=1 -DTCL_WIDE_INT_IS_LONG=1 -DHAVE_GETCWD=1 -DHAVE_OPENDIR=1 -DHAVE_STRSTR=1 -DHAVE_STRTOL=1 -DHAVE_STRTOLL=1 -DHAVE_STRTOULL=1 -DHAVE_TMPNAM=1 -DHAVE_WAITPID=1 -DHAVE_UNISTD_H=1 -DHAVE_SYS_PARAM_H=1 -DUSE_TERMIOS=1 -DHAVE_SYS_TIME_H=1 -DTIME_WITH_SYS_TIME=1 -DHAVE_STRUCT_TM_TM_ZONE=1 -DHAVE_TM_ZONE=1 -DHAVE_GMTIME_R=1 -DHAVE_LOCALTIME_R=1 -DHAVE_TM_GMTOFF=1 -DHAVE_TIMEZONE_VAR=1 -DHAVE_STRUCT_STAT_ST_BLKSIZE=1 -DHAVE_ST_BLKSIZE=1 -DHAVE_SIGNED_CHAR=1 -DHAVE_LANGINFO=1 -DSTATIC_BUILD=1 -DPEEK_XCLOSEIM=1 -DHAVE_SYS_IOCTL_H=1 '
TCL_EXTRA_CFLAGS=''
TCL_GENERIC_DIR_NATIVE='$(TCL_TOP_DIR_NATIVE)/generic'
TCL_INCLUDES='-I$(TCL_TOP_DIR_NATIVE)/generic -I$(TCL_TOP_DIR_NATIVE)/unix'
TCL_LD_FLAGS='-rdynamic'
TCL_LIBS='-ldl  -lieee -lm'
TCL_LIB_FILE='libtcl8.4.a'
TCL_LIB_SPEC='-L/usr/local/lib -ltcl8.4${TCL_DBGX}'
TCL_PLATFORM_DIR_NATIVE='$(TCL_TOP_DIR_NATIVE)/unix'
TCL_SHLIB_LD_LIBS='${LIBS}'
TCL_SRC_DIR='/home/dwesterg/data/nios2-linux/nios2-linux/insight/tcl'
TCL_STUB_LIB_FILE='libtclstub8.4${TCL_DBGX}.a'
TCL_STUB_LIB_SPEC='-L/usr/local/lib -ltclstub8.4${TCL_DBGX}'
TCL_TOOL_DIR_NATIVE='$(TCL_TOP_DIR_NATIVE)/tools'
TCL_TOP_DIR_NATIVE='$(TCL_SRC_DIR)'
TCL_UNIX_DIR_NATIVE='$(TCL_TOP_DIR_NATIVE)/unix'
TCL_WIN_DIR_NATIVE='$(TCL_TOP_DIR_NATIVE)/win'
VERSION='3.2'
ac_ct_CC=''
ac_ct_RANLIB=''
bindir='${exec_prefix}/bin'
build='x86_64-unknown-linux-gnu'
build_alias='x86_64-unknown-linux-gnu'
build_cpu='x86_64'
build_os='linux-gnu'
build_vendor='unknown'
datadir='${prefix}/share'
exec_prefix='/usr/local'
host='x86_64-unknown-linux-gnu'
host_alias='x86_64-unknown-linux-gnu'
host_cpu='x86_64'
host_os='linux-gnu'
host_vendor='unknown'
includedir='${prefix}/include'
infodir='${prefix}/info'
itcl_LIB_FILE='libitcl3.2.a'
itclstub_LIB_FILE='libitclstub3.2.a'
libdir='${exec_prefix}/lib'
libexecdir='${exec_prefix}/libexec'
localstatedir='${prefix}/var'
mandir='${prefix}/man'
oldincludedir='/usr/include'
prefix='/usr/local'
program_transform_name='s,y,y,'
sbindir='${exec_prefix}/sbin'
sharedstatedir='${prefix}/com'
sysconfdir='${prefix}/etc'
target_alias='x86_64-unknown-linux-gnu'

## ----------- ##
## confdefs.h. ##
## ----------- ##

#define PACKAGE_BUGREPORT ""
#define PACKAGE_NAME ""
#define PACKAGE_STRING ""
#define PACKAGE_TARNAME ""
#define PACKAGE_VERSION ""
#define STATIC_BUILD 1
#define VERSION "3.2"

configure: exit 0
