This file contains any messages produced by compilers while
running configure, to aid debugging if configure makes a mistake.

It was created by autoconf-cache configure 0, which was
generated by GNU Autoconf 2.64.  Invocation command line was

  $ ../../configure -C

## --------- ##
## Platform. ##
## --------- ##

hostname = 1604
uname -m = x86_64
uname -r = 4.4.0-70-generic
uname -s = Linux
uname -v = #91-Ubuntu SMP Wed Mar 22 12:47:43 UTC 2017

/usr/bin/uname -p = unknown
/bin/uname -X     = unknown

/bin/arch              = unknown
/usr/bin/arch -k       = unknown
/usr/convex/getsysinfo = unknown
/usr/bin/hostinfo      = unknown
/bin/machine           = unknown
/usr/bin/oslevel       = unknown
/bin/universe          = unknown

PATH: /home/developer/altera/nios2-linux/uClinux-dist/tools
PATH: /usr/bin
PATH: /home/developer/altera/nios2-linux/toolchain-mmu/x86-linux2/bin
PATH: /usr/bin
PATH: /home/developer/altera/nios2-linux/toolchain-mmu/x86-linux2/bin
PATH: /usr/bin
PATH: /home/developer/altera/nios2-linux/toolchain-mmu/x86-linux2/bin
PATH: /usr/bin
PATH: /home/developer/eclipse/java-neon/eclipse
PATH: /usr/local/sbin
PATH: /usr/local/bin
PATH: /usr/sbin
PATH: /usr/bin
PATH: /sbin
PATH: /bin
PATH: /usr/games
PATH: /usr/local/games
PATH: /home/developer/Downloads/NuSMV-2.6.0-Linux/bin
PATH: /snap/bin


## ----------- ##
## Core tests. ##
## ----------- ##

configure:1600: creating cache config.cache
configure:1712: checking for a BSD-compatible install
configure:1780: result: /usr/bin/install -c
configure:1791: checking whether build environment is sane
configure:1841: result: yes
configure:1982: checking for a thread-safe mkdir -p
configure:2021: result: /bin/mkdir -p
configure:2034: checking for gawk
configure:2050: found /usr/bin/gawk
configure:2061: result: gawk
configure:2072: checking whether make sets $(MAKE)
configure:2094: result: yes
configure:2178: checking build system type
configure:2192: result: x86_64-unknown-linux-gnu
configure:2216: checking for gawk
configure:2243: result: gawk
configure:2254: checking for grep that handles long lines and -e
configure:2312: result: /bin/grep
configure:2317: checking for egrep
configure:2379: result: /bin/grep -E
configure:2384: checking for fgrep
configure:2446: result: /bin/grep -F
configure:2452: checking for a sed that does not truncate output
configure:2516: result: /bin/sed
configure:2588: updating cache config.cache
configure:2662: creating ./config.status

## ---------------------- ##
## Running config.status. ##
## ---------------------- ##

This file was extended by autoconf-cache config.status 0, which was
generated by GNU Autoconf 2.64.  Invocation command line was

  CONFIG_FILES    = 
  CONFIG_HEADERS  = 
  CONFIG_LINKS    = 
  CONFIG_COMMANDS = 
  $ ./config.status 

on 1604

config.status:745: creating Makefile

## ---------------- ##
## Cache variables. ##
## ---------------- ##

ac_cv_build=x86_64-unknown-linux-gnu
ac_cv_env_build_alias_set=
ac_cv_env_build_alias_value=
ac_cv_env_host_alias_set=
ac_cv_env_host_alias_value=
ac_cv_env_target_alias_set=
ac_cv_env_target_alias_value=
ac_cv_path_EGREP='/bin/grep -E'
ac_cv_path_FGREP='/bin/grep -F'
ac_cv_path_GREP=/bin/grep
ac_cv_path_SED=/bin/sed
ac_cv_path_install='/usr/bin/install -c'
ac_cv_path_mkdir=/bin/mkdir
ac_cv_prog_AWK=gawk
ac_cv_prog_make_make_set=yes

## ----------------- ##
## Output variables. ##
## ----------------- ##

ACLOCAL='${SHELL} /home/developer/altera/nios2-linux/uClinux-dist/tools/autotools-cache/missing --run aclocal-1.11'
AMTAR='${SHELL} /home/developer/altera/nios2-linux/uClinux-dist/tools/autotools-cache/missing --run tar'
AUTOCONF='${SHELL} /home/developer/altera/nios2-linux/uClinux-dist/tools/autotools-cache/missing --run autoconf'
AUTOHEADER='${SHELL} /home/developer/altera/nios2-linux/uClinux-dist/tools/autotools-cache/missing --run autoheader'
AUTOMAKE='${SHELL} /home/developer/altera/nios2-linux/uClinux-dist/tools/autotools-cache/missing --run automake-1.11'
AWK='gawk'
CYGPATH_W='echo'
DEFS='-DPACKAGE_NAME=\"autoconf-cache\" -DPACKAGE_TARNAME=\"autoconf-cache\" -DPACKAGE_VERSION=\"0\" -DPACKAGE_STRING=\"autoconf-cache\ 0\" -DPACKAGE_BUGREPORT=\"\" -DPACKAGE_URL=\"\" -DPACKAGE=\"autoconf-cache\" -DVERSION=\"0\"'
ECHO_C=''
ECHO_N='-n'
ECHO_T=''
EGREP='/bin/grep -E'
FGREP='/bin/grep -F'
GREP='/bin/grep'
INSTALL_DATA='${INSTALL} -m 644'
INSTALL_PROGRAM='${INSTALL}'
INSTALL_SCRIPT='${INSTALL}'
INSTALL_STRIP_PROGRAM='$(install_sh) -c -s'
LIBOBJS=''
LIBS=''
LTLIBOBJS=''
MAKEINFO='${SHELL} /home/developer/altera/nios2-linux/uClinux-dist/tools/autotools-cache/missing --run makeinfo'
MKDIR_P='/bin/mkdir -p'
PACKAGE='autoconf-cache'
PACKAGE_BUGREPORT=''
PACKAGE_NAME='autoconf-cache'
PACKAGE_STRING='autoconf-cache 0'
PACKAGE_TARNAME='autoconf-cache'
PACKAGE_URL=''
PACKAGE_VERSION='0'
PATH_SEPARATOR=':'
SED='/bin/sed'
SET_MAKE=''
SHELL='/bin/sh'
STRIP='nios2-linux-gnu-strip'
VERSION='0'
am__isrc=' -I$(srcdir)'
am__leading_dot='.'
am__tar='${AMTAR} chof - "$$tardir"'
am__untar='${AMTAR} xf -'
bindir='${exec_prefix}/bin'
build='x86_64-unknown-linux-gnu'
build_alias=''
build_cpu='x86_64'
build_os='linux-gnu'
build_vendor='unknown'
datadir='${datarootdir}'
datarootdir='${prefix}/share'
docdir='${datarootdir}/doc/${PACKAGE_TARNAME}'
dvidir='${docdir}'
exec_prefix='${prefix}'
host_alias=''
htmldir='${docdir}'
includedir='${prefix}/include'
infodir='${datarootdir}/info'
install_sh='${SHELL} /home/developer/altera/nios2-linux/uClinux-dist/tools/autotools-cache/install-sh'
libdir='${exec_prefix}/lib'
libexecdir='${exec_prefix}/libexec'
localedir='${datarootdir}/locale'
localstatedir='${prefix}/var'
mandir='${datarootdir}/man'
mkdir_p='/bin/mkdir -p'
oldincludedir='/usr/include'
pdfdir='${docdir}'
prefix='/usr/local'
program_transform_name='s,x,x,'
psdir='${docdir}'
sbindir='${exec_prefix}/sbin'
sharedstatedir='${prefix}/com'
sysconfdir='${prefix}/etc'
target_alias=''

## ----------- ##
## confdefs.h. ##
## ----------- ##

/* confdefs.h */
#define PACKAGE_NAME "autoconf-cache"
#define PACKAGE_TARNAME "autoconf-cache"
#define PACKAGE_VERSION "0"
#define PACKAGE_STRING "autoconf-cache 0"
#define PACKAGE_BUGREPORT ""
#define PACKAGE_URL ""
#define PACKAGE "autoconf-cache"
#define VERSION "0"

configure: exit 0
