sh4.c: In function 'blank':
sh4.c:167: warning: type defaults to 'int' in declaration of 'c'
sh4.c:167: warning: type defaults to 'int' in declaration of 'c1'
sh4.c:216: warning: suggest explicit braces to avoid ambiguous 'else'
sh4.c: In function 'my_glob':
sh4.c:486: warning: type defaults to 'int' in declaration of 'i'
sh4.c: In function 'globname':
sh4.c:534: warning: unused variable 'n'
sh4.c:534: warning: unused variable 'j'
sh4.c:534: warning: unused variable 'dn'
sh4.c: In function 'anyspcl':
sh4.c:615: warning: type defaults to 'int' in declaration of 'i'
sh4.c: In function 'addword':
sh4.c:656: warning: type defaults to 'int' in declaration of 'nw'
sh4.c: In function 'getwords':
sh4.c:676: warning: type defaults to 'int' in declaration of 'nb'
sh4.c: At top level:
sh.h:422: warning: 'findeq' declared 'static' but never defined
sh.h:417: warning: 'copyw' declared 'static' but never defined
sh.h:418: warning: 'pattern' declared 'static' but never defined
sh.h:419: warning: 'wordlist' declared 'static' but never defined
sh.h:421: warning: 'cclass' declared 'static' but never defined
sh.h:424: warning: 'tree' declared 'static' but never defined
sh.h:426: warning: 'brkcontin' declared 'static' but never defined
sh.h:429: warning: 'forkexec' declared 'static' but never defined
sh.h:431: warning: 'synio' declared 'static' but never defined
sh.h:433: warning: 'xxchar' declared 'static' but never defined
sh.h:434: warning: 'yylex' declared 'static' but never defined
sh.h:435: warning: 'copyio' declared 'static' but never defined
sh.h:436: warning: 'io' declared 'static' but never defined
sh.h:437: warning: 'find1case' declared 'static' but never defined
sh.h:438: warning: 'andor' declared 'static' but never defined
sh.h:439: warning: 'block' declared 'static' but never defined
sh.h:440: warning: 'c_list' declared 'static' but never defined
sh.h:441: warning: 'caselist' declared 'static' but never defined
sh.h:442: warning: 'casepart' declared 'static' but never defined
sh.h:443: warning: 'command' declared 'static' but never defined
sh.h:444: warning: 'dogroup' declared 'static' but never defined
sh.h:445: warning: 'elsepart' declared 'static' but never defined
sh.h:446: warning: 'findcase' declared 'static' but never defined
sh.h:447: warning: 'list' declared 'static' but never defined
sh.h:448: warning: 'namelist' declared 'static' but never defined
sh.h:449: warning: 'nested' declared 'static' but never defined
sh.h:450: warning: 'newtp' declared 'static' but never defined
sh.h:451: warning: 'pipeline' declared 'static' but never defined
sh.h:452: warning: 'simple' declared 'static' but never defined
sh.h:453: warning: 'thenpart' declared 'static' but never defined
sh.h:454: warning: 'badid' declared 'static' but never defined
sh.h:455: warning: 'brkset' declared 'static' but never defined
sh.h:456: warning: 'diag' declared 'static' but never defined
sh.h:457: warning: 'echo' declared 'static' but never defined
sh.h:458: warning: 'musthave' declared 'static' but never defined
sh.h:459: warning: 'rdexp' declared 'static' but never defined
sh.h:460: warning: 'readhere' declared 'static' but never defined
sh.h:461: warning: 'word' declared 'static' but never defined
sh.h:462: warning: 'zzerr' declared 'static' but never defined
sh4.c: In function 'subgetc':
sh4.c:266: warning: 'cp' may be used uninitialized in this function
