This file contains any messages produced by compilers while
running configure, to aid debugging if configure makes a mistake.

It was created by configure, which was
generated by GNU Autoconf 2.59.  Invocation command line was

  $ /home/dwesterg/data/nios2-linux/nios2-linux/insight/itcl/configure --cache-file=./config.cache --build=x86_64-unknown-linux-gnu --host=x86_64-unknown-linux-gnu --target=x86_64-unknown-linux-gnu --program-transform-name=s,y,y, --srcdir=.././itcl

## --------- ##
## Platform. ##
## --------- ##

hostname = sj-dwesterg-l
uname -m = x86_64
uname -r = 2.6.32-71.29.1.el6.x86_64
uname -s = Linux
uname -v = #1 SMP Mon Jun 27 19:49:27 BST 2011

/usr/bin/uname -p = unknown
/bin/uname -X     = unknown

/bin/arch              = x86_64
/usr/bin/arch -k       = unknown
/usr/convex/getsysinfo = unknown
hostinfo               = unknown
/bin/machine           = unknown
/usr/bin/oslevel       = unknown
/bin/universe          = unknown

PATH: /home/dwesterg/bin
PATH: /usr/bin
PATH: /usr/sbin
PATH: /bin
PATH: /sbin
PATH: /home/dwesterg/scripts
PATH: /usr/lib64/qt-3.3/bin
PATH: /usr/NX/bin
PATH: /usr/lib64/ccache
PATH: /usr/local/bin
PATH: /usr/bin
PATH: /bin
PATH: /usr/local/sbin
PATH: /usr/sbin
PATH: /sbin
PATH: /data/dwesterg/nios2-linux/nios2-linux/toolchain-mmu/x86-linux2/bin
PATH: /tools/acds/11.1/173/linux32/quartus/bin
PATH: /tools/acds/11.1/173/linux32/nios2eds/bin
PATH: /tools/acds/11.1/173/linux32/nios2eds/sdk2/bin
PATH: /tools/acds/11.1/173/linux32/nios2eds/bin/nios2-gnutools/H-i686-pc-linux-gnu/bin
PATH: /tools/acds/11.1/173/linux32/quartus/sopc_builder/bin
PATH: /tools/acds/11.1/173/linux32/modelsim_ae/linuxaloem


## ----------- ##
## Core tests. ##
## ----------- ##

configure:1137: loading cache ./config.cache
configure:1256: checking build system type
configure:1274: result: x86_64-unknown-linux-gnu
configure:1282: checking host system type
configure:1296: result: x86_64-unknown-linux-gnu
configure:1331: checking whether make sets $(MAKE)
configure:1351: result: yes
configure:1374: checking for itclsh
configure:1407: result: no
configure:1580: creating ./config.status

## ---------------------- ##
## Running config.status. ##
## ---------------------- ##

This file was extended by config.status, which was
generated by GNU Autoconf 2.59.  Invocation command line was

  CONFIG_FILES    = 
  CONFIG_HEADERS  = 
  CONFIG_LINKS    = 
  CONFIG_COMMANDS = 
  $ ./config.status 

on sj-dwesterg-l

config.status:641: creating Makefile
config.status:816: executing default commands
configure:2533: configuring in itcl
configure:2650: running /bin/sh '../.././itcl/itcl/configure' --prefix=/usr/local  '--cache-file=./config.cache' '--build=x86_64-unknown-linux-gnu' '--host=x86_64-unknown-linux-gnu' '--target=x86_64-unknown-linux-gnu' '--program-transform-name=s,y,y,' '--srcdir=.././itcl' 'build_alias=x86_64-unknown-linux-gnu' 'host_alias=x86_64-unknown-linux-gnu' 'target_alias=x86_64-unknown-linux-gnu' --cache-file=.././config.cache --srcdir=../.././itcl/itcl
configure:2533: configuring in itk
configure:2650: running /bin/sh '../.././itcl/itk/configure' --prefix=/usr/local  '--cache-file=./config.cache' '--build=x86_64-unknown-linux-gnu' '--host=x86_64-unknown-linux-gnu' '--target=x86_64-unknown-linux-gnu' '--program-transform-name=s,y,y,' '--srcdir=.././itcl' 'build_alias=x86_64-unknown-linux-gnu' 'host_alias=x86_64-unknown-linux-gnu' 'target_alias=x86_64-unknown-linux-gnu' --cache-file=.././config.cache --srcdir=../.././itcl/itk
configure:2533: configuring in iwidgets
configure:2650: running /bin/sh '../.././itcl/iwidgets/configure' --prefix=/usr/local  '--cache-file=./config.cache' '--build=x86_64-unknown-linux-gnu' '--host=x86_64-unknown-linux-gnu' '--target=x86_64-unknown-linux-gnu' '--program-transform-name=s,y,y,' '--srcdir=.././itcl' 'build_alias=x86_64-unknown-linux-gnu' 'host_alias=x86_64-unknown-linux-gnu' 'target_alias=x86_64-unknown-linux-gnu' --cache-file=.././config.cache --srcdir=../.././itcl/iwidgets

## ---------------- ##
## Cache variables. ##
## ---------------- ##

ac_cv_build=x86_64-unknown-linux-gnu
ac_cv_build_alias=x86_64-unknown-linux-gnu
ac_cv_c_compiler_gnu=yes
ac_cv_c_itclconfig=/data/dwesterg/nios2-linux/nios2-linux/insight/itcl/itcl
ac_cv_c_tclconfig=/data/dwesterg/nios2-linux/nios2-linux/insight/tcl/unix
ac_cv_c_tkconfig=/data/dwesterg/nios2-linux/nios2-linux/insight/tk/unix
ac_cv_env_CC_set=set
ac_cv_env_CC_value=gcc
ac_cv_env_CFLAGS_set=set
ac_cv_env_CFLAGS_value='-g -O2'
ac_cv_env_CPPFLAGS_set=
ac_cv_env_CPPFLAGS_value=
ac_cv_env_LDFLAGS_set=set
ac_cv_env_LDFLAGS_value=
ac_cv_env_build_alias_set=set
ac_cv_env_build_alias_value=x86_64-unknown-linux-gnu
ac_cv_env_host_alias_set=set
ac_cv_env_host_alias_value=x86_64-unknown-linux-gnu
ac_cv_env_target_alias_set=set
ac_cv_env_target_alias_value=x86_64-unknown-linux-gnu
ac_cv_exeext=
ac_cv_host=x86_64-unknown-linux-gnu
ac_cv_host_alias=x86_64-unknown-linux-gnu
ac_cv_itclstub_LIB_FILE=libitclstub3.2.a
ac_cv_objext=o
ac_cv_prog_CC=gcc
ac_cv_prog_RANLIB=ranlib
ac_cv_prog_cc_g=yes
ac_cv_prog_cc_stdc=
ac_cv_prog_make_make_set=yes

## ----------------- ##
## Output variables. ##
## ----------------- ##

DEFS='-DPACKAGE_NAME=\"\" -DPACKAGE_TARNAME=\"\" -DPACKAGE_VERSION=\"\" -DPACKAGE_STRING=\"\" -DPACKAGE_BUGREPORT=\"\" '
ECHO_C=''
ECHO_N='-n'
ECHO_T=''
LIBOBJS=''
LIBS=''
LTLIBOBJS=''
PACKAGE_BUGREPORT=''
PACKAGE_NAME=''
PACKAGE_STRING=''
PACKAGE_TARNAME=''
PACKAGE_VERSION=''
PATH_SEPARATOR=':'
SET_MAKE=''
SHELL='/bin/sh'
ac_prefix_program=''
bindir='${exec_prefix}/bin'
build='x86_64-unknown-linux-gnu'
build_alias='x86_64-unknown-linux-gnu'
build_cpu='x86_64'
build_os='linux-gnu'
build_vendor='unknown'
datadir='${prefix}/share'
exec_prefix='${prefix}'
host='x86_64-unknown-linux-gnu'
host_alias='x86_64-unknown-linux-gnu'
host_cpu='x86_64'
host_os='linux-gnu'
host_vendor='unknown'
includedir='${prefix}/include'
infodir='${prefix}/info'
libdir='${exec_prefix}/lib'
libexecdir='${exec_prefix}/libexec'
localstatedir='${prefix}/var'
mandir='${prefix}/man'
oldincludedir='/usr/include'
prefix='/usr/local'
program_transform_name='s,y,y,'
sbindir='${exec_prefix}/sbin'
sharedstatedir='${prefix}/com'
subdirs=' itcl itk iwidgets'
sysconfdir='${prefix}/etc'
target_alias='x86_64-unknown-linux-gnu'

## ----------- ##
## confdefs.h. ##
## ----------- ##

#define PACKAGE_BUGREPORT ""
#define PACKAGE_NAME ""
#define PACKAGE_STRING ""
#define PACKAGE_TARNAME ""
#define PACKAGE_VERSION ""

configure: exit 0
