This file contains any messages produced by compilers while
running configure, to aid debugging if configure makes a mistake.

It was created by configure, which was
generated by GNU Autoconf 2.59.  Invocation command line was

  $ ../.././tk/unix/configure --prefix=/usr/local --cache-file=./config.cache --build=x86_64-unknown-linux-gnu --host=x86_64-unknown-linux-gnu --target=x86_64-unknown-linux-gnu --program-transform-name=s,y,y, --srcdir=.././tk build_alias=x86_64-unknown-linux-gnu host_alias=x86_64-unknown-linux-gnu target_alias=x86_64-unknown-linux-gnu --cache-file=.././config.cache --srcdir=../.././tk/unix

## --------- ##
## Platform. ##
## --------- ##

hostname = sj-dwesterg-l
uname -m = x86_64
uname -r = 2.6.32-71.29.1.el6.x86_64
uname -s = Linux
uname -v = #1 SMP Mon Jun 27 19:49:27 BST 2011

/usr/bin/uname -p = unknown
/bin/uname -X     = unknown

/bin/arch              = x86_64
/usr/bin/arch -k       = unknown
/usr/convex/getsysinfo = unknown
hostinfo               = unknown
/bin/machine           = unknown
/usr/bin/oslevel       = unknown
/bin/universe          = unknown

PATH: /home/dwesterg/bin
PATH: /usr/bin
PATH: /usr/sbin
PATH: /bin
PATH: /sbin
PATH: /home/dwesterg/scripts
PATH: /usr/lib64/qt-3.3/bin
PATH: /usr/NX/bin
PATH: /usr/lib64/ccache
PATH: /usr/local/bin
PATH: /usr/bin
PATH: /bin
PATH: /usr/local/sbin
PATH: /usr/sbin
PATH: /sbin
PATH: /data/dwesterg/nios2-linux/nios2-linux/toolchain-mmu/x86-linux2/bin
PATH: /tools/acds/11.1/173/linux32/quartus/bin
PATH: /tools/acds/11.1/173/linux32/nios2eds/bin
PATH: /tools/acds/11.1/173/linux32/nios2eds/sdk2/bin
PATH: /tools/acds/11.1/173/linux32/nios2eds/bin/nios2-gnutools/H-i686-pc-linux-gnu/bin
PATH: /tools/acds/11.1/173/linux32/quartus/sopc_builder/bin
PATH: /tools/acds/11.1/173/linux32/modelsim_ae/linuxaloem


## ----------- ##
## Core tests. ##
## ----------- ##

configure:1222: loading cache .././config.cache
configure:1340: checking whether to use symlinks for manpages
configure:1349: result: no
configure:1352: checking compression for manpages
configure:1364: result: no
configure:1388: checking for x86_64-unknown-linux-gnu-gcc
configure:1414: result: gcc
configure:1696: checking for C compiler version
configure:1699: gcc --version </dev/null >&5
gcc (GCC) 4.4.4 20100726 (Red Hat 4.4.4-13)
Copyright (C) 2010 Free Software Foundation, Inc.
This is free software; see the source for copying conditions.  There is NO
warranty; not even for MERCHANTABILITY or FITNESS FOR A PARTICULAR PURPOSE.

configure:1702: $? = 0
configure:1704: gcc -v </dev/null >&5
Using built-in specs.
Target: x86_64-redhat-linux
Configured with: ../configure --prefix=/usr --mandir=/usr/share/man --infodir=/usr/share/info --with-bugurl=http://bugzilla.redhat.com/bugzilla --enable-bootstrap --enable-shared --enable-threads=posix --enable-checking=release --with-system-zlib --enable-__cxa_atexit --disable-libunwind-exceptions --enable-gnu-unique-object --enable-languages=c,c++,objc,obj-c++,java,fortran,ada --enable-java-awt=gtk --disable-dssi --with-java-home=/usr/lib/jvm/java-1.5.0-gcj-1.5.0.0/jre --enable-libgcj-multifile --enable-java-maintainer-mode --with-ecj-jar=/usr/share/java/eclipse-ecj.jar --disable-libjava-multilib --with-ppl --with-cloog --with-tune=generic --with-arch_32=i686 --build=x86_64-redhat-linux
Thread model: posix
gcc version 4.4.4 20100726 (Red Hat 4.4.4-13) (GCC) 
configure:1707: $? = 0
configure:1709: gcc -V </dev/null >&5
gcc: '-V' option must have argument
configure:1712: $? = 1
configure:1735: checking for C compiler default output file name
configure:1738: gcc -g -O2   conftest.c  >&5
configure:1741: $? = 0
configure:1787: result: a.out
configure:1792: checking whether the C compiler works
configure:1798: ./a.out
configure:1801: $? = 0
configure:1818: result: yes
configure:1825: checking whether we are cross compiling
configure:1827: result: no
configure:1830: checking for suffix of executables
configure:1832: gcc -o conftest -g -O2   conftest.c  >&5
configure:1835: $? = 0
configure:1860: result: 
configure:1866: checking for suffix of object files
configure:1912: result: o
configure:1916: checking whether we are using the GNU C compiler
configure:1972: result: yes
configure:1978: checking whether gcc accepts -g
configure:2029: result: yes
configure:2046: checking for gcc option to accept ANSI C
configure:2153: result: none needed
configure:2171: gcc -c -g -O2  conftest.c >&5
conftest.c:2: error: expected '=', ',', ';', 'asm' or '__attribute__' before 'me'
configure:2177: $? = 1
configure: failed program was:
| #ifndef __cplusplus
|   choke me
| #endif
configure:2321: checking how to run the C preprocessor
configure:2439: result: gcc -E
configure:2463: gcc -E  conftest.c
configure:2469: $? = 0
configure:2501: gcc -E  conftest.c
conftest.c:9:28: error: ac_nonexistent.h: No such file or directory
configure:2507: $? = 1
configure: failed program was:
| /* confdefs.h.  */
| 
| #define PACKAGE_NAME ""
| #define PACKAGE_TARNAME ""
| #define PACKAGE_VERSION ""
| #define PACKAGE_STRING ""
| #define PACKAGE_BUGREPORT ""
| /* end confdefs.h.  */
| #include <ac_nonexistent.h>
configure:2551: checking for egrep
configure:2561: result: grep -E
configure:2566: checking for ANSI C header files
configure:2722: result: yes
configure:2746: checking for sys/types.h
configure:2792: result: yes
configure:2746: checking for sys/stat.h
configure:2792: result: yes
configure:2746: checking for stdlib.h
configure:2792: result: yes
configure:2746: checking for string.h
configure:2792: result: yes
configure:2746: checking for memory.h
configure:2792: result: yes
configure:2746: checking for strings.h
configure:2792: result: yes
configure:2746: checking for inttypes.h
configure:2792: result: yes
configure:2746: checking for stdint.h
configure:2792: result: yes
configure:2746: checking for unistd.h
configure:2792: result: yes
configure:2810: checking for unistd.h
configure:2815: result: yes
configure:2810: checking for limits.h
configure:2815: result: yes
configure:2961: checking for building with threads
configure:3581: result: no (default)
configure:3594: checking if the compiler understands -pipe
configure:3614: gcc -pipe -c -g -O2  conftest.c >&5
configure:3620: $? = 0
configure:3624: test -z 
			 || test ! -s conftest.err
configure:3627: $? = 0
configure:3630: test -s conftest.o
configure:3633: $? = 0
configure:3635: result: yes
configure:3654: checking for required early compiler flags
configure:3867: result:  _LARGEFILE64_SOURCE
configure:3872: checking for 64-bit integer type
configure:3970: result: using long
configure:4191: checking for Tcl configuration
configure:4262: result: found /data/dwesterg/nios2-linux/nios2-linux/insight/tcl/unix/tclConfig.sh
configure:4268: checking for existence of /data/dwesterg/nios2-linux/nios2-linux/insight/tcl/unix/tclConfig.sh
configure:4272: result: loading
configure:4325: checking how to build libraries
configure:4347: result: static
configure:4360: checking for x86_64-unknown-linux-gnu-ranlib
configure:4386: result: ranlib
configure:4441: checking if 64bit support is requested
configure:4456: result: no
configure:4461: checking if 64bit Sparc VIS support is requested
configure:4478: result: no
configure:4485: checking system version (for dynamic loading)
configure:4505: result: Linux-2.6.32-71.29.1.el6.x86_64
configure:4513: checking for dlopen in -ldl
configure:4575: result: yes
configure:4609: checking for ar
configure:4635: result: ar
configure:6465: checking for build with symbols
configure:6479: result: no
configure:6531: checking for sin
configure:6619: result: no
configure:6627: checking for main in -lieee
configure:6683: result: yes
configure:6777: checking stdlib.h
configure:6836: result: yes
configure:6849: checking fd_set and sys/select
configure:6867: gcc -pipe -c -g -O2  conftest.c >&5
configure:6873: $? = 0
configure:6877: test -z 
			 || test ! -s conftest.err
configure:6880: $? = 0
configure:6883: test -s conftest.o
configure:6886: $? = 0
configure:6919: result: yes
configure:6933: checking for mode_t
configure:6987: result: yes
configure:6999: checking for pid_t
configure:7053: result: yes
configure:7065: checking for size_t
configure:7119: result: yes
configure:7131: checking for uid_t in sys/types.h
configure:7154: result: yes
configure:7179: checking for sys/time.h
configure:7184: result: yes
configure:7324: checking whether time.h and sys/time.h may both be included
configure:7379: result: yes
configure:7394: checking pw_gecos in struct pwd
configure:7412: gcc -pipe -c -g -O2  conftest.c >&5
configure:7418: $? = 0
configure:7422: test -z 
			 || test ! -s conftest.err
configure:7425: $? = 0
configure:7428: test -s conftest.o
configure:7431: $? = 0
configure:7441: result: yes
configure:7460: checking for X
configure:7680: result: no
configure:7738: checking for X11 header files
configure:7749: gcc -E  conftest.c
conftest.c:28:27: error: X11/Intrinsic.h: No such file or directory
configure:7755: $? = 1
configure: failed program was:
| /* confdefs.h.  */
| 
| #define PACKAGE_NAME ""
| #define PACKAGE_TARNAME ""
| #define PACKAGE_VERSION ""
| #define PACKAGE_STRING ""
| #define PACKAGE_BUGREPORT ""
| #define STDC_HEADERS 1
| #define HAVE_SYS_TYPES_H 1
| #define HAVE_SYS_STAT_H 1
| #define HAVE_STDLIB_H 1
| #define HAVE_STRING_H 1
| #define HAVE_MEMORY_H 1
| #define HAVE_STRINGS_H 1
| #define HAVE_INTTYPES_H 1
| #define HAVE_STDINT_H 1
| #define HAVE_UNISTD_H 1
| #define HAVE_UNISTD_H 1
| #define HAVE_LIMITS_H 1
| #define _LARGEFILE64_SOURCE 1
| #define TCL_WIDE_INT_IS_LONG 1
| #define STATIC_BUILD 1
| #define PEEK_XCLOSEIM 1
| #define HAVE_SYS_TIME_H 1
| #define TIME_WITH_SYS_TIME 1
| #define HAVE_PW_GECOS 1
| /* end confdefs.h.  */
| #include <X11/Intrinsic.h>
configure:7799: checking for X11 libraries
configure:7820: checking for XCreateWindow in -lXwindow
configure:7882: result: no
configure:7890: result: couldn't find any!  Using -lX11.
configure:7942: checking for main in -lXbsd
configure:7998: result: no
configure:8006: checking for connect
configure:8094: result: yes
configure:8268: checking for gethostbyname
configure:8356: result: yes
configure:8516: checking for sin
configure:8604: result: no
configure:8612: checking for main in -lieee
configure:8668: result: yes
configure:8681: checking whether char is unsigned
configure:8734: result: no
configure:8752: checking for strtod
configure:8840: result: yes
configure:8849: checking for Solaris2.4/Tru64 strtod bugs
configure:8910: result: ok
configure:9163: creating ./config.status

## ---------------------- ##
## Running config.status. ##
## ---------------------- ##

This file was extended by config.status, which was
generated by GNU Autoconf 2.59.  Invocation command line was

  CONFIG_FILES    = 
  CONFIG_HEADERS  = 
  CONFIG_LINKS    = 
  CONFIG_COMMANDS = 
  $ ./config.status 

on sj-dwesterg-l

config.status:699: creating Makefile
config.status:699: creating tkConfig.sh

## ---------------- ##
## Cache variables. ##
## ---------------- ##

ac_cv_build=x86_64-unknown-linux-gnu
ac_cv_build_alias=x86_64-unknown-linux-gnu
ac_cv_c_char_unsigned=no
ac_cv_c_compiler_gnu=yes
ac_cv_c_tclconfig=/data/dwesterg/nios2-linux/nios2-linux/insight/tcl/unix
ac_cv_env_CC_set=set
ac_cv_env_CC_value=gcc
ac_cv_env_CFLAGS_set=set
ac_cv_env_CFLAGS_value='-g -O2'
ac_cv_env_CPPFLAGS_set=
ac_cv_env_CPPFLAGS_value=
ac_cv_env_CPP_set=
ac_cv_env_CPP_value=
ac_cv_env_LDFLAGS_set=set
ac_cv_env_LDFLAGS_value=
ac_cv_env_build_alias_set=set
ac_cv_env_build_alias_value=x86_64-unknown-linux-gnu
ac_cv_env_host_alias_set=set
ac_cv_env_host_alias_value=x86_64-unknown-linux-gnu
ac_cv_env_target_alias_set=set
ac_cv_env_target_alias_value=x86_64-unknown-linux-gnu
ac_cv_exeext=
ac_cv_func_connect=yes
ac_cv_func_gethostbyname=yes
ac_cv_func_sin=no
ac_cv_func_strtod=yes
ac_cv_have_x=have_x=no
ac_cv_header_inttypes_h=yes
ac_cv_header_limits_h=yes
ac_cv_header_memory_h=yes
ac_cv_header_stdc=yes
ac_cv_header_stdint_h=yes
ac_cv_header_stdlib_h=yes
ac_cv_header_string_h=yes
ac_cv_header_strings_h=yes
ac_cv_header_sys_stat_h=yes
ac_cv_header_sys_time_h=yes
ac_cv_header_sys_types_h=yes
ac_cv_header_time=yes
ac_cv_header_unistd_h=yes
ac_cv_host=x86_64-unknown-linux-gnu
ac_cv_host_alias=x86_64-unknown-linux-gnu
ac_cv_lib_Xbsd_main=no
ac_cv_lib_Xwindow_XCreateWindow=no
ac_cv_lib_dl_dlopen=yes
ac_cv_lib_ieee_main=yes
ac_cv_objext=o
ac_cv_prog_AR=ar
ac_cv_prog_CC=gcc
ac_cv_prog_CPP='gcc -E'
ac_cv_prog_RANLIB=ranlib
ac_cv_prog_cc_g=yes
ac_cv_prog_cc_stdc=
ac_cv_prog_egrep='grep -E'
ac_cv_prog_make_make_set=yes
ac_cv_type_mode_t=yes
ac_cv_type_pid_t=yes
ac_cv_type_size_t=yes
ac_cv_type_uid_t=yes
tcl_cv_flag__isoc99_source=no
tcl_cv_flag__largefile64_source=yes
tcl_cv_strtod_buggy=1
tcl_cv_type_64bit=none

## ----------------- ##
## Output variables. ##
## ----------------- ##

AR='ar'
CC='gcc -pipe'
CC_SEARCH_FLAGS='-Wl,-rpath,${LIB_RUNTIME_DIR}:NONE'
CFLAGS='-g -O2'
CFLAGS_DEBUG='-g'
CFLAGS_DEFAULT='$(CFLAGS_OPTIMIZE)'
CFLAGS_OPTIMIZE=' -D__NO_STRING_INLINES -D__NO_MATH_INLINES'
CFLAGS_WARNING='-Wall -Wconversion -Wno-implicit-int'
CPP='gcc -E'
CPPFLAGS=''
DEFS='-DPACKAGE_NAME=\"\" -DPACKAGE_TARNAME=\"\" -DPACKAGE_VERSION=\"\" -DPACKAGE_STRING=\"\" -DPACKAGE_BUGREPORT=\"\" -DSTDC_HEADERS=1 -DHAVE_SYS_TYPES_H=1 -DHAVE_SYS_STAT_H=1 -DHAVE_STDLIB_H=1 -DHAVE_STRING_H=1 -DHAVE_MEMORY_H=1 -DHAVE_STRINGS_H=1 -DHAVE_INTTYPES_H=1 -DHAVE_STDINT_H=1 -DHAVE_UNISTD_H=1 -DHAVE_UNISTD_H=1 -DHAVE_LIMITS_H=1 -D_LARGEFILE64_SOURCE=1 -DTCL_WIDE_INT_IS_LONG=1 -DSTATIC_BUILD=1 -DPEEK_XCLOSEIM=1 -DHAVE_SYS_TIME_H=1 -DTIME_WITH_SYS_TIME=1 -DHAVE_PW_GECOS=1 '
DL_LIBS='-ldl'
DL_OBJS='tclLoadDl.o'
ECHO_C=''
ECHO_N='-n'
ECHO_T=''
EGREP='grep -E'
EXEEXT=''
EXTRA_CFLAGS=''
INSTALL_LIB='$(INSTALL_LIBRARY) $(LIB_FILE) $(LIB_INSTALL_DIR)/$(LIB_FILE) ; (cd $(LIB_INSTALL_DIR) ; $(RANLIB) $(LIB_FILE))'
INSTALL_STUB_LIB='$(INSTALL_LIBRARY) $(STUB_LIB_FILE) $(LIB_INSTALL_DIR)/$(STUB_LIB_FILE) ; (cd $(LIB_INSTALL_DIR) ; $(RANLIB) $(STUB_LIB_FILE))'
LDFLAGS='-rdynamic'
LDFLAGS_DEBUG=''
LDFLAGS_DEFAULT='$(LDFLAGS_OPTIMIZE)'
LDFLAGS_OPTIMIZE=''
LD_LIBRARY_PATH_VAR='LD_LIBRARY_PATH'
LD_SEARCH_FLAGS='-Wl,-rpath,${LIB_RUNTIME_DIR}:NONE'
LIBOBJS=''
LIBS=''
LOCALES='cs de el en en_gb es fr it nl ru'
LTLIBOBJS=''
MAKE_LIB='${STLIB_LD} $@ ${OBJS} ; ${RANLIB} $@'
MAKE_STUB_LIB='${STLIB_LD} $@ ${STUB_LIB_OBJS} ; ${RANLIB} $@'
MATH_LIBS='-lieee -lm'
MKLINKS_FLAGS=''
OBJEXT='o'
PACKAGE_BUGREPORT=''
PACKAGE_NAME=''
PACKAGE_STRING=''
PACKAGE_TARNAME=''
PACKAGE_VERSION=''
PATH_SEPARATOR=':'
PLAT_OBJS=''
RANLIB='ranlib'
SHELL='/bin/sh'
SHLIB_CFLAGS='-fPIC'
SHLIB_LD='gcc -pipe -shared'
SHLIB_LD_FLAGS=''
SHLIB_LD_LIBS='${LIBS}'
SHLIB_SUFFIX='.so'
STLIB_LD='${AR} cr'
TCL_BIN_DIR='/data/dwesterg/nios2-linux/nios2-linux/insight/tcl/unix'
TCL_LIB_FILE='libtcl8.4.a'
TCL_LIB_FLAG='-ltcl8.4'
TCL_LIB_SPEC='-L/home/dwesterg/data/nios2-linux/nios2-linux/insight/tcl/unix -ltcl8.4'
TCL_SHLIB_LD_EXTRAS=''
TCL_SRC_DIR='/home/dwesterg/data/nios2-linux/nios2-linux/insight/tcl'
TCL_STUB_FLAGS=''
TCL_STUB_LIB_FILE='libtclstub8.4.a'
TCL_STUB_LIB_FLAG='-ltclstub8.4'
TCL_STUB_LIB_SPEC='-L/home/dwesterg/data/nios2-linux/nios2-linux/insight/tcl/unix -ltclstub8.4'
TCL_THREADS='0'
TCL_VERSION='8.4'
TK_BUILD_EXP_FILE=''
TK_BUILD_LIB_SPEC='-L/home/dwesterg/data/nios2-linux/nios2-linux/insight/tk/unix -ltk8.4'
TK_BUILD_STUB_LIB_PATH='/home/dwesterg/data/nios2-linux/nios2-linux/insight/tk/unix/libtkstub8.4.a'
TK_BUILD_STUB_LIB_SPEC='-L/home/dwesterg/data/nios2-linux/nios2-linux/insight/tk/unix -ltkstub8.4'
TK_DBGX=''
TK_EXP_FILE=''
TK_LIB_FILE='libtk8.4.a'
TK_LIB_FLAG='-ltk8.4'
TK_LIB_SPEC='-L/usr/local/lib -ltk8.4'
TK_MAJOR_VERSION='8'
TK_MINOR_VERSION='4'
TK_PATCH_LEVEL='.1'
TK_SHARED_BUILD='0'
TK_SHLIB_LD_EXTRAS=''
TK_SRC_DIR='/home/dwesterg/data/nios2-linux/nios2-linux/insight/tk'
TK_STUB_FLAGS=''
TK_STUB_LIB_FILE='libtkstub8.4.a'
TK_STUB_LIB_FLAG='-ltkstub8.4'
TK_STUB_LIB_PATH='/usr/local/lib/libtkstub8.4.a'
TK_STUB_LIB_SPEC='-L/usr/local/lib -ltkstub8.4'
TK_VERSION='8.4'
XINCLUDES=''
XLIBSW='-lX11'
ac_ct_CC=''
ac_ct_RANLIB=''
bindir='${exec_prefix}/bin'
build_alias='x86_64-unknown-linux-gnu'
datadir='${prefix}/share'
exec_prefix='/usr/local'
host_alias='x86_64-unknown-linux-gnu'
includedir='${prefix}/include'
infodir='${prefix}/info'
libdir='/usr/local/lib'
libexecdir='${exec_prefix}/libexec'
localstatedir='${prefix}/var'
mandir='${prefix}/man'
oldincludedir='/usr/include'
prefix='/usr/local'
program_transform_name='s,y,y,'
sbindir='${exec_prefix}/sbin'
sharedstatedir='${prefix}/com'
sysconfdir='${prefix}/etc'
target_alias='x86_64-unknown-linux-gnu'

## ----------- ##
## confdefs.h. ##
## ----------- ##

#define HAVE_INTTYPES_H 1
#define HAVE_LIMITS_H 1
#define HAVE_MEMORY_H 1
#define HAVE_PW_GECOS 1
#define HAVE_STDINT_H 1
#define HAVE_STDLIB_H 1
#define HAVE_STRINGS_H 1
#define HAVE_STRING_H 1
#define HAVE_SYS_STAT_H 1
#define HAVE_SYS_TIME_H 1
#define HAVE_SYS_TYPES_H 1
#define HAVE_UNISTD_H 1
#define HAVE_UNISTD_H 1
#define PACKAGE_BUGREPORT ""
#define PACKAGE_NAME ""
#define PACKAGE_STRING ""
#define PACKAGE_TARNAME ""
#define PACKAGE_VERSION ""
#define PEEK_XCLOSEIM 1
#define STATIC_BUILD 1
#define STDC_HEADERS 1
#define TCL_WIDE_INT_IS_LONG 1
#define TIME_WITH_SYS_TIME 1
#define _LARGEFILE64_SOURCE 1

configure: exit 0
