This file contains any messages produced by compilers while
running configure, to aid debugging if configure makes a mistake.

It was created by configure, which was
generated by GNU Autoconf 2.59.  Invocation command line was

  $ /home/dwesterg/data/nios2-linux/nios2-linux/insight/libgui/configure --cache-file=./config.cache --build=x86_64-unknown-linux-gnu --host=x86_64-unknown-linux-gnu --target=x86_64-unknown-linux-gnu --program-transform-name=s,y,y, --srcdir=.././libgui

## --------- ##
## Platform. ##
## --------- ##

hostname = sj-dwesterg-l
uname -m = x86_64
uname -r = 2.6.32-71.29.1.el6.x86_64
uname -s = Linux
uname -v = #1 SMP Mon Jun 27 19:49:27 BST 2011

/usr/bin/uname -p = unknown
/bin/uname -X     = unknown

/bin/arch              = x86_64
/usr/bin/arch -k       = unknown
/usr/convex/getsysinfo = unknown
hostinfo               = unknown
/bin/machine           = unknown
/usr/bin/oslevel       = unknown
/bin/universe          = unknown

PATH: /home/dwesterg/bin
PATH: /usr/bin
PATH: /usr/sbin
PATH: /bin
PATH: /sbin
PATH: /home/dwesterg/scripts
PATH: /usr/lib64/qt-3.3/bin
PATH: /usr/NX/bin
PATH: /usr/lib64/ccache
PATH: /usr/local/bin
PATH: /usr/bin
PATH: /bin
PATH: /usr/local/sbin
PATH: /usr/sbin
PATH: /sbin
PATH: /data/dwesterg/nios2-linux/nios2-linux/toolchain-mmu/x86-linux2/bin
PATH: /tools/acds/11.1/173/linux32/quartus/bin
PATH: /tools/acds/11.1/173/linux32/nios2eds/bin
PATH: /tools/acds/11.1/173/linux32/nios2eds/sdk2/bin
PATH: /tools/acds/11.1/173/linux32/nios2eds/bin/nios2-gnutools/H-i686-pc-linux-gnu/bin
PATH: /tools/acds/11.1/173/linux32/quartus/sopc_builder/bin
PATH: /tools/acds/11.1/173/linux32/modelsim_ae/linuxaloem


## ----------- ##
## Core tests. ##
## ----------- ##

configure:1225: loading cache ./config.cache
configure:1352: checking for a BSD-compatible install
configure:1407: result: /usr/bin/install -c
configure:1418: checking whether build environment is sane
configure:1461: result: yes
configure:1476: checking whether make sets $(MAKE)
configure:1496: result: yes
configure:1528: checking for working aclocal-1.4
configure:1539: result: missing
configure:1543: checking for working autoconf
configure:1550: result: found
configure:1558: checking for working automake-1.4
configure:1569: result: missing
configure:1573: checking for working autoheader
configure:1580: result: found
configure:1588: checking for working makeinfo
configure:1595: result: found
configure:1609: checking whether to enable maintainer-specific portions of Makefiles
configure:1618: result: no
configure:1638: checking build system type
configure:1656: result: x86_64-unknown-linux-gnu
configure:1664: checking host system type
configure:1678: result: x86_64-unknown-linux-gnu
configure:1694: checking for x86_64-unknown-linux-gnu-gcc
configure:1720: result: gcc
configure:2002: checking for C compiler version
configure:2005: gcc --version </dev/null >&5
gcc (GCC) 4.4.4 20100726 (Red Hat 4.4.4-13)
Copyright (C) 2010 Free Software Foundation, Inc.
This is free software; see the source for copying conditions.  There is NO
warranty; not even for MERCHANTABILITY or FITNESS FOR A PARTICULAR PURPOSE.

configure:2008: $? = 0
configure:2010: gcc -v </dev/null >&5
Using built-in specs.
Target: x86_64-redhat-linux
Configured with: ../configure --prefix=/usr --mandir=/usr/share/man --infodir=/usr/share/info --with-bugurl=http://bugzilla.redhat.com/bugzilla --enable-bootstrap --enable-shared --enable-threads=posix --enable-checking=release --with-system-zlib --enable-__cxa_atexit --disable-libunwind-exceptions --enable-gnu-unique-object --enable-languages=c,c++,objc,obj-c++,java,fortran,ada --enable-java-awt=gtk --disable-dssi --with-java-home=/usr/lib/jvm/java-1.5.0-gcj-1.5.0.0/jre --enable-libgcj-multifile --enable-java-maintainer-mode --with-ecj-jar=/usr/share/java/eclipse-ecj.jar --disable-libjava-multilib --with-ppl --with-cloog --with-tune=generic --with-arch_32=i686 --build=x86_64-redhat-linux
Thread model: posix
gcc version 4.4.4 20100726 (Red Hat 4.4.4-13) (GCC) 
configure:2013: $? = 0
configure:2015: gcc -V </dev/null >&5
gcc: '-V' option must have argument
configure:2018: $? = 1
configure:2041: checking for C compiler default output file name
configure:2044: gcc -g -O2   conftest.c  >&5
configure:2047: $? = 0
configure:2093: result: a.out
configure:2098: checking whether the C compiler works
configure:2104: ./a.out
configure:2107: $? = 0
configure:2124: result: yes
configure:2131: checking whether we are cross compiling
configure:2133: result: no
configure:2136: checking for suffix of executables
configure:2138: gcc -o conftest -g -O2   conftest.c  >&5
configure:2141: $? = 0
configure:2166: result: 
configure:2172: checking for suffix of object files
configure:2218: result: o
configure:2222: checking whether we are using the GNU C compiler
configure:2278: result: yes
configure:2284: checking whether gcc accepts -g
configure:2335: result: yes
configure:2352: checking for gcc option to accept ANSI C
configure:2459: result: none needed
configure:2477: gcc -c -g -O2  conftest.c >&5
conftest.c:2: error: expected '=', ',', ';', 'asm' or '__attribute__' before 'me'
configure:2483: $? = 1
configure: failed program was:
| #ifndef __cplusplus
|   choke me
| #endif
configure:2644: checking for x86_64-unknown-linux-gnu-ranlib
configure:2670: result: ranlib
configure:2724: checking for x86_64-unknown-linux-gnu-ar
configure:2750: result: ar
configure:2803: checking for itcl_sh
configure:2830: result: $$here/$(top_builddir)/../itcl/itcl/unix/itcl_sh$(EXEEXT)
configure:2844: checking how to run the C preprocessor
configure:2962: result: gcc -E
configure:2986: gcc -E  conftest.c
configure:2992: $? = 0
configure:3024: gcc -E  conftest.c
conftest.c:11:28: error: ac_nonexistent.h: No such file or directory
configure:3030: $? = 1
configure: failed program was:
| /* confdefs.h.  */
| 
| #define PACKAGE_NAME ""
| #define PACKAGE_TARNAME ""
| #define PACKAGE_VERSION ""
| #define PACKAGE_STRING ""
| #define PACKAGE_BUGREPORT ""
| #define PACKAGE "libgui"
| #define VERSION "0.0"
| /* end confdefs.h.  */
| #include <ac_nonexistent.h>
configure:3074: checking for egrep
configure:3084: result: grep -E
configure:3091: checking for working alloca.h
configure:3143: result: yes
configure:3153: checking for alloca
configure:3225: result: yes
configure:3448: checking for ANSI C header files
configure:3604: result: yes
configure:3628: checking for sys/types.h
configure:3674: result: yes
configure:3628: checking for sys/stat.h
configure:3674: result: yes
configure:3628: checking for stdlib.h
configure:3674: result: yes
configure:3628: checking for string.h
configure:3674: result: yes
configure:3628: checking for memory.h
configure:3674: result: yes
configure:3628: checking for strings.h
configure:3674: result: yes
configure:3628: checking for inttypes.h
configure:3674: result: yes
configure:3628: checking for stdint.h
configure:3674: result: yes
configure:3628: checking for unistd.h
configure:3674: result: yes
configure:3699: checking for stddef.h
configure:3704: result: yes
configure:3699: checking for stdlib.h
configure:3704: result: yes
configure:3699: checking for getopt.h
configure:3704: result: yes
configure:3699: checking for unistd.h
configure:3704: result: yes
configure:3699: checking for fcntl.h
configure:3704: result: yes
configure:3699: checking for sys/file.h
configure:3704: result: yes
configure:3699: checking for sys/wait.h
configure:3704: result: yes
configure:3699: checking for string.h
configure:3704: result: yes
configure:3699: checking for strings.h
configure:3704: result: yes
configure:3848: checking for raise
configure:3936: result: yes
configure:3984: checking for random
configure:4072: result: yes
configure:4102: checking for cygwin32
configure:4127: result: no
configure:4163: checking for init.tcl
configure:4177: result: /data/dwesterg/nios2-linux/nios2-linux/insight/tcl/library
configure:4199: checking for Tcl configuration script
configure:4264: result: /data/dwesterg/nios2-linux/nios2-linux/insight/tcl/unix/tclConfig.sh
configure:4303: checking for Tk configuration script
configure:4368: result: /data/dwesterg/nios2-linux/nios2-linux/insight/tk/unix/tkConfig.sh
configure:4395: checking for Tcl headers in the source tree
configure:4618: result: /data/dwesterg/nios2-linux/nios2-linux/insight/tcl/generic
configure:4643: checking for Tk headers in the source tree
configure:4719: result: found in /data/dwesterg/nios2-linux/nios2-linux/insight/tk/generic
configure:4846: creating ./config.status

## ---------------------- ##
## Running config.status. ##
## ---------------------- ##

This file was extended by config.status, which was
generated by GNU Autoconf 2.59.  Invocation command line was

  CONFIG_FILES    = 
  CONFIG_HEADERS  = 
  CONFIG_LINKS    = 
  CONFIG_COMMANDS = 
  $ ./config.status 

on sj-dwesterg-l

config.status:727: creating Makefile
config.status:727: creating library/Makefile
config.status:727: creating src/Makefile
config.status:824: creating config.h
config.status:958: config.h is unchanged
config.status:1116: executing default-1 commands

## ---------------- ##
## Cache variables. ##
## ---------------- ##

ac_cv_build=x86_64-unknown-linux-gnu
ac_cv_build_alias=x86_64-unknown-linux-gnu
ac_cv_c_compiler_gnu=yes
ac_cv_c_tcl_libdir=/data/dwesterg/nios2-linux/nios2-linux/insight/tcl/library
ac_cv_c_tclconfig=/data/dwesterg/nios2-linux/nios2-linux/insight/tcl/unix
ac_cv_c_tclh=/data/dwesterg/nios2-linux/nios2-linux/insight/tcl/generic
ac_cv_c_tkconfig=/data/dwesterg/nios2-linux/nios2-linux/insight/tk/unix
ac_cv_c_tkh=/data/dwesterg/nios2-linux/nios2-linux/insight/tk/generic
ac_cv_env_CC_set=set
ac_cv_env_CC_value=gcc
ac_cv_env_CFLAGS_set=set
ac_cv_env_CFLAGS_value='-g -O2'
ac_cv_env_CPPFLAGS_set=
ac_cv_env_CPPFLAGS_value=
ac_cv_env_CPP_set=
ac_cv_env_CPP_value=
ac_cv_env_LDFLAGS_set=set
ac_cv_env_LDFLAGS_value=
ac_cv_env_build_alias_set=set
ac_cv_env_build_alias_value=x86_64-unknown-linux-gnu
ac_cv_env_host_alias_set=set
ac_cv_env_host_alias_value=x86_64-unknown-linux-gnu
ac_cv_env_target_alias_set=set
ac_cv_env_target_alias_value=x86_64-unknown-linux-gnu
ac_cv_exeext=
ac_cv_func_alloca_works=yes
ac_cv_func_raise=yes
ac_cv_func_random=yes
ac_cv_header_fcntl_h=yes
ac_cv_header_getopt_h=yes
ac_cv_header_inttypes_h=yes
ac_cv_header_memory_h=yes
ac_cv_header_stdc=yes
ac_cv_header_stddef_h=yes
ac_cv_header_stdint_h=yes
ac_cv_header_stdlib_h=yes
ac_cv_header_string_h=yes
ac_cv_header_strings_h=yes
ac_cv_header_sys_file_h=yes
ac_cv_header_sys_stat_h=yes
ac_cv_header_sys_types_h=yes
ac_cv_header_sys_wait_h=yes
ac_cv_header_unistd_h=yes
ac_cv_host=x86_64-unknown-linux-gnu
ac_cv_host_alias=x86_64-unknown-linux-gnu
ac_cv_objext=o
ac_cv_prog_AR=ar
ac_cv_prog_CC=gcc
ac_cv_prog_CPP='gcc -E'
ac_cv_prog_ITCL_SH='$$here/$(top_builddir)/../itcl/itcl/unix/itcl_sh$(EXEEXT)'
ac_cv_prog_RANLIB=ranlib
ac_cv_prog_cc_g=yes
ac_cv_prog_cc_stdc=
ac_cv_prog_egrep='grep -E'
ac_cv_prog_make_make_set=yes
ac_cv_working_alloca_h=yes
ide_cv_os_cygwin32=no

## ----------------- ##
## Output variables. ##
## ----------------- ##

ACLOCAL='/home/dwesterg/data/nios2-linux/nios2-linux/insight/missing aclocal-1.4'
ALLOCA=''
AR='ar'
AUTOCONF='autoconf'
AUTOHEADER='autoheader'
AUTOMAKE='/home/dwesterg/data/nios2-linux/nios2-linux/insight/missing automake-1.4'
CC='gcc'
CFLAGS='-g -O2'
CPP='gcc -E'
CPPFLAGS=''
CROSS_COMPILING_FALSE=''
CROSS_COMPILING_TRUE='#'
DEFS='-DHAVE_CONFIG_H'
ECHO_C=''
ECHO_N='-n'
ECHO_T=''
EGREP='grep -E'
EXEEXT=''
IDE_ENABLED_FALSE=''
IDE_ENABLED_TRUE='#'
INSTALL_DATA='/usr/bin/install -c -m 644'
INSTALL_LIBGUI_FALSE=''
INSTALL_LIBGUI_TRUE='#'
INSTALL_PROGRAM='/usr/bin/install -c'
INSTALL_SCRIPT='/usr/bin/install -c'
ITCL_SH='$$here/$(top_builddir)/../itcl/itcl/unix/itcl_sh$(EXEEXT)'
LDFLAGS=''
LIBGUI_CFLAGS=''
LIBGUI_LIBRARY_DIR='/home/dwesterg/data/nios2-linux/nios2-linux/insight/libgui/library'
LIBOBJS=''
LIBS=''
LTLIBOBJS=''
MAINT='#'
MAINTAINER_MODE_FALSE=''
MAINTAINER_MODE_TRUE='#'
MAKEINFO='makeinfo'
OBJEXT='o'
PACKAGE='libgui'
PACKAGE_BUGREPORT=''
PACKAGE_NAME=''
PACKAGE_STRING=''
PACKAGE_TARNAME=''
PACKAGE_VERSION=''
PATH_SEPARATOR=':'
RANLIB='ranlib'
RPATH_ENVVAR='LD_LIBRARY_PATH'
SET_MAKE=''
SHELL='/bin/sh'
TCLCONFIG='/data/dwesterg/nios2-linux/nios2-linux/insight/tcl/unix/tclConfig.sh'
TCLHDIR='-I/data/dwesterg/nios2-linux/nios2-linux/insight/tcl/generic'
TCL_BIN_DIR=''
TCL_BUILD_LIB_SPEC='-L/home/dwesterg/data/nios2-linux/nios2-linux/insight/tcl/unix -ltcl8.4${TCL_DBGX}'
TCL_CFLAGS=''
TCL_DEFS='-DPACKAGE_NAME=\"\" -DPACKAGE_TARNAME=\"\" -DPACKAGE_VERSION=\"\" -DPACKAGE_STRING=\"\" -DPACKAGE_BUGREPORT=\"\" -DSTDC_HEADERS=1 -DHAVE_SYS_TYPES_H=1 -DHAVE_SYS_STAT_H=1 -DHAVE_STDLIB_H=1 -DHAVE_STRING_H=1 -DHAVE_MEMORY_H=1 -DHAVE_STRINGS_H=1 -DHAVE_INTTYPES_H=1 -DHAVE_STDINT_H=1 -DHAVE_UNISTD_H=1 -DHAVE_UNISTD_H=1 -DHAVE_LIMITS_H=1 -D_LARGEFILE64_SOURCE=1 -DTCL_WIDE_INT_IS_LONG=1 -DHAVE_GETCWD=1 -DHAVE_OPENDIR=1 -DHAVE_STRSTR=1 -DHAVE_STRTOL=1 -DHAVE_STRTOLL=1 -DHAVE_STRTOULL=1 -DHAVE_TMPNAM=1 -DHAVE_WAITPID=1 -DHAVE_UNISTD_H=1 -DHAVE_SYS_PARAM_H=1 -DUSE_TERMIOS=1 -DHAVE_SYS_TIME_H=1 -DTIME_WITH_SYS_TIME=1 -DHAVE_STRUCT_TM_TM_ZONE=1 -DHAVE_TM_ZONE=1 -DHAVE_GMTIME_R=1 -DHAVE_LOCALTIME_R=1 -DHAVE_TM_GMTOFF=1 -DHAVE_TIMEZONE_VAR=1 -DHAVE_STRUCT_STAT_ST_BLKSIZE=1 -DHAVE_ST_BLKSIZE=1 -DHAVE_SIGNED_CHAR=1 -DHAVE_LANGINFO=1 -DSTATIC_BUILD=1 -DPEEK_XCLOSEIM=1 -DHAVE_SYS_IOCTL_H=1 '
TCL_LD_FLAGS='-rdynamic'
TCL_LD_SEARCH_FLAGS='-Wl,-rpath,${LIB_RUNTIME_DIR}'
TCL_LIBRARY='/data/dwesterg/nios2-linux/nios2-linux/insight/tcl/library'
TCL_LIBS='-ldl  -lieee -lm'
TCL_LIB_FILE='libtcl8.4${TCL_DBGX}.a'
TCL_LIB_FULL_PATH=''
TCL_LIB_SPEC='-L/usr/local/lib -ltcl8.4${TCL_DBGX}'
TCL_RANLIB='ranlib'
TCL_SHARED_FALSE=''
TCL_SHARED_TRUE='#'
TCL_SHLIB_CFLAGS='-fPIC'
TCL_SHLIB_LD='gcc -pipe -shared'
TKCONFIG='/data/dwesterg/nios2-linux/nios2-linux/insight/tk/unix/tkConfig.sh'
TKHDIR='-I/data/dwesterg/nios2-linux/nios2-linux/insight/tk/generic'
TK_BUILD_INCLUDES=''
TK_BUILD_LIB_SPEC='-L/home/dwesterg/data/nios2-linux/nios2-linux/insight/tk/unix -ltk8.4'
TK_DEFS='-DPACKAGE_NAME=\"\" -DPACKAGE_TARNAME=\"\" -DPACKAGE_VERSION=\"\" -DPACKAGE_STRING=\"\" -DPACKAGE_BUGREPORT=\"\" -DSTDC_HEADERS=1 -DHAVE_SYS_TYPES_H=1 -DHAVE_SYS_STAT_H=1 -DHAVE_STDLIB_H=1 -DHAVE_STRING_H=1 -DHAVE_MEMORY_H=1 -DHAVE_STRINGS_H=1 -DHAVE_INTTYPES_H=1 -DHAVE_STDINT_H=1 -DHAVE_UNISTD_H=1 -DHAVE_UNISTD_H=1 -DHAVE_LIMITS_H=1 -D_LARGEFILE64_SOURCE=1 -DTCL_WIDE_INT_IS_LONG=1 -DSTATIC_BUILD=1 -DPEEK_XCLOSEIM=1 -DHAVE_SYS_TIME_H=1 -DTIME_WITH_SYS_TIME=1 -DHAVE_PW_GECOS=1 '
TK_LIBS='-lX11 -ldl  -lieee -lm'
TK_LIB_FILE='libtk8.4.a'
TK_LIB_FULL_PATH=''
TK_LIB_SPEC='-L/usr/local/lib -ltk8.4'
TK_VERSION='8.4'
TK_XINCLUDES=''
TK_XLIBSW='-lX11'
VERSION='0.0'
ac_ct_AR=''
ac_ct_CC=''
ac_ct_RANLIB=''
bindir='${exec_prefix}/bin'
build='x86_64-unknown-linux-gnu'
build_alias='x86_64-unknown-linux-gnu'
build_cpu='x86_64'
build_os='linux-gnu'
build_vendor='unknown'
datadir='${prefix}/share'
exec_prefix='${prefix}'
host='x86_64-unknown-linux-gnu'
host_alias='x86_64-unknown-linux-gnu'
host_cpu='x86_64'
host_os='linux-gnu'
host_vendor='unknown'
includedir='${prefix}/include'
infodir='${prefix}/info'
libdir='${exec_prefix}/lib'
libexecdir='${exec_prefix}/libexec'
localstatedir='${prefix}/var'
mandir='${prefix}/man'
oldincludedir='/usr/include'
prefix='/usr/local'
program_transform_name='s,y,y,'
sbindir='${exec_prefix}/sbin'
sharedstatedir='${prefix}/com'
sysconfdir='${prefix}/etc'
target_alias='x86_64-unknown-linux-gnu'

## ----------- ##
## confdefs.h. ##
## ----------- ##

#define HAVE_ALLOCA 1
#define HAVE_ALLOCA_H 1
#define HAVE_FCNTL_H 1
#define HAVE_GETOPT_H 1
#define HAVE_INTTYPES_H 1
#define HAVE_MEMORY_H 1
#define HAVE_RAISE 1
#define HAVE_RANDOM 1
#define HAVE_STDDEF_H 1
#define HAVE_STDINT_H 1
#define HAVE_STDLIB_H 1
#define HAVE_STDLIB_H 1
#define HAVE_STRINGS_H 1
#define HAVE_STRINGS_H 1
#define HAVE_STRING_H 1
#define HAVE_STRING_H 1
#define HAVE_STRNCASECMP_DECL 1
#define HAVE_SYS_FILE_H 1
#define HAVE_SYS_STAT_H 1
#define HAVE_SYS_TYPES_H 1
#define HAVE_SYS_WAIT_H 1
#define HAVE_UNISTD_H 1
#define HAVE_UNISTD_H 1
#define PACKAGE "libgui"
#define PACKAGE_BUGREPORT ""
#define PACKAGE_NAME ""
#define PACKAGE_STRING ""
#define PACKAGE_TARNAME ""
#define PACKAGE_VERSION ""
#define STDC_HEADERS 1
#define VERSION "0.0"

configure: exit 0
