This file contains any messages produced by compilers while
running configure, to aid debugging if configure makes a mistake.

It was created by configure, which was
generated by GNU Autoconf 2.59.  Invocation command line was

  $ /home/dwesterg/data/nios2-linux/nios2-linux/insight/gdb/configure --cache-file=./config.cache --build=x86_64-unknown-linux-gnu --host=x86_64-unknown-linux-gnu --target=x86_64-unknown-linux-gnu --program-transform-name=s,y,y, --srcdir=.././gdb

## --------- ##
## Platform. ##
## --------- ##

hostname = sj-dwesterg-l
uname -m = x86_64
uname -r = 2.6.32-71.29.1.el6.x86_64
uname -s = Linux
uname -v = #1 SMP Mon Jun 27 19:49:27 BST 2011

/usr/bin/uname -p = unknown
/bin/uname -X     = unknown

/bin/arch              = x86_64
/usr/bin/arch -k       = unknown
/usr/convex/getsysinfo = unknown
hostinfo               = unknown
/bin/machine           = unknown
/usr/bin/oslevel       = unknown
/bin/universe          = unknown

PATH: /home/dwesterg/bin
PATH: /usr/bin
PATH: /usr/sbin
PATH: /bin
PATH: /sbin
PATH: /home/dwesterg/scripts
PATH: /usr/lib64/qt-3.3/bin
PATH: /usr/NX/bin
PATH: /usr/lib64/ccache
PATH: /usr/local/bin
PATH: /usr/bin
PATH: /bin
PATH: /usr/local/sbin
PATH: /usr/sbin
PATH: /sbin
PATH: /data/dwesterg/nios2-linux/nios2-linux/toolchain-mmu/x86-linux2/bin
PATH: /tools/acds/11.1/173/linux32/quartus/bin
PATH: /tools/acds/11.1/173/linux32/nios2eds/bin
PATH: /tools/acds/11.1/173/linux32/nios2eds/sdk2/bin
PATH: /tools/acds/11.1/173/linux32/nios2eds/bin/nios2-gnutools/H-i686-pc-linux-gnu/bin
PATH: /tools/acds/11.1/173/linux32/quartus/sopc_builder/bin
PATH: /tools/acds/11.1/173/linux32/modelsim_ae/linuxaloem


## ----------- ##
## Core tests. ##
## ----------- ##

configure:1255: loading cache ./config.cache
configure:1345: checking whether to enable maintainer-specific portions of Makefiles
configure:1354: result: no
configure:1378: checking for x86_64-unknown-linux-gnu-gcc
configure:1404: result: gcc
configure:1686: checking for C compiler version
configure:1689: gcc --version </dev/null >&5
gcc (GCC) 4.4.4 20100726 (Red Hat 4.4.4-13)
Copyright (C) 2010 Free Software Foundation, Inc.
This is free software; see the source for copying conditions.  There is NO
warranty; not even for MERCHANTABILITY or FITNESS FOR A PARTICULAR PURPOSE.

configure:1692: $? = 0
configure:1694: gcc -v </dev/null >&5
Using built-in specs.
Target: x86_64-redhat-linux
Configured with: ../configure --prefix=/usr --mandir=/usr/share/man --infodir=/usr/share/info --with-bugurl=http://bugzilla.redhat.com/bugzilla --enable-bootstrap --enable-shared --enable-threads=posix --enable-checking=release --with-system-zlib --enable-__cxa_atexit --disable-libunwind-exceptions --enable-gnu-unique-object --enable-languages=c,c++,objc,obj-c++,java,fortran,ada --enable-java-awt=gtk --disable-dssi --with-java-home=/usr/lib/jvm/java-1.5.0-gcj-1.5.0.0/jre --enable-libgcj-multifile --enable-java-maintainer-mode --with-ecj-jar=/usr/share/java/eclipse-ecj.jar --disable-libjava-multilib --with-ppl --with-cloog --with-tune=generic --with-arch_32=i686 --build=x86_64-redhat-linux
Thread model: posix
gcc version 4.4.4 20100726 (Red Hat 4.4.4-13) (GCC) 
configure:1697: $? = 0
configure:1699: gcc -V </dev/null >&5
gcc: '-V' option must have argument
configure:1702: $? = 1
configure:1725: checking for C compiler default output file name
configure:1728: gcc -g -O2   conftest.c  >&5
configure:1731: $? = 0
configure:1777: result: a.out
configure:1782: checking whether the C compiler works
configure:1788: ./a.out
configure:1791: $? = 0
configure:1808: result: yes
configure:1815: checking whether we are cross compiling
configure:1817: result: no
configure:1820: checking for suffix of executables
configure:1822: gcc -o conftest -g -O2   conftest.c  >&5
configure:1825: $? = 0
configure:1850: result: 
configure:1856: checking for suffix of object files
configure:1902: result: o
configure:1906: checking whether we are using the GNU C compiler
configure:1962: result: yes
configure:1968: checking whether gcc accepts -g
configure:2019: result: yes
configure:2036: checking for gcc option to accept ANSI C
configure:2143: result: none needed
configure:2161: gcc -c -g -O2  conftest.c >&5
conftest.c:2: error: expected '=', ',', ';', 'asm' or '__attribute__' before 'me'
configure:2167: $? = 1
configure: failed program was:
| #ifndef __cplusplus
|   choke me
| #endif
configure:2312: checking how to run the C preprocessor
configure:2430: result: gcc -E
configure:2454: gcc -E  conftest.c
configure:2460: $? = 0
configure:2492: gcc -E  conftest.c
conftest.c:10:28: error: ac_nonexistent.h: No such file or directory
configure:2498: $? = 1
configure: failed program was:
| /* confdefs.h.  */
| 
| #define PACKAGE_NAME ""
| #define PACKAGE_TARNAME ""
| #define PACKAGE_VERSION ""
| #define PACKAGE_STRING ""
| #define PACKAGE_BUGREPORT ""
| #define _GNU_SOURCE 1
| /* end confdefs.h.  */
| #include <ac_nonexistent.h>
configure:2542: checking for egrep
configure:2552: result: grep -E
configure:2558: checking for AIX
configure:2580: result: no
configure:2586: checking for library containing strerror
configure:2705: result: none required
configure:2715: checking for gcc option to accept ANSI C
configure:2812: result: none needed
configure:2855: checking build system type
configure:2873: result: x86_64-unknown-linux-gnu
configure:2881: checking host system type
configure:2895: result: x86_64-unknown-linux-gnu
configure:2903: checking target system type
configure:2917: result: x86_64-unknown-linux-gnu
configure:2956: checking whether NLS is requested
configure:2962: result: yes
configure:2970: checking for catalogs to be installed
configure:3002: result: 
configure:3209: checking for ANSI C header files
configure:3365: result: yes
configure:3389: checking for sys/types.h
configure:3435: result: yes
configure:3389: checking for sys/stat.h
configure:3435: result: yes
configure:3389: checking for stdlib.h
configure:3435: result: yes
configure:3389: checking for string.h
configure:3435: result: yes
configure:3389: checking for memory.h
configure:3435: result: yes
configure:3389: checking for strings.h
configure:3435: result: yes
configure:3389: checking for inttypes.h
configure:3435: result: yes
configure:3389: checking for stdint.h
configure:3435: result: yes
configure:3389: checking for unistd.h
configure:3435: result: yes
configure:3465: checking for libunwind.h
configure:3470: result: no
configure:3615: checking for libunwind-ia64.h
configure:3620: result: no
configure:4098: checking for monstartup
configure:4186: result: yes
configure:4098: checking for _mcleanup
configure:4186: result: yes
configure:4196: checking for _etext
configure:4250: result: yes
configure:4340: checking for gawk
configure:4366: result: gawk
configure:4389: checking for a BSD-compatible install
configure:4444: result: /usr/bin/install -c
configure:4455: checking whether ln -s works
configure:4459: result: yes
configure:4469: checking for x86_64-unknown-linux-gnu-ranlib
configure:4495: result: ranlib
configure:4550: checking for bison
configure:4576: result: bison -y
configure:4591: checking for x86_64-unknown-linux-gnu-ar
configure:4617: result: ar
configure:4670: checking for x86_64-unknown-linux-gnu-dlltool
configure:4696: result: dlltool
configure:4749: checking for x86_64-unknown-linux-gnu-windres
configure:4775: result: windres
configure:4830: checking for x86_64-unknown-linux-gnu-mig
configure:4859: result: no
configure:4868: checking for mig
configure:4897: result: no
configure:4913: checking for main in -lm
configure:4969: result: yes
configure:4985: checking for wctype
configure:5073: result: yes
configure:5156: checking for library containing gethostbyname
configure:5275: result: none required
configure:5284: checking for library containing socketpair
configure:5403: result: none required
configure:5420: checking for library containing waddstr
configure:5539: result: -lncurses
configure:5567: checking for library containing tgetent
configure:5686: result: none required
configure:5740: checking for ld used by GCC
configure:5803: result: ld
configure:5812: checking if the linker (ld) is GNU ld
configure:5824: result: yes
configure:5830: checking for shared library run path origin
configure:5843: result: done
configure:6270: checking for libexpat
configure:6327: result: no
configure:6353: WARNING: expat is missing or unusable; some features may be disabled.
configure:6369: checking for dirent.h that defines DIR
configure:6423: result: yes
configure:6436: checking for library containing opendir
configure:6555: result: none required
configure:6691: checking whether stat file-mode macros are broken
configure:6739: result: no
configure:6749: checking for ANSI C header files
configure:6905: result: yes
configure:6920: checking for nlist.h
configure:6925: result: yes
configure:7069: checking for link.h
configure:7121: result: yes
configure:7137: checking for machine/reg.h
configure:7142: result: no
configure:7288: checking for poll.h
configure:7293: result: yes
configure:7288: checking for sys/poll.h
configure:7293: result: yes
configure:7440: checking for proc_service.h
configure:7445: result: no
configure:7440: checking for thread_db.h
configure:7445: result: yes
configure:7440: checking for gnu/libc-version.h
configure:7445: result: yes
configure:7590: checking for stddef.h
configure:7595: result: yes
configure:7740: checking for stdlib.h
configure:7745: result: yes
configure:7890: checking for stdint.h
configure:7895: result: yes
configure:8042: checking for string.h
configure:8047: result: yes
configure:8042: checking for memory.h
configure:8047: result: yes
configure:8042: checking for strings.h
configure:8047: result: yes
configure:8192: checking for sys/fault.h
configure:8197: result: no
configure:8342: checking for sys/file.h
configure:8347: result: yes
configure:8492: checking for sys/filio.h
configure:8497: result: no
configure:8642: checking for sys/ioctl.h
configure:8647: result: yes
configure:8792: checking for sys/param.h
configure:8797: result: yes
configure:8941: checking for sys/proc.h
configure:8990: result: no
configure:9006: checking for sys/procfs.h
configure:9011: result: yes
configure:9157: checking for sys/ptrace.h
configure:9162: result: yes
configure:9157: checking for ptrace.h
configure:9162: result: no
configure:9308: checking for sys/reg.h
configure:9313: result: yes
configure:9308: checking for sys/debugreg.h
configure:9313: result: yes
configure:9458: checking for sys/select.h
configure:9463: result: yes
configure:9608: checking for sys/syscall.h
configure:9613: result: yes
configure:9758: checking for sys/types.h
configure:9763: result: yes
configure:9907: checking for sys/user.h
configure:9956: result: yes
configure:9973: checking for sys/wait.h
configure:9978: result: yes
configure:9973: checking for wait.h
configure:9978: result: yes
configure:10125: checking for termios.h
configure:10130: result: yes
configure:10125: checking for termio.h
configure:10130: result: yes
configure:10125: checking for sgtty.h
configure:10130: result: yes
configure:10275: checking for unistd.h
configure:10280: result: yes
configure:10442: checking for curses.h
configure:10447: result: yes
configure:10442: checking for cursesX.h
configure:10447: result: no
configure:10442: checking for ncurses.h
configure:10447: result: yes
configure:10442: checking for ncurses/ncurses.h
configure:10447: result: yes
configure:10592: checking for ncurses/term.h
configure:10597: result: yes
configure:10741: checking for term.h
configure:10790: result: yes
configure:10810: checking for ctype.h
configure:10815: result: yes
configure:10810: checking for time.h
configure:10815: result: yes
configure:10970: checking for uintmax_t
configure:10996: gcc -c -g -O2  conftest.c >&5
configure:11002: $? = 0
configure:11006: test -z 
			 || test ! -s conftest.err
configure:11009: $? = 0
configure:11012: test -s conftest.o
configure:11015: $? = 0
configure:11026: result: yes
configure:11034: checking for uintptr_t
configure:11060: gcc -c -g -O2  conftest.c >&5
configure:11066: $? = 0
configure:11070: test -z 
			 || test ! -s conftest.err
configure:11073: $? = 0
configure:11076: test -s conftest.o
configure:11079: $? = 0
configure:11090: result: yes
configure:11098: checking for int_least32_t
configure:11124: gcc -c -g -O2  conftest.c >&5
configure:11130: $? = 0
configure:11134: test -z 
			 || test ! -s conftest.err
configure:11137: $? = 0
configure:11140: test -s conftest.o
configure:11143: $? = 0
configure:11154: result: yes
configure:11162: checking for int_fast32_t
configure:11188: gcc -c -g -O2  conftest.c >&5
configure:11194: $? = 0
configure:11198: test -z 
			 || test ! -s conftest.err
configure:11201: $? = 0
configure:11204: test -s conftest.o
configure:11207: $? = 0
configure:11218: result: yes
configure:11226: checking for uint64_t
configure:11252: gcc -c -g -O2  conftest.c >&5
configure:11258: $? = 0
configure:11262: test -z 
			 || test ! -s conftest.err
configure:11265: $? = 0
configure:11268: test -s conftest.o
configure:11271: $? = 0
configure:11282: result: yes
configure:11628: checking what to include in gdb_stdint.h
configure:11648: result: stdint.h (already complete)
configure:13809: checking whether free is declared
configure:13863: result: yes
configure:13879: checking whether malloc is declared
configure:13933: result: yes
configure:13949: checking whether realloc is declared
configure:14003: result: yes
configure:14021: checking whether strerror is declared
configure:14075: result: yes
configure:14091: checking whether strstr is declared
configure:14145: result: yes
configure:14163: checking whether getopt is declared
configure:14217: result: yes
configure:14233: checking whether snprintf is declared
configure:14287: result: yes
configure:14303: checking whether vsnprintf is declared
configure:14357: result: yes
configure:14380: checking for struct stat.st_blocks
configure:14479: result: yes
configure:14490: checking for struct stat.st_blksize
configure:14589: result: yes
configure:14605: checking return type of signal handlers
configure:14666: result: void
configure:14674: checking for socklen_t
configure:14731: result: yes
configure:14742: checking for uintptr_t
configure:14797: result: yes
configure:14813: checking for an ANSI C-conforming const
configure:14910: result: yes
configure:14920: checking for inline
configure:14972: result: inline
configure:14998: checking for working alloca.h
configure:15050: result: yes
configure:15060: checking for alloca
configure:15132: result: yes
configure:15361: checking for stdlib.h
configure:15366: result: yes
configure:15361: checking for unistd.h
configure:15366: result: yes
configure:15510: checking for getpagesize
configure:15598: result: yes
configure:15608: checking for working mmap
configure:15772: result: yes
configure:15783: checking for pid_t
configure:15837: result: yes
configure:15855: checking for unistd.h
configure:15860: result: yes
configure:15855: checking for vfork.h
configure:15860: result: no
configure:16005: checking for fork
configure:16093: result: yes
configure:16005: checking for vfork
configure:16093: result: yes
configure:16104: checking for working fork
configure:16149: result: yes
configure:16170: checking for working vfork
configure:16303: result: yes
configure:16339: checking for canonicalize_file_name
configure:16427: result: yes
configure:16339: checking for realpath
configure:16427: result: yes
configure:16442: checking for getuid
configure:16530: result: yes
configure:16442: checking for getgid
configure:16530: result: yes
configure:16544: checking for poll
configure:16632: result: yes
configure:16646: checking for pread64
configure:16734: result: yes
configure:16748: checking for sbrk
configure:16836: result: yes
configure:16851: checking for setpgid
configure:16939: result: yes
configure:16851: checking for setpgrp
configure:16939: result: yes
configure:16955: checking for sigaction
configure:17043: result: yes
configure:16955: checking for sigprocmask
configure:17043: result: yes
configure:16955: checking for sigsetmask
configure:17043: result: yes
configure:17057: checking for socketpair
configure:17145: result: yes
configure:17159: checking for syscall
configure:17247: result: yes
configure:17261: checking for ttrace
configure:17349: result: no
configure:17363: checking for wborder
configure:17451: result: yes
configure:17476: checking whether ptrace is declared
configure:17531: result: yes
configure:17553: checking return type of ptrace
configure:17604: result: long
configure:17612: checking types of arguments for ptrace
configure:17729: result: int,int,long,long
configure:17749: checking whether setpgrp takes no argument
configure:17803: result: yes
configure:17884: checking for sigsetjmp
configure:17937: result: yes
configure:17952: checking for GNU regex
configure:18006: result: yes
configure:18029: checking for struct thread.td_pcb
configure:18134: result: no
configure:18147: checking for struct lwp
configure:18199: result: no
configure:18210: checking for struct reg in machine/reg.h
configure:18262: result: no
configure:18274: checking for struct reg.r_fs
configure:18375: result: no
configure:18385: checking for struct reg.r_gs
configure:18486: result: no
configure:18499: checking for PTRACE_GETREGS
configure:18551: result: yes
configure:18562: checking for PTRACE_GETFPXREGS
configure:18614: result: yes
configure:18625: checking for PT_GETDBREGS
configure:18678: result: no
configure:18689: checking for PT_GETXMMREGS
configure:18742: result: no
configure:18796: checking for pstatus_t in sys/procfs.h
configure:18858: result: no
configure:18861: checking for prrun_t in sys/procfs.h
configure:18923: result: no
configure:18926: checking for gregset_t in sys/procfs.h
configure:18988: result: no
configure:18991: checking for fpregset_t in sys/procfs.h
configure:19053: result: no
configure:19056: checking for prgregset_t in sys/procfs.h
configure:19118: result: yes
configure:19121: checking for prfpregset_t in sys/procfs.h
configure:19183: result: yes
configure:19186: checking for prgregset32_t in sys/procfs.h
configure:19248: result: no
configure:19251: checking for prfpregset32_t in sys/procfs.h
configure:19313: result: no
configure:19316: checking for lwpid_t in sys/procfs.h
configure:19378: result: yes
configure:19381: checking for psaddr_t in sys/procfs.h
configure:19443: result: yes
configure:19446: checking for prsysent_t in sys/procfs.h
configure:19508: result: no
configure:19511: checking for pr_sigset_t in sys/procfs.h
configure:19573: result: no
configure:19576: checking for pr_sigaction64_t in sys/procfs.h
configure:19638: result: no
configure:19641: checking for pr_siginfo64_t in sys/procfs.h
configure:19703: result: no
configure:19711: checking whether prfpregset_t type is broken
configure:19757: result: no
configure:19769: checking for PIOCSET ioctl entry in sys/procfs.h
configure:19827: result: no
configure:19840: checking for member l_addr in struct link_map
configure:19892: result: yes
configure:19903: checking for member lm_addr in struct link_map
configure:19956: result: no
configure:19967: checking for member som_addr in struct so_map
configure:20023: result: no
configure:20034: checking for struct link_map32 in sys/link.h
configure:20087: result: no
configure:20105: checking for long long support in compiler
configure:20156: result: yes
configure:20168: checking for long long support in printf
configure:20221: result: yes
configure:20236: checking for long double support in compiler
configure:20280: result: yes
configure:20292: checking for long double support in printf
configure:20341: result: yes
configure:20353: checking for long double support in scanf
configure:20402: result: yes
configure:20803: checking whether <thread_db.h> has TD_NOTALLOC
configure:20856: result: yes
configure:20868: checking whether <sys/syscall.h> has __NR_tkill
configure:20921: result: yes
configure:21047: checking compiler warning flags
configure:21073: gcc -c -g -O2 -Wimplicit  conftest.c >&5
configure:21079: $? = 0
configure:21083: test -z 
			 || test ! -s conftest.err
configure:21086: $? = 0
configure:21089: test -s conftest.o
configure:21092: $? = 0
configure:21073: gcc -c -g -O2 -Wreturn-type  conftest.c >&5
configure:21079: $? = 0
configure:21083: test -z 
			 || test ! -s conftest.err
configure:21086: $? = 0
configure:21089: test -s conftest.o
configure:21092: $? = 0
configure:21073: gcc -c -g -O2 -Wcomment  conftest.c >&5
configure:21079: $? = 0
configure:21083: test -z 
			 || test ! -s conftest.err
configure:21086: $? = 0
configure:21089: test -s conftest.o
configure:21092: $? = 0
configure:21073: gcc -c -g -O2 -Wtrigraphs  conftest.c >&5
configure:21079: $? = 0
configure:21083: test -z 
			 || test ! -s conftest.err
configure:21086: $? = 0
configure:21089: test -s conftest.o
configure:21092: $? = 0
configure:21073: gcc -c -g -O2 -Wformat  conftest.c >&5
configure:21079: $? = 0
configure:21083: test -z 
			 || test ! -s conftest.err
configure:21086: $? = 0
configure:21089: test -s conftest.o
configure:21092: $? = 0
configure:21073: gcc -c -g -O2 -Wparentheses  conftest.c >&5
configure:21079: $? = 0
configure:21083: test -z 
			 || test ! -s conftest.err
configure:21086: $? = 0
configure:21089: test -s conftest.o
configure:21092: $? = 0
configure:21073: gcc -c -g -O2 -Wpointer-arith  conftest.c >&5
configure:21079: $? = 0
configure:21083: test -z 
			 || test ! -s conftest.err
configure:21086: $? = 0
configure:21089: test -s conftest.o
configure:21092: $? = 0
configure:21073: gcc -c -g -O2 -Wformat-nonliteral  conftest.c >&5
cc1: warning: -Wformat-nonliteral ignored without -Wformat
configure:21079: $? = 0
configure:21083: test -z 
			 || test ! -s conftest.err
configure:21086: $? = 0
configure:21089: test -s conftest.o
configure:21092: $? = 0
configure:21073: gcc -c -g -O2 -Wunused-label  conftest.c >&5
configure:21079: $? = 0
configure:21083: test -z 
			 || test ! -s conftest.err
configure:21086: $? = 0
configure:21089: test -s conftest.o
configure:21092: $? = 0
configure:21073: gcc -c -g -O2 -Wunused-function  conftest.c >&5
configure:21079: $? = 0
configure:21083: test -z 
			 || test ! -s conftest.err
configure:21086: $? = 0
configure:21089: test -s conftest.o
configure:21092: $? = 0
configure:21073: gcc -c -g -O2 -Wno-pointer-sign  conftest.c >&5
configure:21079: $? = 0
configure:21083: test -z 
			 || test ! -s conftest.err
configure:21086: $? = 0
configure:21089: test -s conftest.o
configure:21092: $? = 0
configure:21073: gcc -c -g -O2 -Wuninitialized  conftest.c >&5
configure:21079: $? = 0
configure:21083: test -z 
			 || test ! -s conftest.err
configure:21086: $? = 0
configure:21089: test -s conftest.o
configure:21092: $? = 0
configure:21104: result:  -Wimplicit -Wreturn-type -Wcomment -Wtrigraphs -Wformat -Wparentheses -Wpointer-arith -Wformat-nonliteral -Wunused-label -Wunused-function -Wno-pointer-sign -Wuninitialized
configure:21111: checking for cygwin
configure:21136: result: no
configure:21218: checking for Tcl configuration
configure:21281: result: found /data/dwesterg/nios2-linux/nios2-linux/insight/tcl/unix/tclConfig.sh
configure:21331: checking for Tk configuration
configure:21394: result: found /data/dwesterg/nios2-linux/nios2-linux/insight/tk/unix/tkConfig.sh
configure:21437: checking for Tcl private headers. dir=unix
configure:21665: result: found in /data/dwesterg/nios2-linux/nios2-linux/insight/tcl/generic
configure:21689: checking for Tk private headers
configure:21911: result: found in /data/dwesterg/nios2-linux/nios2-linux/insight/tk/generic
configure:21926: checking for Itcl private headers. srcdir=.././gdb
configure:21951: checking for Itk private headers. srcdir=.././gdb
configure:22001: checking for Itcl configuration
configure:22064: result: found /data/dwesterg/nios2-linux/nios2-linux/insight/itcl/itcl/itclConfig.sh
configure:22108: checking for Itk configuration
configure:22171: result: found /data/dwesterg/nios2-linux/nios2-linux/insight/itcl/itk/itkConfig.sh
configure:22244: checking for X
configure:22464: result: no
configure:22646: checking whether gdbserver is supported on this host
configure:22649: result: yes
configure:22755: checking for iconv
configure:22867: result: yes
configure:22875: checking for iconv declaration
configure:22943: result: 
         extern size_t iconv (iconv_t cd, char * *inbuf, size_t *inbytesleft, char * *outbuf, size_t *outbytesleft);
configure:23063: creating ./config.status

## ---------------------- ##
## Running config.status. ##
## ---------------------- ##

This file was extended by config.status, which was
generated by GNU Autoconf 2.59.  Invocation command line was

  CONFIG_FILES    = 
  CONFIG_HEADERS  = 
  CONFIG_LINKS    = 
  CONFIG_COMMANDS = 
  $ ./config.status 

on sj-dwesterg-l

config.status:820: creating Makefile
config.status:820: creating .gdbinit
config.status:917: creating config.h
config.status:1305: config.h is unchanged
config.status:1362: linking .././gdb/solib.h to tm.h
config.status:1362: linking .././gdb/config/i386/nm-linux64.h to nm.h
config.status:1599: executing gdb_stdint.h commands
config.status:1599: executing default commands
configure:24857: configuring in doc
configure:24974: running /bin/sh '../.././gdb/doc/configure' --prefix=/usr/local  '--cache-file=./config.cache' '--build=x86_64-unknown-linux-gnu' '--host=x86_64-unknown-linux-gnu' '--target=x86_64-unknown-linux-gnu' '--program-transform-name=s,y,y,' '--srcdir=.././gdb' 'CC=gcc' 'CFLAGS=-g -O2' 'LDFLAGS=' 'build_alias=x86_64-unknown-linux-gnu' 'host_alias=x86_64-unknown-linux-gnu' 'target_alias=x86_64-unknown-linux-gnu' --cache-file=.././config.cache --srcdir=../.././gdb/doc
configure:24857: configuring in testsuite
configure:24974: running /bin/sh '../.././gdb/testsuite/configure' --prefix=/usr/local  '--cache-file=./config.cache' '--build=x86_64-unknown-linux-gnu' '--host=x86_64-unknown-linux-gnu' '--target=x86_64-unknown-linux-gnu' '--program-transform-name=s,y,y,' '--srcdir=.././gdb' 'CC=gcc' 'CFLAGS=-g -O2' 'LDFLAGS=' 'build_alias=x86_64-unknown-linux-gnu' 'host_alias=x86_64-unknown-linux-gnu' 'target_alias=x86_64-unknown-linux-gnu' --cache-file=.././config.cache --srcdir=../.././gdb/testsuite
configure:24857: configuring in gdbtk
configure:24974: running /bin/sh '../.././gdb/gdbtk/configure' --prefix=/usr/local  '--cache-file=./config.cache' '--build=x86_64-unknown-linux-gnu' '--host=x86_64-unknown-linux-gnu' '--target=x86_64-unknown-linux-gnu' '--program-transform-name=s,y,y,' '--srcdir=.././gdb' 'CC=gcc' 'CFLAGS=-g -O2' 'LDFLAGS=' 'build_alias=x86_64-unknown-linux-gnu' 'host_alias=x86_64-unknown-linux-gnu' 'target_alias=x86_64-unknown-linux-gnu' --cache-file=.././config.cache --srcdir=../.././gdb/gdbtk
configure:24857: configuring in gdbserver
configure:24974: running /bin/sh '../.././gdb/gdbserver/configure' --prefix=/usr/local  '--cache-file=./config.cache' '--build=x86_64-unknown-linux-gnu' '--host=x86_64-unknown-linux-gnu' '--target=x86_64-unknown-linux-gnu' '--program-transform-name=s,y,y,' '--srcdir=.././gdb' 'CC=gcc' 'CFLAGS=-g -O2' 'LDFLAGS=' 'build_alias=x86_64-unknown-linux-gnu' 'host_alias=x86_64-unknown-linux-gnu' 'target_alias=x86_64-unknown-linux-gnu' --cache-file=.././config.cache --srcdir=../.././gdb/gdbserver

## ---------------- ##
## Cache variables. ##
## ---------------- ##

ac_cv_build=x86_64-unknown-linux-gnu
ac_cv_build_alias=x86_64-unknown-linux-gnu
ac_cv_c_compiler_gnu=yes
ac_cv_c_const=yes
ac_cv_c_inline=inline
ac_cv_c_itclconfig=/data/dwesterg/nios2-linux/nios2-linux/insight/itcl/itcl
ac_cv_c_itclh=/data/dwesterg/nios2-linux/nios2-linux/insight/itcl/itcl/generic
ac_cv_c_itkconfig=/data/dwesterg/nios2-linux/nios2-linux/insight/itcl/itk
ac_cv_c_itkh=/data/dwesterg/nios2-linux/nios2-linux/insight/itcl/itk/generic
ac_cv_c_tclconfig=/data/dwesterg/nios2-linux/nios2-linux/insight/tcl/unix
ac_cv_c_tclh=/data/dwesterg/nios2-linux/nios2-linux/insight/tcl/generic
ac_cv_c_tkconfig=/data/dwesterg/nios2-linux/nios2-linux/insight/tk/unix
ac_cv_c_tkh=/data/dwesterg/nios2-linux/nios2-linux/insight/tk/generic
ac_cv_env_CC_set=set
ac_cv_env_CC_value=gcc
ac_cv_env_CFLAGS_set=set
ac_cv_env_CFLAGS_value='-g -O2'
ac_cv_env_CPPFLAGS_set=
ac_cv_env_CPPFLAGS_value=
ac_cv_env_CPP_set=
ac_cv_env_CPP_value=
ac_cv_env_LDFLAGS_set=set
ac_cv_env_LDFLAGS_value=
ac_cv_env_build_alias_set=set
ac_cv_env_build_alias_value=x86_64-unknown-linux-gnu
ac_cv_env_host_alias_set=set
ac_cv_env_host_alias_value=x86_64-unknown-linux-gnu
ac_cv_env_target_alias_set=set
ac_cv_env_target_alias_value=x86_64-unknown-linux-gnu
ac_cv_exeext=
ac_cv_func__mcleanup=yes
ac_cv_func_alloca_works=yes
ac_cv_func_canonicalize_file_name=yes
ac_cv_func_fork=yes
ac_cv_func_fork_works=yes
ac_cv_func_getgid=yes
ac_cv_func_getpagesize=yes
ac_cv_func_getuid=yes
ac_cv_func_mmap_fixed_mapped=yes
ac_cv_func_monstartup=yes
ac_cv_func_poll=yes
ac_cv_func_pread64=yes
ac_cv_func_realpath=yes
ac_cv_func_sbrk=yes
ac_cv_func_setpgid=yes
ac_cv_func_setpgrp=yes
ac_cv_func_setpgrp_void=yes
ac_cv_func_sigaction=yes
ac_cv_func_sigprocmask=yes
ac_cv_func_sigsetmask=yes
ac_cv_func_socketpair=yes
ac_cv_func_syscall=yes
ac_cv_func_ttrace=no
ac_cv_func_vfork=yes
ac_cv_func_vfork_works=yes
ac_cv_func_wborder=yes
ac_cv_func_wctype=yes
ac_cv_have_decl_free=yes
ac_cv_have_decl_getopt=yes
ac_cv_have_decl_malloc=yes
ac_cv_have_decl_ptrace=yes
ac_cv_have_decl_realloc=yes
ac_cv_have_decl_snprintf=yes
ac_cv_have_decl_strerror=yes
ac_cv_have_decl_strstr=yes
ac_cv_have_decl_vsnprintf=yes
ac_cv_have_x=have_x=no
ac_cv_header_arpa_inet_h=yes
ac_cv_header_ctype_h=yes
ac_cv_header_cursesX_h=no
ac_cv_header_curses_h=yes
ac_cv_header_dirent_dirent_h=yes
ac_cv_header_gnu_libc_version_h=yes
ac_cv_header_inttypes_h=yes
ac_cv_header_libunwind_h=no
ac_cv_header_libunwind_ia64_h=no
ac_cv_header_link_h=yes
ac_cv_header_linux_elf_h=yes
ac_cv_header_machine_reg_h=no
ac_cv_header_memory_h=yes
ac_cv_header_ncurses_h=yes
ac_cv_header_ncurses_ncurses_h=yes
ac_cv_header_ncurses_term_h=yes
ac_cv_header_netdb_h=yes
ac_cv_header_netinet_in_h=yes
ac_cv_header_netinet_tcp_h=yes
ac_cv_header_nlist_h=yes
ac_cv_header_poll_h=yes
ac_cv_header_proc_service_h=no
ac_cv_header_pthread_h=yes
ac_cv_header_ptrace_h=no
ac_cv_header_sgtty_h=yes
ac_cv_header_stat_broken=no
ac_cv_header_stdc=yes
ac_cv_header_stddef_h=yes
ac_cv_header_stdint_h=yes
ac_cv_header_stdlib_h=yes
ac_cv_header_string_h=yes
ac_cv_header_strings_h=yes
ac_cv_header_sys_debugreg_h=yes
ac_cv_header_sys_fault_h=no
ac_cv_header_sys_file_h=yes
ac_cv_header_sys_filio_h=no
ac_cv_header_sys_ioctl_h=yes
ac_cv_header_sys_param_h=yes
ac_cv_header_sys_poll_h=yes
ac_cv_header_sys_proc_h=no
ac_cv_header_sys_procfs_h=yes
ac_cv_header_sys_ptrace_h=yes
ac_cv_header_sys_reg_h=yes
ac_cv_header_sys_select_h=yes
ac_cv_header_sys_socket_h=yes
ac_cv_header_sys_stat_h=yes
ac_cv_header_sys_syscall_h=yes
ac_cv_header_sys_types_h=yes
ac_cv_header_sys_user_h=yes
ac_cv_header_sys_wait_h=yes
ac_cv_header_term_h=yes
ac_cv_header_terminal_h=no
ac_cv_header_termio_h=yes
ac_cv_header_termios_h=yes
ac_cv_header_thread_db_h=yes
ac_cv_header_time_h=yes
ac_cv_header_unistd_h=yes
ac_cv_header_vfork_h=no
ac_cv_header_wait_h=yes
ac_cv_host=x86_64-unknown-linux-gnu
ac_cv_host_alias=x86_64-unknown-linux-gnu
ac_cv_lib_m_main=yes
ac_cv_libexpat=no
ac_cv_member_struct_reg_r_fs=no
ac_cv_member_struct_reg_r_gs=no
ac_cv_member_struct_stat_st_blksize=yes
ac_cv_member_struct_stat_st_blocks=yes
ac_cv_member_struct_thread_td_pcb=no
ac_cv_objext=o
ac_cv_prog_AR=ar
ac_cv_prog_AWK=gawk
ac_cv_prog_CC=gcc
ac_cv_prog_CPP='gcc -E'
ac_cv_prog_DLLTOOL=dlltool
ac_cv_prog_RANLIB=ranlib
ac_cv_prog_WINDRES=windres
ac_cv_prog_YACC='bison -y'
ac_cv_prog_cc_g=yes
ac_cv_prog_cc_stdc=
ac_cv_prog_egrep='grep -E'
ac_cv_prog_make_make_set=yes
ac_cv_search_gethostbyname='none required'
ac_cv_search_opendir='none required'
ac_cv_search_socketpair='none required'
ac_cv_search_strerror='none required'
ac_cv_search_tgetent='none required'
ac_cv_search_waddstr=-lncurses
ac_cv_target=x86_64-unknown-linux-gnu
ac_cv_target_alias=x86_64-unknown-linux-gnu
ac_cv_type_int_fast32_t=yes
ac_cv_type_int_least32_t=yes
ac_cv_type_pid_t=yes
ac_cv_type_signal=void
ac_cv_type_socklen_t=yes
ac_cv_type_u_int64_t=no
ac_cv_type_uint64_t=yes
ac_cv_type_uintmax_t=yes
ac_cv_type_uintptr_t=yes
ac_cv_var__etext=yes
ac_cv_working_alloca_h=yes
acl_cv_hardcode_direct=no
acl_cv_hardcode_libdir_flag_spec='${wl}-rpath ${wl}$libdir'
acl_cv_hardcode_libdir_separator=
acl_cv_hardcode_minus_L=no
acl_cv_libext=a
acl_cv_path_LD=ld
acl_cv_prog_gnu_ld=yes
acl_cv_rpath=done
acl_cv_shlibext=so
acl_cv_wl=-Wl,
acx_cv_header_stdint=stdint.h
acx_cv_header_stdint_kind='(already complete)'
am_cv_CC_dependencies_compiler_type=none
am_cv_func_iconv=yes
am_cv_lib_iconv=no
am_cv_prog_cc_stdc=
am_cv_proto_iconv='extern size_t iconv (iconv_t cd, char * *inbuf, size_t *inbytesleft, char * *outbuf, size_t *outbytesleft);'
am_cv_proto_iconv_arg1=
bfd_cv_have_sys_procfs_type_elf_fpregset_t=yes
bfd_cv_have_sys_procfs_type_fpregset_t=no
bfd_cv_have_sys_procfs_type_gregset_t=no
bfd_cv_have_sys_procfs_type_lwpid_t=yes
bfd_cv_have_sys_procfs_type_pr_sigaction64_t=no
bfd_cv_have_sys_procfs_type_pr_siginfo64_t=no
bfd_cv_have_sys_procfs_type_pr_sigset_t=no
bfd_cv_have_sys_procfs_type_prfpregset32_t=no
bfd_cv_have_sys_procfs_type_prfpregset_t=yes
bfd_cv_have_sys_procfs_type_prgregset32_t=no
bfd_cv_have_sys_procfs_type_prgregset_t=yes
bfd_cv_have_sys_procfs_type_prrun_t=no
bfd_cv_have_sys_procfs_type_prsysent_t=no
bfd_cv_have_sys_procfs_type_psaddr_t=yes
bfd_cv_have_sys_procfs_type_pstatus_t=no
gdb_cv_c_long_double=yes
gdb_cv_c_long_long=yes
gdb_cv_func_ptrace_args=int,int,long,long
gdb_cv_func_ptrace_ret=long
gdb_cv_func_sigsetjmp=yes
gdb_cv_have_gnu_regex=yes
gdb_cv_have_procfs_piocset=no
gdb_cv_have_pt_getdbregs=no
gdb_cv_have_pt_getxmmregs=no
gdb_cv_have_ptrace_getfpxregs=yes
gdb_cv_have_ptrace_getregs=yes
gdb_cv_have_struct_link_map32=no
gdb_cv_have_struct_link_map_with_l_members=yes
gdb_cv_have_struct_link_map_with_lm_members=no
gdb_cv_have_struct_so_map_with_som_members=no
gdb_cv_os_cygwin=no
gdb_cv_prfpregset_t_broken=no
gdb_cv_printf_has_long_double=yes
gdb_cv_printf_has_long_long=yes
gdb_cv_scanf_has_long_double=yes
gdb_cv_struct_lwp=no
gdb_cv_struct_reg=no
gdb_cv_sys_syscall_h_has_tkill=yes
gdb_cv_thread_db_h_has_td_notalloc=yes
gdbsrv_cv_have_ptrace_getfpxregs=yes
gdbsrv_cv_have_ptrace_getregs=yes
gdbsrv_cv_have_td_version=yes
srv_cv_thread_db=-lthread_db
srv_cv_tls_get_addr=yes

## ----------------- ##
## Output variables. ##
## ----------------- ##

ALLOCA=''
AR='ar'
AWK='gawk'
CATALOGS=''
CATOBJEXT='.gmo'
CC='gcc'
CFLAGS='-g -O2'
CONFIG_ALL=' all-po all-gdbtk all-tui'
CONFIG_CLEAN=' clean-po clean-gdbtk clean-tui'
CONFIG_DEPS=' $(SUBDIR_CLI_DEPS) $(SUBDIR_MI_DEPS) $(SUBDIR_GDBTK_DEPS) $(SUBDIR_TUI_DEPS)'
CONFIG_INSTALL=' install-po install-gdbtk install-tui'
CONFIG_LDFLAGS=''
CONFIG_OBS=' $(SUBDIR_CLI_OBS) $(SUBDIR_MI_OBS) posix-hdep.o $(SUBDIR_GDBTK_OBS) $(SUBDIR_TUI_OBS)'
CONFIG_SRCS=' $(SUBDIR_CLI_SRCS) $(SUBDIR_MI_SRCS) $(SUBDIR_GDBTK_SRCS) $(SUBDIR_TUI_SRCS)'
CONFIG_UNINSTALL=' uninstall-po uninstall-gdbtk uninstall-tui'
CPP='gcc -E'
CPPFLAGS=''
DATADIRNAME='share'
DEFS='-DHAVE_CONFIG_H'
DLLTOOL='dlltool'
ECHO_C=''
ECHO_N='-n'
ECHO_T=''
EGREP='grep -E'
ENABLE_CFLAGS=' $(SUBDIR_CLI_CFLAGS) $(SUBDIR_MI_CFLAGS) $(SUBDIR_GDBTK_CFLAGS) $(SUBDIR_TUI_CFLAGS)'
EXEEXT=''
GDBTKLIBS='$(LIBGUI) $(ITCL) $(ITK) $(TK) $(TCL) $(X11_LDFLAGS) $(X11_LIBS) -lX11 -ldl  -lieee -lm'
GDBTK_CFLAGS=''
GDBTK_SRC_DIR='/home/dwesterg/data/nios2-linux/nios2-linux/insight/gdb'
GENCAT='gencat'
GMSGFMT='/usr/bin/msgfmt'
GUI_CFLAGS_X='-I.././gdb/../libgui/src'
HAVE_LIBEXPAT='no'
IGNORE_SIM=''
IGNORE_SIM_OBS=''
INCINTL=''
INSTALL_DATA='/usr/bin/install -c -m 644'
INSTALL_PROGRAM='/usr/bin/install -c'
INSTALL_SCRIPT='/usr/bin/install -c'
INSTOBJEXT='.mo'
ITCLHDIR='-I/data/dwesterg/nios2-linux/nios2-linux/insight/itcl/itcl/generic'
ITCLLIB='-L/home/dwesterg/data/nios2-linux/nios2-linux/insight/itcl/itcl -litcl3.2${TCL_DBGX}'
ITCL_BUILD_INCLUDES=''
ITCL_BUILD_LIB_SPEC='-L/home/dwesterg/data/nios2-linux/nios2-linux/insight/itcl/itcl -litcl3.2${TCL_DBGX}'
ITCL_DEFS=''
ITCL_DEPS=''
ITCL_LIB_SPEC='-L/usr/local/lib -litcl3.2${TCL_DBGX}'
ITCL_VERSION='3.2'
ITKHDIR='-I/data/dwesterg/nios2-linux/nios2-linux/insight/itcl/itk/generic'
ITKLIB='-L/home/dwesterg/data/nios2-linux/nios2-linux/insight/itcl/itk -litk3.2${TCL_DBGX}'
ITK_BUILD_INCLUDES=''
ITK_BUILD_LIB_SPEC='-L/home/dwesterg/data/nios2-linux/nios2-linux/insight/itcl/itk -litk3.2${TCL_DBGX}'
ITK_DEFS=''
ITK_DEPS=''
ITK_LIB_SPEC='-L/usr/local/lib -litk3.2${TCL_DBGX}'
ITK_VERSION=''
LDFLAGS=''
LIBEXPAT=''
LIBGUI='../libgui/src/libgui.a'
LIBICONV=''
LIBINTL=''
LIBINTL_DEP=''
LIBOBJS=''
LIBS='-lncurses -lm '
LN_S='ln -s'
LTLIBEXPAT=''
LTLIBOBJS=''
MAINT='#'
MAINTAINER_MODE_FALSE=''
MAINTAINER_MODE_TRUE='#'
MIG=''
OBJEXT='o'
PACKAGE='gdb'
PACKAGE_BUGREPORT=''
PACKAGE_NAME=''
PACKAGE_STRING=''
PACKAGE_TARNAME=''
PACKAGE_VERSION=''
PATH_SEPARATOR=':'
POSUB='po'
PROFILE_CFLAGS=''
RANLIB='ranlib'
SER_HARDWIRE='ser-base.o ser-unix.o ser-pipe.o ser-tcp.o'
SHELL='/bin/sh'
TARGET_SYSTEM_ROOT=''
TARGET_SYSTEM_ROOT_DEFINE='-DTARGET_SYSTEM_ROOT=\"\"'
TCLHDIR='-I/data/dwesterg/nios2-linux/nios2-linux/insight/tcl/generic'
TCL_BUILD_LIB_SPEC='-L/home/dwesterg/data/nios2-linux/nios2-linux/insight/tcl/unix -ltcl8.4${TCL_DBGX}'
TCL_CC='gcc -pipe'
TCL_CC_SEARCH_FLAGS='-Wl,-rpath,${LIB_RUNTIME_DIR}'
TCL_COMPAT_OBJS=''
TCL_DEFS='-DPACKAGE_NAME=\"\" -DPACKAGE_TARNAME=\"\" -DPACKAGE_VERSION=\"\" -DPACKAGE_STRING=\"\" -DPACKAGE_BUGREPORT=\"\" -DSTDC_HEADERS=1 -DHAVE_SYS_TYPES_H=1 -DHAVE_SYS_STAT_H=1 -DHAVE_STDLIB_H=1 -DHAVE_STRING_H=1 -DHAVE_MEMORY_H=1 -DHAVE_STRINGS_H=1 -DHAVE_INTTYPES_H=1 -DHAVE_STDINT_H=1 -DHAVE_UNISTD_H=1 -DHAVE_UNISTD_H=1 -DHAVE_LIMITS_H=1 -D_LARGEFILE64_SOURCE=1 -DTCL_WIDE_INT_IS_LONG=1 -DHAVE_GETCWD=1 -DHAVE_OPENDIR=1 -DHAVE_STRSTR=1 -DHAVE_STRTOL=1 -DHAVE_STRTOLL=1 -DHAVE_STRTOULL=1 -DHAVE_TMPNAM=1 -DHAVE_WAITPID=1 -DHAVE_UNISTD_H=1 -DHAVE_SYS_PARAM_H=1 -DUSE_TERMIOS=1 -DHAVE_SYS_TIME_H=1 -DTIME_WITH_SYS_TIME=1 -DHAVE_STRUCT_TM_TM_ZONE=1 -DHAVE_TM_ZONE=1 -DHAVE_GMTIME_R=1 -DHAVE_LOCALTIME_R=1 -DHAVE_TM_GMTOFF=1 -DHAVE_TIMEZONE_VAR=1 -DHAVE_STRUCT_STAT_ST_BLKSIZE=1 -DHAVE_ST_BLKSIZE=1 -DHAVE_SIGNED_CHAR=1 -DHAVE_LANGINFO=1 -DSTATIC_BUILD=1 -DPEEK_XCLOSEIM=1 -DHAVE_SYS_IOCTL_H=1 '
TCL_DEPS='../tcl/unix/libtcl8.4${TCL_DBGX}.a'
TCL_DL_LIBS='-ldl'
TCL_LD_FLAGS='-rdynamic'
TCL_LD_SEARCH_FLAGS='-Wl,-rpath,${LIB_RUNTIME_DIR}'
TCL_LIB_SPEC='-L/usr/local/lib -ltcl8.4${TCL_DBGX}'
TCL_LIB_VERSIONS_OK='ok'
TCL_MAJOR_VERSION='8'
TCL_MINOR_VERSION='4'
TCL_RANLIB='ranlib'
TCL_SHLIB_CFLAGS='-fPIC'
TCL_SHLIB_LD='gcc -pipe -shared'
TCL_SHLIB_LD_LIBS='${LIBS}'
TCL_SHLIB_SUFFIX='.so'
TCL_VERSION='8.4'
TKHDIR='-I/data/dwesterg/nios2-linux/nios2-linux/insight/tk/generic'
TK_BUILD_INCLUDES=''
TK_BUILD_LIB_SPEC='-L/home/dwesterg/data/nios2-linux/nios2-linux/insight/tk/unix -ltk8.4'
TK_DEFS='-DPACKAGE_NAME=\"\" -DPACKAGE_TARNAME=\"\" -DPACKAGE_VERSION=\"\" -DPACKAGE_STRING=\"\" -DPACKAGE_BUGREPORT=\"\" -DSTDC_HEADERS=1 -DHAVE_SYS_TYPES_H=1 -DHAVE_SYS_STAT_H=1 -DHAVE_STDLIB_H=1 -DHAVE_STRING_H=1 -DHAVE_MEMORY_H=1 -DHAVE_STRINGS_H=1 -DHAVE_INTTYPES_H=1 -DHAVE_STDINT_H=1 -DHAVE_UNISTD_H=1 -DHAVE_UNISTD_H=1 -DHAVE_LIMITS_H=1 -D_LARGEFILE64_SOURCE=1 -DTCL_WIDE_INT_IS_LONG=1 -DSTATIC_BUILD=1 -DPEEK_XCLOSEIM=1 -DHAVE_SYS_TIME_H=1 -DTIME_WITH_SYS_TIME=1 -DHAVE_PW_GECOS=1 '
TK_DEPS='../tk/unix/libtk8.4.a'
TK_LIB_SPEC='-L/usr/local/lib -ltk8.4'
TK_VERSION='8.4'
TK_XINCLUDES=''
TK_XLIBSW='-lX11'
USE_NLS='yes'
WARN_CFLAGS=' -Wimplicit -Wreturn-type -Wcomment -Wtrigraphs -Wformat -Wparentheses -Wpointer-arith -Wformat-nonliteral -Wunused-label -Wunused-function -Wno-pointer-sign -Wuninitialized'
WERROR_CFLAGS=''
WIN32LDAPP=''
WIN32LIBS=''
WINDRES='windres'
XGETTEXT='/usr/bin/xgettext'
X_CFLAGS=''
X_LDFLAGS=''
X_LIBS=''
YACC='bison -y'
ac_ct_AR=''
ac_ct_CC=''
ac_ct_DLLTOOL=''
ac_ct_MIG=''
ac_ct_RANLIB=''
ac_ct_WINDRES=''
bindir='${exec_prefix}/bin'
build='x86_64-unknown-linux-gnu'
build_alias='x86_64-unknown-linux-gnu'
build_cpu='x86_64'
build_os='linux-gnu'
build_vendor='unknown'
datadir='${prefix}/share'
exec_prefix='${prefix}'
frags=' .././gdb/config/i386/linux64.mh .././gdb/config/i386/linux64.mt'
host='x86_64-unknown-linux-gnu'
host_alias='x86_64-unknown-linux-gnu'
host_cpu='x86_64'
host_os='linux-gnu'
host_vendor='unknown'
includedir='${prefix}/include'
infodir='${prefix}/info'
libdir='${exec_prefix}/lib'
libexecdir='${exec_prefix}/libexec'
localedir='${datadir}/locale'
localstatedir='${prefix}/var'
mandir='${prefix}/man'
nm_h='nm.h'
oldincludedir='/usr/include'
prefix='/usr/local'
program_transform_name='s,y,y,'
sbindir='${exec_prefix}/sbin'
sharedstatedir='${prefix}/com'
subdirs=' doc testsuite gdbtk gdbserver'
sysconfdir='${prefix}/etc'
target='x86_64-unknown-linux-gnu'
target_alias='x86_64-unknown-linux-gnu'
target_cpu='x86_64'
target_os='linux-gnu'
target_subdir=''
target_vendor='unknown'
tm_h='tm.h'
xm_h=''

## ------------- ##
## Output files. ##
## ------------- ##

host_makefile_frag='.././gdb/config/i386/linux64.mh'
target_makefile_frag='.././gdb/config/i386/linux64.mt'

## ----------- ##
## confdefs.h. ##
## ----------- ##

#define CC_HAS_LONG_LONG 1
#define DEBUGDIR "/usr/local/lib/debug"
#define DEFAULT_BFD_ARCH bfd_i386_arch
#define DEFAULT_BFD_VEC bfd_elf64_x86_64_vec
#define ENABLE_NLS 1
#define GDB_DEFAULT_HOST_CHARSET "ISO-8859-1"
#define GDB_HOST_DOUBLE_FORMAT 0
#define GDB_HOST_FLOAT_FORMAT 0
#define GDB_HOST_LONG_DOUBLE_FORMAT 0
#define GDB_NM_FILE "config/i386/nm-linux64.h"
#define GDB_OSABI_DEFAULT GDB_OSABI_LINUX
#define GDB_TM_FILE "solib.h"
#define HAVE_ALLOCA 1
#define HAVE_ALLOCA_H 1
#define HAVE_CANONICALIZE_FILE_NAME 1
#define HAVE_CTYPE_H 1
#define HAVE_CURSES_H 1
#define HAVE_DECL_FREE 1
#define HAVE_DECL_GETOPT 1
#define HAVE_DECL_MALLOC 1
#define HAVE_DECL_PTRACE 1
#define HAVE_DECL_REALLOC 1
#define HAVE_DECL_SNPRINTF 1
#define HAVE_DECL_STRERROR 1
#define HAVE_DECL_STRSTR 1
#define HAVE_DECL_VSNPRINTF 1
#define HAVE_DIRENT_H 1
#define HAVE_FORK 1
#define HAVE_GETGID 1
#define HAVE_GETPAGESIZE 1
#define HAVE_GETUID 1
#define HAVE_GNU_LIBC_VERSION_H 1
#define HAVE_ICONV 1
#define HAVE_INTTYPES_H 1
#define HAVE_LIBM 1
#define HAVE_LINK_H 1
#define HAVE_LONG_DOUBLE 1
#define HAVE_LWPID_T 1
#define HAVE_MEMORY_H 1
#define HAVE_MEMORY_H 1
#define HAVE_MMAP 1
#define HAVE_MONSTARTUP 1
#define HAVE_NCURSES_H 1
#define HAVE_NCURSES_NCURSES_H 1
#define HAVE_NCURSES_TERM_H 1
#define HAVE_NLIST_H 1
#define HAVE_POLL 1
#define HAVE_POLL_H 1
#define HAVE_PREAD64 1
#define HAVE_PRFPREGSET_T 1
#define HAVE_PRGREGSET_T 1
#define HAVE_PSADDR_T 1
#define HAVE_PTRACE_GETFPXREGS 1
#define HAVE_PTRACE_GETREGS 1
#define HAVE_REALPATH 1
#define HAVE_SBRK 1
#define HAVE_SETPGID 1
#define HAVE_SETPGRP 1
#define HAVE_SGTTY_H 1
#define HAVE_SIGACTION 1
#define HAVE_SIGPROCMASK 1
#define HAVE_SIGSETJMP 1
#define HAVE_SIGSETMASK 1
#define HAVE_SOCKETPAIR 1
#define HAVE_SOCKLEN_T 1
#define HAVE_STDDEF_H 1
#define HAVE_STDINT_H 1
#define HAVE_STDINT_H 1
#define HAVE_STDLIB_H 1
#define HAVE_STDLIB_H 1
#define HAVE_STDLIB_H 1
#define HAVE_STRINGS_H 1
#define HAVE_STRINGS_H 1
#define HAVE_STRING_H 1
#define HAVE_STRING_H 1
#define HAVE_STRUCT_LINK_MAP_WITH_L_MEMBERS 1
#define HAVE_STRUCT_STAT_ST_BLKSIZE 1
#define HAVE_STRUCT_STAT_ST_BLOCKS 1
#define HAVE_SYSCALL 1
#define HAVE_SYS_DEBUGREG_H 1
#define HAVE_SYS_FILE_H 1
#define HAVE_SYS_IOCTL_H 1
#define HAVE_SYS_PARAM_H 1
#define HAVE_SYS_POLL_H 1
#define HAVE_SYS_PROCFS_H 1
#define HAVE_SYS_PTRACE_H 1
#define HAVE_SYS_REG_H 1
#define HAVE_SYS_SELECT_H 1
#define HAVE_SYS_STAT_H 1
#define HAVE_SYS_SYSCALL_H 1
#define HAVE_SYS_TYPES_H 1
#define HAVE_SYS_TYPES_H 1
#define HAVE_SYS_USER_H 1
#define HAVE_SYS_WAIT_H 1
#define HAVE_TERMIOS_H 1
#define HAVE_TERMIO_H 1
#define HAVE_TERM_H 1
#define HAVE_THREAD_DB_H 1
#define HAVE_TIME_H 1
#define HAVE_TKILL_SYSCALL 1
#define HAVE_UINTPTR_T 1
#define HAVE_UNISTD_H 1
#define HAVE_UNISTD_H 1
#define HAVE_UNISTD_H 1
#define HAVE_UNISTD_H 1
#define HAVE_VFORK 1
#define HAVE_WAIT_H 1
#define HAVE_WBORDER 1
#define HAVE_WORKING_FORK 1
#define HAVE_WORKING_VFORK 1
#define HAVE__ETEXT 1
#define HAVE__MCLEANUP 1
#define ICONV_CONST 
#define PACKAGE "gdb"
#define PACKAGE_BUGREPORT ""
#define PACKAGE_NAME ""
#define PACKAGE_STRING ""
#define PACKAGE_TARNAME ""
#define PACKAGE_VERSION ""
#define PRINTF_HAS_LONG_DOUBLE 1
#define PRINTF_HAS_LONG_LONG 1
#define PTRACE_TYPE_ARG3 long
#define PTRACE_TYPE_RET long
#define RETSIGTYPE void
#define SCANF_HAS_LONG_DOUBLE 1
#define SETPGRP_VOID 1
#define STDC_HEADERS 1
#define STDC_HEADERS 1
#define THREAD_DB_HAS_TD_NOTALLOC 1
#define WITH_SIM 1
#define _GNU_SOURCE 1

configure: exit 0

## ---------------------- ##
## Running config.status. ##
## ---------------------- ##

This file was extended by config.status, which was
generated by GNU Autoconf 2.59.  Invocation command line was

  CONFIG_FILES    = 
  CONFIG_HEADERS  = config.h:config.in
  CONFIG_LINKS    = 
  CONFIG_COMMANDS = default
  $ config.status 

on sj-dwesterg-l

config.status:917: creating config.h
config.status:1305: config.h is unchanged
config.status:1599: executing default commands
