This file contains any messages produced by compilers while
running configure, to aid debugging if configure makes a mistake.

It was created by configure, which was
generated by GNU Autoconf 2.59.  Invocation command line was

  $ /home/dwesterg/data/nios2-linux/nios2-linux/insight/sim/configure --cache-file=./config.cache --build=x86_64-unknown-linux-gnu --host=x86_64-unknown-linux-gnu --target=x86_64-unknown-linux-gnu --program-transform-name=s,y,y, --srcdir=.././sim

## --------- ##
## Platform. ##
## --------- ##

hostname = sj-dwesterg-l
uname -m = x86_64
uname -r = 2.6.32-71.29.1.el6.x86_64
uname -s = Linux
uname -v = #1 SMP Mon Jun 27 19:49:27 BST 2011

/usr/bin/uname -p = unknown
/bin/uname -X     = unknown

/bin/arch              = x86_64
/usr/bin/arch -k       = unknown
/usr/convex/getsysinfo = unknown
hostinfo               = unknown
/bin/machine           = unknown
/usr/bin/oslevel       = unknown
/bin/universe          = unknown

PATH: /home/dwesterg/bin
PATH: /usr/bin
PATH: /usr/sbin
PATH: /bin
PATH: /sbin
PATH: /home/dwesterg/scripts
PATH: /usr/lib64/qt-3.3/bin
PATH: /usr/NX/bin
PATH: /usr/lib64/ccache
PATH: /usr/local/bin
PATH: /usr/bin
PATH: /bin
PATH: /usr/local/sbin
PATH: /usr/sbin
PATH: /sbin
PATH: /data/dwesterg/nios2-linux/nios2-linux/toolchain-mmu/x86-linux2/bin
PATH: /tools/acds/11.1/173/linux32/quartus/bin
PATH: /tools/acds/11.1/173/linux32/nios2eds/bin
PATH: /tools/acds/11.1/173/linux32/nios2eds/sdk2/bin
PATH: /tools/acds/11.1/173/linux32/nios2eds/bin/nios2-gnutools/H-i686-pc-linux-gnu/bin
PATH: /tools/acds/11.1/173/linux32/quartus/sopc_builder/bin
PATH: /tools/acds/11.1/173/linux32/modelsim_ae/linuxaloem


## ----------- ##
## Core tests. ##
## ----------- ##

configure:1192: loading cache ./config.cache
configure:1289: checking for x86_64-unknown-linux-gnu-gcc
configure:1315: result: gcc
configure:1597: checking for C compiler version
configure:1600: gcc --version </dev/null >&5
gcc (GCC) 4.4.4 20100726 (Red Hat 4.4.4-13)
Copyright (C) 2010 Free Software Foundation, Inc.
This is free software; see the source for copying conditions.  There is NO
warranty; not even for MERCHANTABILITY or FITNESS FOR A PARTICULAR PURPOSE.

configure:1603: $? = 0
configure:1605: gcc -v </dev/null >&5
Using built-in specs.
Target: x86_64-redhat-linux
Configured with: ../configure --prefix=/usr --mandir=/usr/share/man --infodir=/usr/share/info --with-bugurl=http://bugzilla.redhat.com/bugzilla --enable-bootstrap --enable-shared --enable-threads=posix --enable-checking=release --with-system-zlib --enable-__cxa_atexit --disable-libunwind-exceptions --enable-gnu-unique-object --enable-languages=c,c++,objc,obj-c++,java,fortran,ada --enable-java-awt=gtk --disable-dssi --with-java-home=/usr/lib/jvm/java-1.5.0-gcj-1.5.0.0/jre --enable-libgcj-multifile --enable-java-maintainer-mode --with-ecj-jar=/usr/share/java/eclipse-ecj.jar --disable-libjava-multilib --with-ppl --with-cloog --with-tune=generic --with-arch_32=i686 --build=x86_64-redhat-linux
Thread model: posix
gcc version 4.4.4 20100726 (Red Hat 4.4.4-13) (GCC) 
configure:1608: $? = 0
configure:1610: gcc -V </dev/null >&5
gcc: '-V' option must have argument
configure:1613: $? = 1
configure:1636: checking for C compiler default output file name
configure:1639: gcc -g -O2   conftest.c  >&5
configure:1642: $? = 0
configure:1688: result: a.out
configure:1693: checking whether the C compiler works
configure:1699: ./a.out
configure:1702: $? = 0
configure:1719: result: yes
configure:1726: checking whether we are cross compiling
configure:1728: result: no
configure:1731: checking for suffix of executables
configure:1733: gcc -o conftest -g -O2   conftest.c  >&5
configure:1736: $? = 0
configure:1761: result: 
configure:1767: checking for suffix of object files
configure:1813: result: o
configure:1817: checking whether we are using the GNU C compiler
configure:1873: result: yes
configure:1879: checking whether gcc accepts -g
configure:1930: result: yes
configure:1947: checking for gcc option to accept ANSI C
configure:2054: result: none needed
configure:2072: gcc -c -g -O2  conftest.c >&5
conftest.c:2: error: expected '=', ',', ';', 'asm' or '__attribute__' before 'me'
configure:2078: $? = 1
configure: failed program was:
| #ifndef __cplusplus
|   choke me
| #endif
configure:2249: checking for a BSD-compatible install
configure:2304: result: /usr/bin/install -c
configure:2318: checking for x86_64-unknown-linux-gnu-ar
configure:2344: result: ar
configure:2397: checking for x86_64-unknown-linux-gnu-ranlib
configure:2423: result: ranlib
configure:2481: checking build system type
configure:2499: result: x86_64-unknown-linux-gnu
configure:2507: checking host system type
configure:2521: result: x86_64-unknown-linux-gnu
configure:2529: checking target system type
configure:2543: result: x86_64-unknown-linux-gnu
configure:2578: checking for x86_64-unknown-linux-gnu-gcc
configure:2604: result: gcc
configure:2886: checking for C compiler version
configure:2889: gcc --version </dev/null >&5
gcc (GCC) 4.4.4 20100726 (Red Hat 4.4.4-13)
Copyright (C) 2010 Free Software Foundation, Inc.
This is free software; see the source for copying conditions.  There is NO
warranty; not even for MERCHANTABILITY or FITNESS FOR A PARTICULAR PURPOSE.

configure:2892: $? = 0
configure:2894: gcc -v </dev/null >&5
Using built-in specs.
Target: x86_64-redhat-linux
Configured with: ../configure --prefix=/usr --mandir=/usr/share/man --infodir=/usr/share/info --with-bugurl=http://bugzilla.redhat.com/bugzilla --enable-bootstrap --enable-shared --enable-threads=posix --enable-checking=release --with-system-zlib --enable-__cxa_atexit --disable-libunwind-exceptions --enable-gnu-unique-object --enable-languages=c,c++,objc,obj-c++,java,fortran,ada --enable-java-awt=gtk --disable-dssi --with-java-home=/usr/lib/jvm/java-1.5.0-gcj-1.5.0.0/jre --enable-libgcj-multifile --enable-java-maintainer-mode --with-ecj-jar=/usr/share/java/eclipse-ecj.jar --disable-libjava-multilib --with-ppl --with-cloog --with-tune=generic --with-arch_32=i686 --build=x86_64-redhat-linux
Thread model: posix
gcc version 4.4.4 20100726 (Red Hat 4.4.4-13) (GCC) 
configure:2897: $? = 0
configure:2899: gcc -V </dev/null >&5
gcc: '-V' option must have argument
configure:2902: $? = 1
configure:2905: checking whether we are using the GNU C compiler
configure:2961: result: yes
configure:2967: checking whether gcc accepts -g
configure:3018: result: yes
configure:3035: checking for gcc option to accept ANSI C
configure:3142: result: none needed
configure:3160: gcc -c -g -O2  conftest.c >&5
conftest.c:2: error: expected '=', ',', ';', 'asm' or '__attribute__' before 'me'
configure:3166: $? = 1
configure: failed program was:
| #ifndef __cplusplus
|   choke me
| #endif
configure:3306: checking for x86_64-unknown-linux-gnu-ranlib
configure:3332: result: ranlib
configure:3700: creating ./config.status

## ---------------------- ##
## Running config.status. ##
## ---------------------- ##

This file was extended by config.status, which was
generated by GNU Autoconf 2.59.  Invocation command line was

  CONFIG_FILES    = 
  CONFIG_HEADERS  = 
  CONFIG_LINKS    = 
  CONFIG_COMMANDS = 
  $ ./config.status 

on sj-dwesterg-l

config.status:659: creating Makefile

## ---------------- ##
## Cache variables. ##
## ---------------- ##

ac_cv_build=x86_64-unknown-linux-gnu
ac_cv_build_alias=x86_64-unknown-linux-gnu
ac_cv_c_compiler_gnu=yes
ac_cv_env_CC_set=set
ac_cv_env_CC_value=gcc
ac_cv_env_CFLAGS_set=set
ac_cv_env_CFLAGS_value='-g -O2'
ac_cv_env_CPPFLAGS_set=
ac_cv_env_CPPFLAGS_value=
ac_cv_env_LDFLAGS_set=set
ac_cv_env_LDFLAGS_value=
ac_cv_env_build_alias_set=set
ac_cv_env_build_alias_value=x86_64-unknown-linux-gnu
ac_cv_env_host_alias_set=set
ac_cv_env_host_alias_value=x86_64-unknown-linux-gnu
ac_cv_env_target_alias_set=set
ac_cv_env_target_alias_value=x86_64-unknown-linux-gnu
ac_cv_exeext=
ac_cv_host=x86_64-unknown-linux-gnu
ac_cv_host_alias=x86_64-unknown-linux-gnu
ac_cv_objext=o
ac_cv_prog_AR=ar
ac_cv_prog_CC=gcc
ac_cv_prog_RANLIB=ranlib
ac_cv_prog_cc_g=yes
ac_cv_prog_cc_stdc=
ac_cv_target=x86_64-unknown-linux-gnu
ac_cv_target_alias=x86_64-unknown-linux-gnu

## ----------------- ##
## Output variables. ##
## ----------------- ##

AR='ar'
CC='gcc'
CC_FOR_BUILD='$(CC)'
CFLAGS='-g -O2'
CFLAGS_FOR_BUILD='-g -O2'
CPPFLAGS=''
DEFS='-DPACKAGE_NAME=\"\" -DPACKAGE_TARNAME=\"\" -DPACKAGE_VERSION=\"\" -DPACKAGE_STRING=\"\" -DPACKAGE_BUGREPORT=\"\" '
ECHO_C=''
ECHO_N='-n'
ECHO_T=''
EXEEXT=''
HDEFINES=''
INSTALL_DATA='/usr/bin/install -c -m 644'
INSTALL_PROGRAM='/usr/bin/install -c'
INSTALL_SCRIPT='/usr/bin/install -c'
LDFLAGS=''
LIBOBJS=''
LIBS=''
LTLIBOBJS=''
OBJEXT='o'
PACKAGE_BUGREPORT=''
PACKAGE_NAME=''
PACKAGE_STRING=''
PACKAGE_TARNAME=''
PACKAGE_VERSION=''
PATH_SEPARATOR=':'
RANLIB='ranlib'
SHELL='/bin/sh'
ac_ct_AR=''
ac_ct_CC=''
ac_ct_RANLIB=''
bindir='${exec_prefix}/bin'
build='x86_64-unknown-linux-gnu'
build_alias='x86_64-unknown-linux-gnu'
build_cpu='x86_64'
build_os='linux-gnu'
build_vendor='unknown'
datadir='${prefix}/share'
exec_prefix='${prefix}'
host='x86_64-unknown-linux-gnu'
host_alias='x86_64-unknown-linux-gnu'
host_cpu='x86_64'
host_os='linux-gnu'
host_vendor='unknown'
includedir='${prefix}/include'
infodir='${prefix}/info'
libdir='${exec_prefix}/lib'
libexecdir='${exec_prefix}/libexec'
localstatedir='${prefix}/var'
mandir='${prefix}/man'
oldincludedir='/usr/include'
prefix='/usr/local'
program_transform_name='s,y,y,'
sbindir='${exec_prefix}/sbin'
sharedstatedir='${prefix}/com'
subdirs=''
sysconfdir='${prefix}/etc'
target='x86_64-unknown-linux-gnu'
target_alias='x86_64-unknown-linux-gnu'
target_cpu='x86_64'
target_os='linux-gnu'
target_vendor='unknown'

## ----------- ##
## confdefs.h. ##
## ----------- ##

#define PACKAGE_BUGREPORT ""
#define PACKAGE_NAME ""
#define PACKAGE_STRING ""
#define PACKAGE_TARNAME ""
#define PACKAGE_VERSION ""

configure: exit 0
