This file contains any messages produced by compilers while
running configure, to aid debugging if configure makes a mistake.

It was created by readline configure 5.1-release, which was
generated by GNU Autoconf 2.59.  Invocation command line was

  $ /home/dwesterg/data/nios2-linux/nios2-linux/insight/readline/configure --cache-file=./config.cache --build=x86_64-unknown-linux-gnu --host=x86_64-unknown-linux-gnu --target=x86_64-unknown-linux-gnu --program-transform-name=s,y,y, --srcdir=.././readline

## --------- ##
## Platform. ##
## --------- ##

hostname = sj-dwesterg-l
uname -m = x86_64
uname -r = 2.6.32-71.29.1.el6.x86_64
uname -s = Linux
uname -v = #1 SMP Mon Jun 27 19:49:27 BST 2011

/usr/bin/uname -p = unknown
/bin/uname -X     = unknown

/bin/arch              = x86_64
/usr/bin/arch -k       = unknown
/usr/convex/getsysinfo = unknown
hostinfo               = unknown
/bin/machine           = unknown
/usr/bin/oslevel       = unknown
/bin/universe          = unknown

PATH: /home/dwesterg/bin
PATH: /usr/bin
PATH: /usr/sbin
PATH: /bin
PATH: /sbin
PATH: /home/dwesterg/scripts
PATH: /usr/lib64/qt-3.3/bin
PATH: /usr/NX/bin
PATH: /usr/lib64/ccache
PATH: /usr/local/bin
PATH: /usr/bin
PATH: /bin
PATH: /usr/local/sbin
PATH: /usr/sbin
PATH: /sbin
PATH: /data/dwesterg/nios2-linux/nios2-linux/toolchain-mmu/x86-linux2/bin
PATH: /tools/acds/11.1/173/linux32/quartus/bin
PATH: /tools/acds/11.1/173/linux32/nios2eds/bin
PATH: /tools/acds/11.1/173/linux32/nios2eds/sdk2/bin
PATH: /tools/acds/11.1/173/linux32/nios2eds/bin/nios2-gnutools/H-i686-pc-linux-gnu/bin
PATH: /tools/acds/11.1/173/linux32/quartus/sopc_builder/bin
PATH: /tools/acds/11.1/173/linux32/modelsim_ae/linuxaloem


## ----------- ##
## Core tests. ##
## ----------- ##

configure:1224: loading cache ./config.cache
configure:1360: checking build system type
configure:1378: result: x86_64-unknown-linux-gnu
configure:1386: checking host system type
configure:1400: result: x86_64-unknown-linux-gnu
configure:1489: checking whether make sets $(MAKE)
configure:1509: result: yes
configure:1526: checking for x86_64-unknown-linux-gnu-gcc
configure:1552: result: gcc
configure:1834: checking for C compiler version
configure:1837: gcc --version </dev/null >&5
gcc (GCC) 4.4.4 20100726 (Red Hat 4.4.4-13)
Copyright (C) 2010 Free Software Foundation, Inc.
This is free software; see the source for copying conditions.  There is NO
warranty; not even for MERCHANTABILITY or FITNESS FOR A PARTICULAR PURPOSE.

configure:1840: $? = 0
configure:1842: gcc -v </dev/null >&5
Using built-in specs.
Target: x86_64-redhat-linux
Configured with: ../configure --prefix=/usr --mandir=/usr/share/man --infodir=/usr/share/info --with-bugurl=http://bugzilla.redhat.com/bugzilla --enable-bootstrap --enable-shared --enable-threads=posix --enable-checking=release --with-system-zlib --enable-__cxa_atexit --disable-libunwind-exceptions --enable-gnu-unique-object --enable-languages=c,c++,objc,obj-c++,java,fortran,ada --enable-java-awt=gtk --disable-dssi --with-java-home=/usr/lib/jvm/java-1.5.0-gcj-1.5.0.0/jre --enable-libgcj-multifile --enable-java-maintainer-mode --with-ecj-jar=/usr/share/java/eclipse-ecj.jar --disable-libjava-multilib --with-ppl --with-cloog --with-tune=generic --with-arch_32=i686 --build=x86_64-redhat-linux
Thread model: posix
gcc version 4.4.4 20100726 (Red Hat 4.4.4-13) (GCC) 
configure:1845: $? = 0
configure:1847: gcc -V </dev/null >&5
gcc: '-V' option must have argument
configure:1850: $? = 1
configure:1873: checking for C compiler default output file name
configure:1876: gcc -g -O2   conftest.c  >&5
configure:1879: $? = 0
configure:1925: result: a.out
configure:1930: checking whether the C compiler works
configure:1936: ./a.out
configure:1939: $? = 0
configure:1956: result: yes
configure:1963: checking whether we are cross compiling
configure:1965: result: no
configure:1968: checking for suffix of executables
configure:1970: gcc -o conftest -g -O2   conftest.c  >&5
configure:1973: $? = 0
configure:1998: result: 
configure:2004: checking for suffix of object files
configure:2050: result: o
configure:2054: checking whether we are using the GNU C compiler
configure:2109: result: yes
configure:2115: checking whether gcc accepts -g
configure:2165: result: yes
configure:2182: checking for gcc option to accept ANSI C
configure:2288: result: none needed
configure:2306: gcc -c -g -O2  conftest.c >&5
conftest.c:2: error: expected '=', ',', ';', 'asm' or '__attribute__' before 'me'
configure:2312: $? = 1
configure: failed program was:
| #ifndef __cplusplus
|   choke me
| #endif
configure:2448: checking how to run the C preprocessor
configure:2566: result: gcc -E
configure:2590: gcc -E  conftest.c
configure:2596: $? = 0
configure:2628: gcc -E  conftest.c
conftest.c:9:28: error: ac_nonexistent.h: No such file or directory
configure:2634: $? = 1
configure: failed program was:
| /* confdefs.h.  */
| 
| #define PACKAGE_NAME "readline"
| #define PACKAGE_TARNAME "readline"
| #define PACKAGE_VERSION "5.1-release"
| #define PACKAGE_STRING "readline 5.1-release"
| #define PACKAGE_BUGREPORT "bug-readline@gnu.org"
| /* end confdefs.h.  */
| #include <ac_nonexistent.h>
configure:2678: checking for egrep
configure:2688: result: grep -E
configure:2693: checking for ANSI C header files
configure:2848: result: yes
configure:2872: checking for sys/types.h
configure:2917: result: yes
configure:2872: checking for sys/stat.h
configure:2917: result: yes
configure:2872: checking for stdlib.h
configure:2917: result: yes
configure:2872: checking for string.h
configure:2917: result: yes
configure:2872: checking for memory.h
configure:2917: result: yes
configure:2872: checking for strings.h
configure:2917: result: yes
configure:2872: checking for inttypes.h
configure:2917: result: yes
configure:2872: checking for stdint.h
configure:2917: result: yes
configure:2872: checking for unistd.h
configure:2917: result: yes
configure:2930: checking for minix/config.h
configure:2935: result: no
configure:3128: checking whether gcc needs -traditional
configure:3170: result: no
configure:3190: checking for a BSD-compatible install
configure:3245: result: /usr/bin/install -c
configure:3258: checking for ar
configure:3285: result: ar
configure:3296: checking for x86_64-unknown-linux-gnu-ranlib
configure:3322: result: ranlib
configure:3377: checking for an ANSI C-conforming const
configure:3473: result: yes
configure:3483: checking for function prototypes
configure:3486: result: yes
configure:3504: checking whether char is unsigned
configure:3556: result: no
configure:3566: checking return type of signal handlers
configure:3626: result: void
configure:3635: checking for size_t
configure:3688: result: yes
configure:3700: checking for ssize_t
configure:3753: result: yes
configure:3766: checking for ANSI C header files
configure:3921: result: yes
configure:3932: checking whether stat file-mode macros are broken
configure:3980: result: no
configure:3998: checking for dirent.h that defines DIR
configure:4051: result: yes
configure:4064: checking for library containing opendir
configure:4181: result: none required
configure:4322: checking for fcntl
configure:4409: result: yes
configure:4322: checking for kill
configure:4409: result: yes
configure:4322: checking for lstat
configure:4409: result: yes
configure:4432: checking for memmove
configure:4519: result: yes
configure:4432: checking for putenv
configure:4519: result: yes
configure:4432: checking for select
configure:4519: result: yes
configure:4432: checking for setenv
configure:4519: result: yes
configure:4432: checking for setlocale
configure:4519: result: yes
configure:4432: checking for strcasecmp
configure:4519: result: yes
configure:4432: checking for strpbrk
configure:4519: result: yes
configure:4432: checking for tcgetattr
configure:4519: result: yes
configure:4432: checking for vsnprintf
configure:4519: result: yes
configure:4534: checking for isascii
configure:4621: result: yes
configure:4534: checking for isxdigit
configure:4621: result: yes
configure:4637: checking for getpwent
configure:4724: result: yes
configure:4637: checking for getpwnam
configure:4724: result: yes
configure:4637: checking for getpwuid
configure:4724: result: yes
configure:4735: checking for working strcoll
configure:4783: result: yes
configure:4813: checking for fcntl.h
configure:4818: result: yes
configure:4813: checking for unistd.h
configure:4818: result: yes
configure:4813: checking for stdlib.h
configure:4818: result: yes
configure:4813: checking for varargs.h
configure:4818: result: no
configure:4813: checking for stdarg.h
configure:4818: result: yes
configure:4813: checking for string.h
configure:4818: result: yes
configure:4813: checking for strings.h
configure:4818: result: yes
configure:4813: checking for limits.h
configure:4818: result: yes
configure:4813: checking for locale.h
configure:4818: result: yes
configure:4813: checking for pwd.h
configure:4818: result: yes
configure:4813: checking for memory.h
configure:4818: result: yes
configure:4813: checking for termcap.h
configure:4818: result: yes
configure:4813: checking for termios.h
configure:4818: result: yes
configure:4813: checking for termio.h
configure:4818: result: yes
configure:4965: checking for sys/pte.h
configure:4970: result: no
configure:4965: checking for sys/stream.h
configure:4970: result: no
configure:4965: checking for sys/select.h
configure:4970: result: yes
configure:4965: checking for sys/file.h
configure:4970: result: yes
configure:5114: checking for sys/ptem.h
configure:5163: result: no
configure:5176: checking for type of signal functions
configure:5338: result: posix
configure:5359: checking if signal handlers must be reinstalled when invoked
configure:5445: result: no
configure:5456: checking for presence of POSIX-style sigsetjmp/siglongjmp
configure:5536: result: present
configure:5545: checking for lstat
configure:5599: result: yes
configure:5609: checking whether or not strcoll and strcmp differ
configure:5687: result: no
configure:5697: checking whether the ctype macros accept non-ascii characters
configure:5770: result: yes
configure:5780: checking whether getpw functions are declared in pwd.h
configure:5809: result: yes
configure:5819: checking whether termios.h defines TIOCGWINSZ
configure:5846: result: no
configure:5850: checking whether sys/ioctl.h defines TIOCGWINSZ
configure:5877: result: yes
configure:5890: checking whether signal handlers are of type void
configure:5948: result: yes
configure:5957: checking for TIOCSTAT in sys/ioctl.h
configure:6009: result: no
configure:6018: checking for FIONREAD in sys/ioctl.h
configure:6070: result: yes
configure:6079: checking for speed_t in sys/types.h
configure:6130: result: no
configure:6139: checking for struct winsize in sys/ioctl.h and termios.h
configure:6237: result: sys/ioctl.h
configure:6256: checking for struct dirent.d_ino
configure:6329: result: yes
configure:6339: checking for struct dirent.d_fileno
configure:6412: result: yes
configure:6429: checking which library has the termcap functions
configure:6809: result: using libtermcap
configure:6846: checking for wctype.h
configure:6851: result: yes
configure:6995: checking for wchar.h
configure:7000: result: yes
configure:7144: checking for langinfo.h
configure:7149: result: yes
configure:7289: checking for mbsrtowcs
configure:7376: result: yes
configure:7385: checking for mbrtowc
configure:7472: result: yes
configure:7481: checking for mbrlen
configure:7568: result: yes
configure:7577: checking for wctomb
configure:7664: result: yes
configure:7673: checking for wcwidth
configure:7760: result: yes
configure:7769: checking for wcsdup
configure:7856: result: yes
configure:7873: checking for mbstate_t
configure:7928: result: yes
configure:7937: checking for nl_langinfo and CODESET
configure:7988: result: yes
configure:8014: checking configuration for building shared libraries
configure:8038: result: supported
configure:8194: creating ./config.status

## ---------------------- ##
## Running config.status. ##
## ---------------------- ##

This file was extended by readline config.status 5.1-release, which was
generated by GNU Autoconf 2.59.  Invocation command line was

  CONFIG_FILES    = 
  CONFIG_HEADERS  = 
  CONFIG_LINKS    = 
  CONFIG_COMMANDS = 
  $ ./config.status 

on sj-dwesterg-l

config.status:742: creating Makefile
config.status:742: creating doc/Makefile
config.status:742: creating examples/Makefile
config.status:742: creating shlib/Makefile
config.status:801: creating config.h
config.status:1041: config.h is unchanged
config.status:1199: executing default commands

## ---------------- ##
## Cache variables. ##
## ---------------- ##

ac_cv_build=x86_64-unknown-linux-gnu
ac_cv_build_alias=x86_64-unknown-linux-gnu
ac_cv_c_char_unsigned=no
ac_cv_c_compiler_gnu=yes
ac_cv_c_const=yes
ac_cv_env_CC_set=set
ac_cv_env_CC_value=gcc
ac_cv_env_CFLAGS_set=set
ac_cv_env_CFLAGS_value='-g -O2'
ac_cv_env_CPPFLAGS_set=
ac_cv_env_CPPFLAGS_value=
ac_cv_env_CPP_set=
ac_cv_env_CPP_value=
ac_cv_env_LDFLAGS_set=set
ac_cv_env_LDFLAGS_value=
ac_cv_env_build_alias_set=set
ac_cv_env_build_alias_value=x86_64-unknown-linux-gnu
ac_cv_env_host_alias_set=set
ac_cv_env_host_alias_value=x86_64-unknown-linux-gnu
ac_cv_env_target_alias_set=set
ac_cv_env_target_alias_value=x86_64-unknown-linux-gnu
ac_cv_exeext=
ac_cv_func_fcntl=yes
ac_cv_func_getpwent=yes
ac_cv_func_getpwnam=yes
ac_cv_func_getpwuid=yes
ac_cv_func_isascii=yes
ac_cv_func_isxdigit=yes
ac_cv_func_kill=yes
ac_cv_func_lstat=yes
ac_cv_func_mbrlen=yes
ac_cv_func_mbrtowc=yes
ac_cv_func_mbsrtowcs=yes
ac_cv_func_memmove=yes
ac_cv_func_putenv=yes
ac_cv_func_select=yes
ac_cv_func_setenv=yes
ac_cv_func_setlocale=yes
ac_cv_func_strcasecmp=yes
ac_cv_func_strcoll_works=yes
ac_cv_func_strpbrk=yes
ac_cv_func_tcgetattr=yes
ac_cv_func_tgetent=no
ac_cv_func_vsnprintf=yes
ac_cv_func_wcsdup=yes
ac_cv_func_wctomb=yes
ac_cv_func_wcwidth=yes
ac_cv_header_dirent_dirent_h=yes
ac_cv_header_fcntl_h=yes
ac_cv_header_inttypes_h=yes
ac_cv_header_langinfo_h=yes
ac_cv_header_limits_h=yes
ac_cv_header_locale_h=yes
ac_cv_header_memory_h=yes
ac_cv_header_minix_config_h=no
ac_cv_header_pwd_h=yes
ac_cv_header_stat_broken=no
ac_cv_header_stdarg_h=yes
ac_cv_header_stdc=yes
ac_cv_header_stdint_h=yes
ac_cv_header_stdlib_h=yes
ac_cv_header_string_h=yes
ac_cv_header_strings_h=yes
ac_cv_header_sys_file_h=yes
ac_cv_header_sys_pte_h=no
ac_cv_header_sys_ptem_h=no
ac_cv_header_sys_select_h=yes
ac_cv_header_sys_stat_h=yes
ac_cv_header_sys_stream_h=no
ac_cv_header_sys_types_h=yes
ac_cv_header_termcap_h=yes
ac_cv_header_termio_h=yes
ac_cv_header_termios_h=yes
ac_cv_header_unistd_h=yes
ac_cv_header_varargs_h=no
ac_cv_header_wchar_h=yes
ac_cv_header_wctype_h=yes
ac_cv_host=x86_64-unknown-linux-gnu
ac_cv_host_alias=x86_64-unknown-linux-gnu
ac_cv_lib_termcap_tgetent=yes
ac_cv_objext=o
ac_cv_prog_AR=ar
ac_cv_prog_CC=gcc
ac_cv_prog_CPP='gcc -E'
ac_cv_prog_RANLIB=ranlib
ac_cv_prog_cc_g=yes
ac_cv_prog_cc_stdc=
ac_cv_prog_egrep='grep -E'
ac_cv_prog_gcc_traditional=no
ac_cv_prog_make_make_set=yes
ac_cv_search_opendir='none required'
ac_cv_sys_tiocgwinsz_in_sys_ioctl_h=yes
ac_cv_sys_tiocgwinsz_in_termios_h=no
ac_cv_type_signal=void
ac_cv_type_size_t=yes
ac_cv_type_ssize_t=yes
bash_cv_dirent_has_d_fileno=yes
bash_cv_dirent_has_dino=yes
bash_cv_fionread_in_ioctl=yes
bash_cv_func_ctype_nonascii=yes
bash_cv_func_lstat=yes
bash_cv_func_sigsetjmp=present
bash_cv_func_strcoll_broken=no
bash_cv_getpw_declared=yes
bash_cv_have_mbstate_t=yes
bash_cv_langinfo_codeset=yes
bash_cv_must_reinstall_sighandlers=no
bash_cv_signal_vintage=posix
bash_cv_speed_t_in_sys_types=no
bash_cv_struct_winsize_header=ioctl_h
bash_cv_termcap_lib=libtermcap
bash_cv_tiocstat_in_ioctl=no
bash_cv_void_sighandler=yes

## ----------------- ##
## Output variables. ##
## ----------------- ##

AR='ar'
ARFLAGS='cr'
BUILD_DIR='/home/dwesterg/data/nios2-linux/nios2-linux/insight/readline'
CC='gcc'
CC_FOR_BUILD='gcc'
CFLAGS='-g -O2'
CPP='gcc -E'
CPPFLAGS=''
CROSS_COMPILE=''
DEFS='-DHAVE_CONFIG_H'
ECHO_C=''
ECHO_N='-n'
ECHO_T=''
EGREP='grep -E'
EXEEXT=''
INSTALL_DATA='/usr/bin/install -c -m 644'
INSTALL_PROGRAM='/usr/bin/install -c'
INSTALL_SCRIPT='/usr/bin/install -c'
LDFLAGS=''
LIBOBJS=''
LIBS=''
LIBVERSION='5.1'
LOCAL_CFLAGS=''
LOCAL_DEFS=''
LOCAL_LDFLAGS=''
LTLIBOBJS=''
MAKE_SHELL='/bin/sh'
OBJEXT='o'
PACKAGE_BUGREPORT='bug-readline@gnu.org'
PACKAGE_NAME='readline'
PACKAGE_STRING='readline 5.1-release'
PACKAGE_TARNAME='readline'
PACKAGE_VERSION='5.1-release'
PATH_SEPARATOR=':'
PURIFY=''
RANLIB='ranlib'
SET_MAKE=''
SHARED_INSTALL_TARGET=''
SHARED_TARGET=''
SHELL='/bin/sh'
SHLIB_DLLVERSION='$(SHLIB_MAJOR)'
SHLIB_DOT='.'
SHLIB_LIBPREF='lib'
SHLIB_LIBS=''
SHLIB_LIBSUFF='so'
SHLIB_LIBVERSION='$(SHLIB_LIBSUFF).$(SHLIB_MAJOR)$(SHLIB_MINOR)'
SHLIB_MAJOR='5'
SHLIB_MINOR='1'
SHLIB_STATUS='supported'
SHLIB_XLDFLAGS='-Wl,-rpath,$(libdir) -Wl,-soname,`basename $@ $(SHLIB_MINOR)`'
SHOBJ_CC='gcc'
SHOBJ_CFLAGS='-fPIC'
SHOBJ_LD='${CC}'
SHOBJ_LDFLAGS='-shared -Wl,-soname,$@'
SHOBJ_LIBS=''
SHOBJ_STATUS='supported'
SHOBJ_XLDFLAGS=''
STATIC_INSTALL_TARGET='install-static'
STATIC_TARGET='static'
TERMCAP_LIB='-ltermcap'
WCWIDTH_OBJ=''
ac_ct_CC=''
ac_ct_RANLIB=''
bindir='${exec_prefix}/bin'
build='x86_64-unknown-linux-gnu'
build_alias='x86_64-unknown-linux-gnu'
build_cpu='x86_64'
build_os='linux-gnu'
build_vendor='unknown'
datadir='${prefix}/share'
exec_prefix='${prefix}'
host='x86_64-unknown-linux-gnu'
host_alias='x86_64-unknown-linux-gnu'
host_cpu='x86_64'
host_os='linux-gnu'
host_vendor='unknown'
includedir='${prefix}/include'
infodir='${prefix}/info'
libdir='${exec_prefix}/lib'
libexecdir='${exec_prefix}/libexec'
localstatedir='${prefix}/var'
mandir='${prefix}/man'
oldincludedir='/usr/include'
prefix='/usr/local'
program_transform_name='s,y,y,'
sbindir='${exec_prefix}/sbin'
sharedstatedir='${prefix}/com'
sysconfdir='${prefix}/etc'
target_alias='x86_64-unknown-linux-gnu'

## ----------- ##
## confdefs.h. ##
## ----------- ##

#define CTYPE_NON_ASCII 1
#define FIONREAD_IN_SYS_IOCTL 1
#define GWINSZ_IN_SYS_IOCTL 1
#define HAVE_DIRENT_H 1
#define HAVE_FCNTL 1
#define HAVE_FCNTL_H 1
#define HAVE_GETPWENT 1
#define HAVE_GETPWNAM 1
#define HAVE_GETPWUID 1
#define HAVE_GETPW_DECLS 1
#define HAVE_INTTYPES_H 1
#define HAVE_ISASCII 1
#define HAVE_ISXDIGIT 1
#define HAVE_KILL 1
#define HAVE_LANGINFO_CODESET 1
#define HAVE_LANGINFO_H 1
#define HAVE_LIMITS_H 1
#define HAVE_LOCALE_H 1
#define HAVE_LSTAT 1
#define HAVE_LSTAT 1
#define HAVE_MBRLEN 1
#define HAVE_MBRTOWC 1
#define HAVE_MBSRTOWCS 1
#define HAVE_MBSTATE_T 1
#define HAVE_MEMMOVE 1
#define HAVE_MEMORY_H 1
#define HAVE_MEMORY_H 1
#define HAVE_POSIX_SIGNALS 1
#define HAVE_POSIX_SIGSETJMP 1
#define HAVE_PUTENV 1
#define HAVE_PWD_H 1
#define HAVE_SELECT 1
#define HAVE_SETENV 1
#define HAVE_SETLOCALE 1
#define HAVE_STDARG_H 1
#define HAVE_STDINT_H 1
#define HAVE_STDLIB_H 1
#define HAVE_STDLIB_H 1
#define HAVE_STRCASECMP 1
#define HAVE_STRCOLL 1
#define HAVE_STRINGS_H 1
#define HAVE_STRINGS_H 1
#define HAVE_STRING_H 1
#define HAVE_STRING_H 1
#define HAVE_STRPBRK 1
#define HAVE_STRUCT_DIRENT_D_FILENO 1
#define HAVE_STRUCT_DIRENT_D_INO 1
#define HAVE_SYS_FILE_H 1
#define HAVE_SYS_SELECT_H 1
#define HAVE_SYS_STAT_H 1
#define HAVE_SYS_TYPES_H 1
#define HAVE_TCGETATTR 1
#define HAVE_TERMCAP_H 1
#define HAVE_TERMIOS_H 1
#define HAVE_TERMIO_H 1
#define HAVE_UNISTD_H 1
#define HAVE_UNISTD_H 1
#define HAVE_VSNPRINTF 1
#define HAVE_WCHAR_H 1
#define HAVE_WCSDUP 1
#define HAVE_WCTOMB 1
#define HAVE_WCTYPE_H 1
#define HAVE_WCWIDTH 1
#define PACKAGE_BUGREPORT "bug-readline@gnu.org"
#define PACKAGE_NAME "readline"
#define PACKAGE_STRING "readline 5.1-release"
#define PACKAGE_TARNAME "readline"
#define PACKAGE_VERSION "5.1-release"
#define PROTOTYPES 1
#define RETSIGTYPE void
#define STDC_HEADERS 1
#define STDC_HEADERS 1
#define STRUCT_WINSIZE_IN_SYS_IOCTL 1
#define VOID_SIGHANDLER 1
#define __PROTOTYPES 1

configure: exit 0
