This file contains any messages produced by compilers while
running configure, to aid debugging if configure makes a mistake.

It was created by configure, which was
generated by GNU Autoconf 2.59.  Invocation command line was

  $ /home/dwesterg/data/nios2-linux/nios2-linux/insight/bfd/configure --cache-file=./config.cache --build=x86_64-unknown-linux-gnu --host=x86_64-unknown-linux-gnu --target=x86_64-unknown-linux-gnu --program-transform-name=s,y,y, --srcdir=.././bfd

## --------- ##
## Platform. ##
## --------- ##

hostname = sj-dwesterg-l
uname -m = x86_64
uname -r = 2.6.32-71.29.1.el6.x86_64
uname -s = Linux
uname -v = #1 SMP Mon Jun 27 19:49:27 BST 2011

/usr/bin/uname -p = unknown
/bin/uname -X     = unknown

/bin/arch              = x86_64
/usr/bin/arch -k       = unknown
/usr/convex/getsysinfo = unknown
hostinfo               = unknown
/bin/machine           = unknown
/usr/bin/oslevel       = unknown
/bin/universe          = unknown

PATH: /home/dwesterg/bin
PATH: /usr/bin
PATH: /usr/sbin
PATH: /bin
PATH: /sbin
PATH: /home/dwesterg/scripts
PATH: /usr/lib64/qt-3.3/bin
PATH: /usr/NX/bin
PATH: /usr/lib64/ccache
PATH: /usr/local/bin
PATH: /usr/bin
PATH: /bin
PATH: /usr/local/sbin
PATH: /usr/sbin
PATH: /sbin
PATH: /data/dwesterg/nios2-linux/nios2-linux/toolchain-mmu/x86-linux2/bin
PATH: /tools/acds/11.1/173/linux32/quartus/bin
PATH: /tools/acds/11.1/173/linux32/nios2eds/bin
PATH: /tools/acds/11.1/173/linux32/nios2eds/sdk2/bin
PATH: /tools/acds/11.1/173/linux32/nios2eds/bin/nios2-gnutools/H-i686-pc-linux-gnu/bin
PATH: /tools/acds/11.1/173/linux32/quartus/sopc_builder/bin
PATH: /tools/acds/11.1/173/linux32/modelsim_ae/linuxaloem


## ----------- ##
## Core tests. ##
## ----------- ##

configure:1236: loading cache ./config.cache
configure:1357: checking build system type
configure:1375: result: x86_64-unknown-linux-gnu
configure:1383: checking host system type
configure:1397: result: x86_64-unknown-linux-gnu
configure:1405: checking target system type
configure:1419: result: x86_64-unknown-linux-gnu
configure:1441: checking for x86_64-unknown-linux-gnu-gcc
configure:1467: result: gcc
configure:1749: checking for C compiler version
configure:1752: gcc --version </dev/null >&5
gcc (GCC) 4.4.4 20100726 (Red Hat 4.4.4-13)
Copyright (C) 2010 Free Software Foundation, Inc.
This is free software; see the source for copying conditions.  There is NO
warranty; not even for MERCHANTABILITY or FITNESS FOR A PARTICULAR PURPOSE.

configure:1755: $? = 0
configure:1757: gcc -v </dev/null >&5
Using built-in specs.
Target: x86_64-redhat-linux
Configured with: ../configure --prefix=/usr --mandir=/usr/share/man --infodir=/usr/share/info --with-bugurl=http://bugzilla.redhat.com/bugzilla --enable-bootstrap --enable-shared --enable-threads=posix --enable-checking=release --with-system-zlib --enable-__cxa_atexit --disable-libunwind-exceptions --enable-gnu-unique-object --enable-languages=c,c++,objc,obj-c++,java,fortran,ada --enable-java-awt=gtk --disable-dssi --with-java-home=/usr/lib/jvm/java-1.5.0-gcj-1.5.0.0/jre --enable-libgcj-multifile --enable-java-maintainer-mode --with-ecj-jar=/usr/share/java/eclipse-ecj.jar --disable-libjava-multilib --with-ppl --with-cloog --with-tune=generic --with-arch_32=i686 --build=x86_64-redhat-linux
Thread model: posix
gcc version 4.4.4 20100726 (Red Hat 4.4.4-13) (GCC) 
configure:1760: $? = 0
configure:1762: gcc -V </dev/null >&5
gcc: '-V' option must have argument
configure:1765: $? = 1
configure:1788: checking for C compiler default output file name
configure:1791: gcc -g -O2   conftest.c  >&5
configure:1794: $? = 0
configure:1840: result: a.out
configure:1845: checking whether the C compiler works
configure:1851: ./a.out
configure:1854: $? = 0
configure:1871: result: yes
configure:1878: checking whether we are cross compiling
configure:1880: result: no
configure:1883: checking for suffix of executables
configure:1885: gcc -o conftest -g -O2   conftest.c  >&5
configure:1888: $? = 0
configure:1913: result: 
configure:1919: checking for suffix of object files
configure:1965: result: o
configure:1969: checking whether we are using the GNU C compiler
configure:2025: result: yes
configure:2031: checking whether gcc accepts -g
configure:2082: result: yes
configure:2099: checking for gcc option to accept ANSI C
configure:2206: result: none needed
configure:2224: gcc -c -g -O2  conftest.c >&5
conftest.c:2: error: expected '=', ',', ';', 'asm' or '__attribute__' before 'me'
configure:2230: $? = 1
configure: failed program was:
| #ifndef __cplusplus
|   choke me
| #endif
configure:2364: checking for library containing strerror
configure:2483: result: none required
configure:2505: checking for a BSD-compatible install
configure:2560: result: /usr/bin/install -c
configure:2571: checking whether build environment is sane
configure:2614: result: yes
configure:2679: checking for gawk
configure:2705: result: gawk
configure:2715: checking whether make sets $(MAKE)
configure:2735: result: yes
configure:2765: checking for style of include used by make
configure:2793: result: GNU
configure:2969: checking dependency style of gcc
configure:3059: result: none
configure:3081: checking for x86_64-unknown-linux-gnu-ar
configure:3107: result: ar
configure:3160: checking for x86_64-unknown-linux-gnu-ranlib
configure:3186: result: ranlib
configure:3316: checking for ld used by GCC
configure:3379: result: ld
configure:3388: checking if the linker (ld) is GNU ld
configure:3400: result: yes
configure:3405: checking for ld option to reload object files
configure:3412: result: -r
configure:3417: checking for BSD-compatible nm
configure:3453: result: nm
configure:3456: checking whether ln -s works
configure:3460: result: yes
configure:3467: checking how to recognise dependant libraries
configure:3635: result: pass_all
configure:3646: checking the maximum length of command line arguments
configure:3698: result: 49153
configure:3848: checking for x86_64-unknown-linux-gnu-ranlib
configure:3874: result: ranlib
configure:3928: checking for x86_64-unknown-linux-gnu-strip
configure:3957: result: no
configure:3966: checking for strip
configure:3993: result: strip
configure:4097: gcc -c -g -O2  conftest.c >&5
configure:4100: $? = 0
configure:4296: loading cache ./config.cache
ce PIC
ltconfig:687:checking that gcc PIC flag  -fPIC -DPIC works.
ltconfig:749: checking if gcc static flag  works
ltconfig:780: finding the maximum length of command line arguments
ltconfig:@lineno@: result: 49153
ltconfig:887: checking if gcc supports -fno-rtti -fno-exceptions
ltconfig:888: gcc -c -g -O2 -fno-rtti -fno-exceptions -c conftest.c  conftest.c 1>&5
ltconfig:1431: checking if global_symbol_pipe works
ltconfig:1432: gcc -c -g -O2  conftest.c 1>&5
ltconfig:1435: eval "nm conftest.o | sed -n -e 's/^.*[ 	]\([ABCDGISTW][ABCDGISTW]*\)[ 	][ 	]*\(\)\([_A-Za-z][_A-Za-z0-9]*\)$/\1 \2\3 \3/p' > conftest.nm"
ltconfig:1487: gcc -o conftest -g -O2 -fno-builtin   conftest.c conftstm.o 1>&5
configure:4456: checking whether to enable maintainer-specific portions of Makefiles
configure:4465: result: no
configure:4495: checking whether to install libbfd
configure:4508: result: yes
configure:4552: checking for x86_64-unknown-linux-gnu-gcc
configure:4578: result: gcc
configure:4860: checking for C compiler version
configure:4863: gcc --version </dev/null >&5
gcc (GCC) 4.4.4 20100726 (Red Hat 4.4.4-13)
Copyright (C) 2010 Free Software Foundation, Inc.
This is free software; see the source for copying conditions.  There is NO
warranty; not even for MERCHANTABILITY or FITNESS FOR A PARTICULAR PURPOSE.

configure:4866: $? = 0
configure:4868: gcc -v </dev/null >&5
Using built-in specs.
Target: x86_64-redhat-linux
Configured with: ../configure --prefix=/usr --mandir=/usr/share/man --infodir=/usr/share/info --with-bugurl=http://bugzilla.redhat.com/bugzilla --enable-bootstrap --enable-shared --enable-threads=posix --enable-checking=release --with-system-zlib --enable-__cxa_atexit --disable-libunwind-exceptions --enable-gnu-unique-object --enable-languages=c,c++,objc,obj-c++,java,fortran,ada --enable-java-awt=gtk --disable-dssi --with-java-home=/usr/lib/jvm/java-1.5.0-gcj-1.5.0.0/jre --enable-libgcj-multifile --enable-java-maintainer-mode --with-ecj-jar=/usr/share/java/eclipse-ecj.jar --disable-libjava-multilib --with-ppl --with-cloog --with-tune=generic --with-arch_32=i686 --build=x86_64-redhat-linux
Thread model: posix
gcc version 4.4.4 20100726 (Red Hat 4.4.4-13) (GCC) 
configure:4871: $? = 0
configure:4873: gcc -V </dev/null >&5
gcc: '-V' option must have argument
configure:4876: $? = 1
configure:4879: checking whether we are using the GNU C compiler
configure:4935: result: yes
configure:4941: checking whether gcc accepts -g
configure:4992: result: yes
configure:5009: checking for gcc option to accept ANSI C
configure:5116: result: none needed
configure:5134: gcc -c -g -O2  conftest.c >&5
conftest.c:2: error: expected '=', ',', ';', 'asm' or '__attribute__' before 'me'
configure:5140: $? = 1
configure: failed program was:
| #ifndef __cplusplus
|   choke me
| #endif
configure:5294: checking whether NLS is requested
configure:5300: result: yes
configure:5308: checking for catalogs to be installed
configure:5340: result:  da es fr ja ro rw sv tr vi zh_CN da es fr ja ro rw sv tr vi zh_CN
configure:5367: checking whether NLS is requested
configure:5376: result: yes
configure:5414: checking for msgfmt
configure:5445: result: /usr/bin/msgfmt
configure:5454: checking for gmsgfmt
configure:5485: result: /usr/bin/msgfmt
configure:5524: checking for xgettext
configure:5555: result: /usr/bin/xgettext
configure:5595: checking for msgmerge
configure:5625: result: /usr/bin/msgmerge
configure:5678: checking for a BSD-compatible install
configure:5733: result: /usr/bin/install -c
configure:5751: checking for long long
configure:5803: result: yes
configure:5812: checking how to run the C preprocessor
configure:5930: result: gcc -E
configure:5954: gcc -E  conftest.c
configure:5960: $? = 0
configure:5992: gcc -E  conftest.c
conftest.c:13:28: error: ac_nonexistent.h: No such file or directory
configure:5998: $? = 1
configure: failed program was:
| /* confdefs.h.  */
| 
| #define PACKAGE_NAME ""
| #define PACKAGE_TARNAME ""
| #define PACKAGE_VERSION ""
| #define PACKAGE_STRING ""
| #define PACKAGE_BUGREPORT ""
| #define PACKAGE "bfd"
| #define VERSION "2.17.50"
| #define _GNU_SOURCE 1
| #define ENABLE_NLS 1
| /* end confdefs.h.  */
| #include <ac_nonexistent.h>
configure:6042: checking for egrep
configure:6052: result: grep -E
configure:6057: checking for ANSI C header files
configure:6213: result: yes
configure:6237: checking for sys/types.h
configure:6283: result: yes
configure:6237: checking for sys/stat.h
configure:6283: result: yes
configure:6237: checking for stdlib.h
configure:6283: result: yes
configure:6237: checking for string.h
configure:6283: result: yes
configure:6237: checking for memory.h
configure:6283: result: yes
configure:6237: checking for strings.h
configure:6283: result: yes
configure:6237: checking for inttypes.h
configure:6283: result: yes
configure:6237: checking for stdint.h
configure:6283: result: yes
configure:6237: checking for unistd.h
configure:6283: result: yes
configure:6295: checking for long long
configure:6349: result: yes
configure:6352: checking size of long long
configure:6702: result: 8
configure:6711: checking for long
configure:6765: result: yes
configure:6768: checking size of long
configure:7118: result: 8
configure:7195: checking for stddef.h
configure:7200: result: yes
configure:7195: checking for string.h
configure:7200: result: yes
configure:7195: checking for strings.h
configure:7200: result: yes
configure:7195: checking for stdlib.h
configure:7200: result: yes
configure:7195: checking for time.h
configure:7200: result: yes
configure:7195: checking for unistd.h
configure:7200: result: yes
configure:7347: checking for fcntl.h
configure:7352: result: yes
configure:7347: checking for sys/file.h
configure:7352: result: yes
configure:7347: checking for sys/time.h
configure:7352: result: yes
configure:7492: checking whether time.h and sys/time.h may both be included
configure:7547: result: yes
configure:7565: checking for dirent.h that defines DIR
configure:7619: result: yes
configure:7632: checking for library containing opendir
configure:7751: result: none required
configure:7887: checking whether string.h and strings.h may both be included
configure:7939: result: yes
configure:7959: checking for fcntl
configure:8047: result: yes
configure:7959: checking for getpagesize
configure:8047: result: yes
configure:7959: checking for setitimer
configure:8047: result: yes
configure:7959: checking for sysconf
configure:8047: result: yes
configure:7959: checking for fdopen
configure:8047: result: yes
configure:7959: checking for getuid
configure:8047: result: yes
configure:7959: checking for getgid
configure:8047: result: yes
configure:8061: checking for strtoull
configure:8149: result: yes
configure:8160: checking whether basename is declared
configure:8214: result: yes
configure:8232: checking whether ftello is declared
configure:8286: result: yes
configure:8304: checking whether ftello64 is declared
configure:8358: result: yes
configure:8376: checking whether fseeko is declared
configure:8430: result: yes
configure:8448: checking whether fseeko64 is declared
configure:8502: result: yes
configure:8531: checking whether ffs is declared
configure:8585: result: yes
configure:8603: checking whether free is declared
configure:8657: result: yes
configure:8675: checking whether getenv is declared
configure:8729: result: yes
configure:8747: checking whether malloc is declared
configure:8801: result: yes
configure:8819: checking whether realloc is declared
configure:8873: result: yes
configure:8891: checking whether stpcpy is declared
configure:8945: result: yes
configure:8963: checking whether strstr is declared
configure:9017: result: yes
configure:9035: checking whether snprintf is declared
configure:9089: result: yes
configure:9107: checking whether vsnprintf is declared
configure:9161: result: yes
configure:9461: checking for sys/procfs.h
configure:9466: result: yes
configure:9607: checking for prstatus_t in sys/procfs.h
configure:9669: result: yes
configure:9672: checking for prstatus32_t in sys/procfs.h
configure:9734: result: no
configure:9737: checking for prstatus_t.pr_who in sys/procfs.h
configure:9799: result: no
configure:9802: checking for prstatus32_t.pr_who in sys/procfs.h
configure:9864: result: no
configure:9867: checking for pstatus_t in sys/procfs.h
configure:9929: result: no
configure:9932: checking for pxstatus_t in sys/procfs.h
configure:9994: result: no
configure:9997: checking for pstatus32_t in sys/procfs.h
configure:10059: result: no
configure:10062: checking for prpsinfo_t in sys/procfs.h
configure:10124: result: yes
configure:10127: checking for prpsinfo32_t in sys/procfs.h
configure:10189: result: no
configure:10192: checking for psinfo_t in sys/procfs.h
configure:10254: result: no
configure:10257: checking for psinfo32_t in sys/procfs.h
configure:10319: result: no
configure:10322: checking for lwpstatus_t in sys/procfs.h
configure:10384: result: no
configure:10387: checking for lwpxstatus_t in sys/procfs.h
configure:10449: result: no
configure:10452: checking for lwpstatus_t.pr_context in sys/procfs.h
configure:10514: result: no
configure:10517: checking for lwpstatus_t.pr_reg in sys/procfs.h
configure:10579: result: no
configure:10582: checking for win32_pstatus_t in sys/procfs.h
configure:10644: result: no
configure:11139: checking for gcc version with buggy 64-bit support
configure:11156: result: no
configure:11195: checking for ftello
configure:11283: result: yes
configure:11195: checking for ftello64
configure:11283: result: yes
configure:11195: checking for fseeko
configure:11283: result: yes
configure:11195: checking for fseeko64
configure:11283: result: yes
configure:11195: checking for fopen64
configure:11283: result: yes
configure:11294: checking for off_t
configure:11348: result: yes
configure:11351: checking size of off_t
configure:11701: result: 8
configure:11709: checking file_ptr type
configure:11718: result: BFD_HOST_64_BIT
configure:11738: checking for stdlib.h
configure:11743: result: yes
configure:11738: checking for unistd.h
configure:11743: result: yes
configure:11887: checking for getpagesize
configure:11975: result: yes
configure:11985: checking for working mmap
configure:12149: result: yes
configure:12165: checking for madvise
configure:12253: result: yes
configure:12165: checking for mprotect
configure:12253: result: yes
configure:12405: creating ./config.status

## ---------------------- ##
## Running config.status. ##
## ---------------------- ##

This file was extended by config.status, which was
generated by GNU Autoconf 2.59.  Invocation command line was

  CONFIG_FILES    = 
  CONFIG_HEADERS  = 
  CONFIG_LINKS    = 
  CONFIG_COMMANDS = 
  $ ./config.status 

on sj-dwesterg-l

config.status:771: creating Makefile
config.status:771: creating doc/Makefile
config.status:771: creating bfd-in3.h
config.status:771: creating po/Makefile.in
config.status:868: creating config.h
config.status:1098: config.h is unchanged
config.status:1278: executing depfiles commands
config.status:1278: executing default-1 commands
config.status:1278: executing default commands

## ---------------- ##
## Cache variables. ##
## ---------------- ##

ac_cv_archive_cmds_needs_lc=yes
ac_cv_build=x86_64-unknown-linux-gnu
ac_cv_build_alias=x86_64-unknown-linux-gnu
ac_cv_c_compiler_gnu=yes
ac_cv_env_CC_set=set
ac_cv_env_CC_value=gcc
ac_cv_env_CFLAGS_set=set
ac_cv_env_CFLAGS_value='-g -O2'
ac_cv_env_CPPFLAGS_set=
ac_cv_env_CPPFLAGS_value=
ac_cv_env_CPP_set=
ac_cv_env_CPP_value=
ac_cv_env_LDFLAGS_set=set
ac_cv_env_LDFLAGS_value=
ac_cv_env_build_alias_set=set
ac_cv_env_build_alias_value=x86_64-unknown-linux-gnu
ac_cv_env_host_alias_set=set
ac_cv_env_host_alias_value=x86_64-unknown-linux-gnu
ac_cv_env_target_alias_set=set
ac_cv_env_target_alias_value=x86_64-unknown-linux-gnu
ac_cv_exeext=
ac_cv_func_fcntl=yes
ac_cv_func_fdopen=yes
ac_cv_func_fopen64=yes
ac_cv_func_fseeko=yes
ac_cv_func_fseeko64=yes
ac_cv_func_ftello=yes
ac_cv_func_ftello64=yes
ac_cv_func_getgid=yes
ac_cv_func_getpagesize=yes
ac_cv_func_getuid=yes
ac_cv_func_madvise=yes
ac_cv_func_mmap_fixed_mapped=yes
ac_cv_func_mprotect=yes
ac_cv_func_setitimer=yes
ac_cv_func_strtoull=yes
ac_cv_func_sysconf=yes
ac_cv_have_decl_basename=yes
ac_cv_have_decl_ffs=yes
ac_cv_have_decl_free=yes
ac_cv_have_decl_fseeko=yes
ac_cv_have_decl_fseeko64=yes
ac_cv_have_decl_ftello=yes
ac_cv_have_decl_ftello64=yes
ac_cv_have_decl_getenv=yes
ac_cv_have_decl_malloc=yes
ac_cv_have_decl_realloc=yes
ac_cv_have_decl_snprintf=yes
ac_cv_have_decl_stpcpy=yes
ac_cv_have_decl_strstr=yes
ac_cv_have_decl_vsnprintf=yes
ac_cv_header_dirent_dirent_h=yes
ac_cv_header_fcntl_h=yes
ac_cv_header_inttypes_h=yes
ac_cv_header_memory_h=yes
ac_cv_header_stdc=yes
ac_cv_header_stddef_h=yes
ac_cv_header_stdint_h=yes
ac_cv_header_stdlib_h=yes
ac_cv_header_string_h=yes
ac_cv_header_strings_h=yes
ac_cv_header_sys_file_h=yes
ac_cv_header_sys_procfs_h=yes
ac_cv_header_sys_stat_h=yes
ac_cv_header_sys_time_h=yes
ac_cv_header_sys_types_h=yes
ac_cv_header_time=yes
ac_cv_header_time_h=yes
ac_cv_header_unistd_h=yes
ac_cv_host=x86_64-unknown-linux-gnu
ac_cv_host_alias=x86_64-unknown-linux-gnu
ac_cv_objext=o
ac_cv_path_GMSGFMT=/usr/bin/msgfmt
ac_cv_path_MSGFMT=/usr/bin/msgfmt
ac_cv_path_MSGMERGE=/usr/bin/msgmerge
ac_cv_path_XGETTEXT=/usr/bin/xgettext
ac_cv_prog_AR=ar
ac_cv_prog_AWK=gawk
ac_cv_prog_CC=gcc
ac_cv_prog_CPP='gcc -E'
ac_cv_prog_RANLIB=ranlib
ac_cv_prog_ac_ct_STRIP=strip
ac_cv_prog_cc_can_build_shared=yes
ac_cv_prog_cc_g=yes
ac_cv_prog_cc_no_builtin=
ac_cv_prog_cc_pic=' -fPIC -DPIC'
ac_cv_prog_cc_pic_works=yes
ac_cv_prog_cc_shlib=
ac_cv_prog_cc_static=
ac_cv_prog_cc_static_works=no
ac_cv_prog_cc_stdc=
ac_cv_prog_cc_wl=-Wl,
ac_cv_prog_egrep='grep -E'
ac_cv_prog_make_make_set=yes
ac_cv_search_opendir='none required'
ac_cv_search_strerror='none required'
ac_cv_sizeof_long=8
ac_cv_sizeof_long_long=8
ac_cv_sizeof_off_t=8
ac_cv_target=x86_64-unknown-linux-gnu
ac_cv_target_alias=x86_64-unknown-linux-gnu
ac_cv_type_long=yes
ac_cv_type_long_long=yes
ac_cv_type_off_t=yes
am_cv_CC_dependencies_compiler_type=none
bfd_cv_has_long_long=yes
bfd_cv_have_sys_procfs_type_lwpstatus_t=no
bfd_cv_have_sys_procfs_type_lwpxstatus_t=no
bfd_cv_have_sys_procfs_type_member_lwpstatus_t_pr_context=no
bfd_cv_have_sys_procfs_type_member_lwpstatus_t_pr_reg=no
bfd_cv_have_sys_procfs_type_member_prstatus32_t_pr_who=no
bfd_cv_have_sys_procfs_type_member_prstatus_t_pr_who=no
bfd_cv_have_sys_procfs_type_prpsinfo32_t=no
bfd_cv_have_sys_procfs_type_prpsinfo_t=yes
bfd_cv_have_sys_procfs_type_prstatus32_t=no
bfd_cv_have_sys_procfs_type_prstatus_t=yes
bfd_cv_have_sys_procfs_type_psinfo32_t=no
bfd_cv_have_sys_procfs_type_psinfo_t=no
bfd_cv_have_sys_procfs_type_pstatus32_t=no
bfd_cv_have_sys_procfs_type_pstatus_t=no
bfd_cv_have_sys_procfs_type_pxstatus_t=no
bfd_cv_have_sys_procfs_type_win32_pstatus_t=no
gcc_cv_header_string=yes
lt_cv_compiler_c_o=yes
lt_cv_deplibs_check_method=pass_all
lt_cv_file_magic_cmd='$MAGIC_CMD'
lt_cv_file_magic_test_file=
lt_cv_ld_reload_flag=-r
lt_cv_path_LD=ld
lt_cv_path_NM=nm
lt_cv_prog_gnu_ld=yes
lt_cv_sys_max_cmd_len=49153

## ----------------- ##
## Output variables. ##
## ----------------- ##

ACLOCAL='${SHELL} /home/dwesterg/data/nios2-linux/nios2-linux/insight/missing --run aclocal-1.9'
AMDEPBACKSLASH='\'
AMDEP_FALSE='#'
AMDEP_TRUE=''
AMTAR='${SHELL} /home/dwesterg/data/nios2-linux/nios2-linux/insight/missing --run tar'
AR='ar'
AUTOCONF='${SHELL} /home/dwesterg/data/nios2-linux/nios2-linux/insight/missing --run autoconf'
AUTOHEADER='${SHELL} /home/dwesterg/data/nios2-linux/nios2-linux/insight/missing --run autoheader'
AUTOMAKE='${SHELL} /home/dwesterg/data/nios2-linux/nios2-linux/insight/missing --run automake-1.9'
AWK='gawk'
BFD_HOST_64BIT_LONG='1'
BFD_HOST_64_BIT='long'
BFD_HOST_64_BIT_DEFINED='1'
BFD_HOST_LONG_LONG='1'
BFD_HOST_U_64_BIT='unsigned long'
CATALOGS=' da.gmo es.gmo fr.gmo ja.gmo ro.gmo rw.gmo sv.gmo tr.gmo vi.gmo zh_CN.gmo da.gmo es.gmo fr.gmo ja.gmo ro.gmo rw.gmo sv.gmo tr.gmo vi.gmo zh_CN.gmo'
CATOBJEXT='.gmo'
CC='gcc'
CCDEPMODE='depmode=none'
CC_FOR_BUILD='gcc'
CFLAGS='-g -O2'
COREFILE=''
COREFLAG=''
CPP='gcc -E'
CPPFLAGS=''
CYGPATH_W='cygpath -w'
DATADIRNAME='share'
DEFS='-DHAVE_CONFIG_H'
DEPDIR='.deps'
ECHO_C=''
ECHO_N='-n'
ECHO_T=''
EGREP='grep -E'
EXEEXT=''
EXEEXT_FOR_BUILD='$(EXEEXT)'
GENCAT='gencat'
GMSGFMT='/usr/bin/msgfmt'
HDEFINES=''
INCINTL=''
INSTALL_DATA='/usr/bin/install -c -m 644'
INSTALL_LIBBFD_FALSE='#'
INSTALL_LIBBFD_TRUE=''
INSTALL_PROGRAM='/usr/bin/install -c'
INSTALL_SCRIPT='/usr/bin/install -c'
INSTALL_STRIP_PROGRAM='${SHELL} $(install_sh) -c -s'
INSTOBJEXT='.mo'
LDFLAGS=''
LIBINTL=''
LIBINTL_DEP=''
LIBOBJS=''
LIBS=''
LIBTOOL='$(SHELL) $(top_builddir)/libtool'
LN_S='ln -s'
LTLIBOBJS=''
MAINT='#'
MAINTAINER_MODE_FALSE=''
MAINTAINER_MODE_TRUE='#'
MAKEINFO='makeinfo --split-size=5000000'
MKINSTALLDIRS='$(top_builddir)/.././bfd/../mkinstalldirs'
MSGFMT='/usr/bin/msgfmt'
MSGMERGE='/usr/bin/msgmerge'
NO_WERROR='-Wno-error'
OBJEXT='o'
PACKAGE='bfd'
PACKAGE_BUGREPORT=''
PACKAGE_NAME=''
PACKAGE_STRING=''
PACKAGE_TARNAME=''
PACKAGE_VERSION=''
PATH_SEPARATOR=':'
POSUB='po'
RANLIB='ranlib'
SET_MAKE=''
SHELL='/bin/sh'
STRIP='strip'
TDEFINES=' '
USE_NLS='yes'
VERSION='2.17.50'
WARN_CFLAGS='-W -Wall -Wstrict-prototypes -Wmissing-prototypes -Werror'
WIN32LDFLAGS=''
WIN32LIBADD=''
XGETTEXT='/usr/bin/xgettext'
ac_ct_AR=''
ac_ct_CC=''
ac_ct_RANLIB=''
ac_ct_STRIP='strip'
all_backends='$(BFD64_BACKENDS) $(BFD32_BACKENDS)'
am__fastdepCC_FALSE=''
am__fastdepCC_TRUE='#'
am__include='include'
am__leading_dot='.'
am__quote=''
am__tar='${AMTAR} chof - "$$tardir"'
am__untar='${AMTAR} xf -'
bfd_backends=' elf64-x86-64.lo elf64.lo elf.lo elflink.lo elf-strtab.lo elf-eh-frame.lo dwarf1.lo elf32-i386.lo elf-vxworks.lo elf32.lo i386linux.lo aout32.lo efi-app-ia32.lo peigen.lo cofflink.lo elf64-gen.lo elf32-gen.lo'
bfd_default_target_size='64'
bfd_file_ptr='BFD_HOST_64_BIT'
bfd_libs='$(BFD64_LIBS) $(BFD32_LIBS)'
bfd_machines=' cpu-i386.lo'
bfd_ufile_ptr='BFD_HOST_U_64_BIT'
bfdincludedir='$(includedir)'
bfdlibdir='$(libdir)'
bindir='${exec_prefix}/bin'
build='x86_64-unknown-linux-gnu'
build_alias='x86_64-unknown-linux-gnu'
build_cpu='x86_64'
build_os='linux-gnu'
build_vendor='unknown'
datadir='${prefix}/share'
datarootdir='/usr/local/share'
docdir='/usr/local/share/doc'
exec_prefix='${prefix}'
host='x86_64-unknown-linux-gnu'
host_alias='x86_64-unknown-linux-gnu'
host_cpu='x86_64'
host_noncanonical='x86_64-unknown-linux-gnu'
host_os='linux-gnu'
host_vendor='unknown'
htmldir='/usr/local/share/doc'
includedir='${prefix}/include'
infodir='${prefix}/info'
install_sh='/home/dwesterg/data/nios2-linux/nios2-linux/insight/install-sh'
libdir='${exec_prefix}/lib'
libexecdir='${exec_prefix}/libexec'
localstatedir='${prefix}/var'
mandir='${prefix}/man'
mkdir_p='mkdir -p --'
oldincludedir='/usr/include'
prefix='/usr/local'
program_transform_name='s,y,y,'
sbindir='${exec_prefix}/sbin'
sharedstatedir='${prefix}/com'
sysconfdir='${prefix}/etc'
target='x86_64-unknown-linux-gnu'
target_alias='x86_64-unknown-linux-gnu'
target_cpu='x86_64'
target_noncanonical='x86_64-unknown-linux-gnu'
target_os='linux-gnu'
target_vendor='unknown'
tdefaults=' -DDEFAULT_VECTOR=bfd_elf64_x86_64_vec -DSELECT_VECS='&bfd_elf64_x86_64_vec,&bfd_elf32_i386_vec,&i386linux_vec,&bfd_efi_app_ia32_vec,&bfd_elf64_little_generic_vec,&bfd_elf64_big_generic_vec,&bfd_elf32_little_generic_vec,&bfd_elf32_big_generic_vec' -DSELECT_ARCHITECTURES='&bfd_i386_arch' -DHAVE_bfd_elf64_x86_64_vec -DHAVE_bfd_elf32_i386_vec -DHAVE_i386linux_vec -DHAVE_bfd_efi_app_ia32_vec -DHAVE_bfd_elf64_little_generic_vec -DHAVE_bfd_elf64_big_generic_vec -DHAVE_bfd_elf32_little_generic_vec -DHAVE_bfd_elf32_big_generic_vec'
wordsize='64'

## ----------- ##
## confdefs.h. ##
## ----------- ##

#define ENABLE_NLS 1
#define HAVE_DECL_BASENAME 1
#define HAVE_DECL_FFS 1
#define HAVE_DECL_FREE 1
#define HAVE_DECL_FSEEKO 1
#define HAVE_DECL_FSEEKO64 1
#define HAVE_DECL_FTELLO 1
#define HAVE_DECL_FTELLO64 1
#define HAVE_DECL_GETENV 1
#define HAVE_DECL_MALLOC 1
#define HAVE_DECL_REALLOC 1
#define HAVE_DECL_SNPRINTF 1
#define HAVE_DECL_STPCPY 1
#define HAVE_DECL_STRSTR 1
#define HAVE_DECL_VSNPRINTF 1
#define HAVE_DIRENT_H 1
#define HAVE_FCNTL 1
#define HAVE_FCNTL_H 1
#define HAVE_FDOPEN 1
#define HAVE_FOPEN64 1
#define HAVE_FSEEKO 1
#define HAVE_FSEEKO64 1
#define HAVE_FTELLO 1
#define HAVE_FTELLO64 1
#define HAVE_GETGID 1
#define HAVE_GETPAGESIZE 1
#define HAVE_GETPAGESIZE 1
#define HAVE_GETUID 1
#define HAVE_INTTYPES_H 1
#define HAVE_MADVISE 1
#define HAVE_MEMORY_H 1
#define HAVE_MMAP 1
#define HAVE_MPROTECT 1
#define HAVE_PRPSINFO_T 1
#define HAVE_PRSTATUS_T 1
#define HAVE_SETITIMER 1
#define HAVE_STDDEF_H 1
#define HAVE_STDINT_H 1
#define HAVE_STDLIB_H 1
#define HAVE_STDLIB_H 1
#define HAVE_STDLIB_H 1
#define HAVE_STRINGS_H 1
#define HAVE_STRINGS_H 1
#define HAVE_STRING_H 1
#define HAVE_STRING_H 1
#define HAVE_STRTOULL 1
#define HAVE_SYSCONF 1
#define HAVE_SYS_FILE_H 1
#define HAVE_SYS_PROCFS_H 1
#define HAVE_SYS_STAT_H 1
#define HAVE_SYS_TIME_H 1
#define HAVE_SYS_TYPES_H 1
#define HAVE_TIME_H 1
#define HAVE_UNISTD_H 1
#define HAVE_UNISTD_H 1
#define HAVE_UNISTD_H 1
#define PACKAGE "bfd"
#define PACKAGE_BUGREPORT ""
#define PACKAGE_NAME ""
#define PACKAGE_STRING ""
#define PACKAGE_TARNAME ""
#define PACKAGE_VERSION ""
#define SIZEOF_LONG 8
#define SIZEOF_LONG_LONG 8
#define SIZEOF_OFF_T 8
#define STDC_HEADERS 1
#define STRING_WITH_STRINGS 1
#define TIME_WITH_SYS_TIME 1
#define VERSION "2.17.50"
#define _GNU_SOURCE 1

configure: exit 0
