This file contains any messages produced by compilers while
running configure, to aid debugging if configure makes a mistake.

It was created by configure, which was
generated by GNU Autoconf 2.59.  Invocation command line was

  $ ../.././tcl/unix/configure --prefix=/usr/local --cache-file=./config.cache --build=x86_64-unknown-linux-gnu --host=x86_64-unknown-linux-gnu --target=x86_64-unknown-linux-gnu --program-transform-name=s,y,y, --srcdir=.././tcl build_alias=x86_64-unknown-linux-gnu host_alias=x86_64-unknown-linux-gnu target_alias=x86_64-unknown-linux-gnu --cache-file=.././config.cache --srcdir=../.././tcl/unix

## --------- ##
## Platform. ##
## --------- ##

hostname = sj-dwesterg-l
uname -m = x86_64
uname -r = 2.6.32-71.29.1.el6.x86_64
uname -s = Linux
uname -v = #1 SMP Mon Jun 27 19:49:27 BST 2011

/usr/bin/uname -p = unknown
/bin/uname -X     = unknown

/bin/arch              = x86_64
/usr/bin/arch -k       = unknown
/usr/convex/getsysinfo = unknown
hostinfo               = unknown
/bin/machine           = unknown
/usr/bin/oslevel       = unknown
/bin/universe          = unknown

PATH: /home/dwesterg/bin
PATH: /usr/bin
PATH: /usr/sbin
PATH: /bin
PATH: /sbin
PATH: /home/dwesterg/scripts
PATH: /usr/lib64/qt-3.3/bin
PATH: /usr/NX/bin
PATH: /usr/lib64/ccache
PATH: /usr/local/bin
PATH: /usr/bin
PATH: /bin
PATH: /usr/local/sbin
PATH: /usr/sbin
PATH: /sbin
PATH: /data/dwesterg/nios2-linux/nios2-linux/toolchain-mmu/x86-linux2/bin
PATH: /tools/acds/11.1/173/linux32/quartus/bin
PATH: /tools/acds/11.1/173/linux32/nios2eds/bin
PATH: /tools/acds/11.1/173/linux32/nios2eds/sdk2/bin
PATH: /tools/acds/11.1/173/linux32/nios2eds/bin/nios2-gnutools/H-i686-pc-linux-gnu/bin
PATH: /tools/acds/11.1/173/linux32/quartus/sopc_builder/bin
PATH: /tools/acds/11.1/173/linux32/modelsim_ae/linuxaloem


## ----------- ##
## Core tests. ##
## ----------- ##

configure:1215: loading cache .././config.cache
configure:1330: checking whether to use symlinks for manpages
configure:1339: result: no
configure:1342: checking compression for manpages
configure:1354: result: no
configure:1378: checking for x86_64-unknown-linux-gnu-gcc
configure:1404: result: gcc
configure:1686: checking for C compiler version
configure:1689: gcc --version </dev/null >&5
gcc (GCC) 4.4.4 20100726 (Red Hat 4.4.4-13)
Copyright (C) 2010 Free Software Foundation, Inc.
This is free software; see the source for copying conditions.  There is NO
warranty; not even for MERCHANTABILITY or FITNESS FOR A PARTICULAR PURPOSE.

configure:1692: $? = 0
configure:1694: gcc -v </dev/null >&5
Using built-in specs.
Target: x86_64-redhat-linux
Configured with: ../configure --prefix=/usr --mandir=/usr/share/man --infodir=/usr/share/info --with-bugurl=http://bugzilla.redhat.com/bugzilla --enable-bootstrap --enable-shared --enable-threads=posix --enable-checking=release --with-system-zlib --enable-__cxa_atexit --disable-libunwind-exceptions --enable-gnu-unique-object --enable-languages=c,c++,objc,obj-c++,java,fortran,ada --enable-java-awt=gtk --disable-dssi --with-java-home=/usr/lib/jvm/java-1.5.0-gcj-1.5.0.0/jre --enable-libgcj-multifile --enable-java-maintainer-mode --with-ecj-jar=/usr/share/java/eclipse-ecj.jar --disable-libjava-multilib --with-ppl --with-cloog --with-tune=generic --with-arch_32=i686 --build=x86_64-redhat-linux
Thread model: posix
gcc version 4.4.4 20100726 (Red Hat 4.4.4-13) (GCC) 
configure:1697: $? = 0
configure:1699: gcc -V </dev/null >&5
gcc: '-V' option must have argument
configure:1702: $? = 1
configure:1725: checking for C compiler default output file name
configure:1728: gcc -g -O2   conftest.c  >&5
configure:1731: $? = 0
configure:1777: result: a.out
configure:1782: checking whether the C compiler works
configure:1788: ./a.out
configure:1791: $? = 0
configure:1808: result: yes
configure:1815: checking whether we are cross compiling
configure:1817: result: no
configure:1820: checking for suffix of executables
configure:1822: gcc -o conftest -g -O2   conftest.c  >&5
configure:1825: $? = 0
configure:1850: result: 
configure:1856: checking for suffix of object files
configure:1902: result: o
configure:1906: checking whether we are using the GNU C compiler
configure:1962: result: yes
configure:1968: checking whether gcc accepts -g
configure:2019: result: yes
configure:2036: checking for gcc option to accept ANSI C
configure:2143: result: none needed
configure:2161: gcc -c -g -O2  conftest.c >&5
conftest.c:2: error: expected '=', ',', ';', 'asm' or '__attribute__' before 'me'
configure:2167: $? = 1
configure: failed program was:
| #ifndef __cplusplus
|   choke me
| #endif
configure:2306: checking how to run the C preprocessor
configure:2424: result: gcc -E
configure:2448: gcc -E  conftest.c
configure:2454: $? = 0
configure:2486: gcc -E  conftest.c
conftest.c:9:28: error: ac_nonexistent.h: No such file or directory
configure:2492: $? = 1
configure: failed program was:
| /* confdefs.h.  */
| 
| #define PACKAGE_NAME ""
| #define PACKAGE_TARNAME ""
| #define PACKAGE_VERSION ""
| #define PACKAGE_STRING ""
| #define PACKAGE_BUGREPORT ""
| /* end confdefs.h.  */
| #include <ac_nonexistent.h>
configure:2536: checking for egrep
configure:2546: result: grep -E
configure:2551: checking for ANSI C header files
configure:2707: result: yes
configure:2731: checking for sys/types.h
configure:2777: result: yes
configure:2731: checking for sys/stat.h
configure:2777: result: yes
configure:2731: checking for stdlib.h
configure:2777: result: yes
configure:2731: checking for string.h
configure:2777: result: yes
configure:2731: checking for memory.h
configure:2777: result: yes
configure:2731: checking for strings.h
configure:2777: result: yes
configure:2731: checking for inttypes.h
configure:2777: result: yes
configure:2731: checking for stdint.h
configure:2777: result: yes
configure:2731: checking for unistd.h
configure:2777: result: yes
configure:2795: checking for unistd.h
configure:2800: result: yes
configure:2795: checking for limits.h
configure:2800: result: yes
configure:2946: checking for building with threads
configure:3566: result: no (default)
configure:3579: checking if the compiler understands -pipe
configure:3599: gcc -pipe -c -g -O2  conftest.c >&5
configure:3605: $? = 0
configure:3609: test -z 
			 || test ! -s conftest.err
configure:3612: $? = 0
configure:3615: test -s conftest.o
configure:3618: $? = 0
configure:3620: result: yes
configure:3639: checking for required early compiler flags
configure:3852: result:  _LARGEFILE64_SOURCE
configure:3857: checking for 64-bit integer type
configure:3955: result: using long
configure:4161: checking whether byte ordering is bigendian
configure:4372: result: no
configure:4402: checking for getcwd
configure:4490: result: yes
configure:4513: checking for opendir
configure:4601: result: yes
configure:4513: checking for strstr
configure:4601: result: yes
configure:4630: checking for strtol
configure:4718: result: yes
configure:4630: checking for strtoll
configure:4718: result: yes
configure:4630: checking for strtoull
configure:4718: result: yes
configure:4630: checking for tmpnam
configure:4718: result: yes
configure:4630: checking for waitpid
configure:4718: result: yes
configure:4738: checking for strerror
configure:4826: result: yes
configure:4837: checking for getwd
configure:4925: result: yes
configure:4936: checking for wait3
configure:5024: result: yes
configure:5035: checking for uname
configure:5123: result: yes
configure:5134: checking for realpath
configure:5222: result: yes
configure:5244: checking dirent.h
configure:5281: gcc -pipe -o conftest -g -O2   conftest.c  >&5
configure:5287: $? = 0
configure:5291: test -z 
			 || test ! -s conftest.err
configure:5294: $? = 0
configure:5297: test -s conftest
configure:5300: $? = 0
configure:5319: result: yes
configure:5322: checking for errno.h
configure:5327: result: yes
configure:5469: checking for float.h
configure:5474: result: yes
configure:5616: checking for values.h
configure:5621: result: yes
configure:5763: checking for limits.h
configure:5768: result: yes
configure:5910: checking for stdlib.h
configure:5915: result: yes
configure:6111: checking for string.h
configure:6116: result: yes
configure:6300: checking for sys/wait.h
configure:6305: result: yes
configure:6447: checking for dlfcn.h
configure:6452: result: yes
configure:6602: checking for unistd.h
configure:6607: result: yes
configure:6602: checking for sys/param.h
configure:6607: result: yes
configure:6762: checking for sys/modem.h
configure:6767: result: no
configure:6907: checking termios vs. termio vs. sgtty
configure:7207: result: termios
configure:7221: checking for fd_set in sys/types
configure:7273: result: yes
configure:7322: checking whether struct tm is in sys/time.h or time.h
configure:7375: result: time.h
configure:7391: checking for sys/time.h
configure:7396: result: yes
configure:7536: checking whether time.h and sys/time.h may both be included
configure:7591: result: yes
configure:7601: checking for struct tm.tm_zone
configure:7706: result: yes
configure:7797: checking for gmtime_r
configure:7885: result: yes
configure:7797: checking for localtime_r
configure:7885: result: yes
configure:7896: checking tm_tzadj in struct tm
configure:7948: result: no
configure:7957: checking tm_gmtoff in struct tm
configure:8009: result: yes
configure:8022: checking long timezone variable
configure:8045: gcc -pipe -c -g -O2  conftest.c >&5
conftest.c: In function 'main':
conftest.c:47: warning: incompatible implicit declaration of built-in function 'exit'
configure:8051: $? = 0
configure:8055: test -z 
			 || test ! -s conftest.err
configure:8058: $? = 0
configure:8061: test -s conftest.o
configure:8064: $? = 0
configure:8076: result: yes
configure:8157: checking for struct stat.st_blksize
configure:8256: result: yes
configure:8272: checking for fstatfs
configure:8360: result: yes
configure:8376: checking for working memcmp
configure:8446: result: yes
configure:8463: checking for memmove
configure:8551: result: yes
configure:8571: checking proper strstr implementation
configure:8591: gcc -pipe -o conftest -g -O2   conftest.c  >&5
conftest.c:45: warning: conflicting types for built-in function 'strstr'
conftest.c: In function 'main':
conftest.c:48: warning: incompatible implicit declaration of built-in function 'exit'
configure:8594: $? = 0
configure:8596: ./conftest
configure:8599: $? = 0
configure:8613: result: yes
configure:8635: checking for strtoul
configure:8723: result: yes
configure:8755: gcc -pipe -o conftest -g -O2   conftest.c  >&5
conftest.c: In function 'main':
conftest.c:53: warning: incompatible implicit declaration of built-in function 'exit'
conftest.c:55: warning: incompatible implicit declaration of built-in function 'exit'
configure:8758: $? = 0
configure:8760: ./conftest
configure:8763: $? = 0
configure:8794: checking for strtod
configure:8882: result: yes
configure:8914: gcc -pipe -o conftest -g -O2   conftest.c  >&5
conftest.c: In function 'main':
conftest.c:53: warning: incompatible implicit declaration of built-in function 'exit'
conftest.c:55: warning: incompatible implicit declaration of built-in function 'exit'
configure:8917: $? = 0
configure:8919: ./conftest
configure:8922: $? = 0
configure:8956: checking for strtod
configure:9044: result: yes
configure:9053: checking for Solaris2.4/Tru64 strtod bugs
configure:9114: result: ok
configure:9141: checking for mode_t
configure:9195: result: yes
configure:9207: checking for pid_t
configure:9261: result: yes
configure:9273: checking for size_t
configure:9327: result: yes
configure:9339: checking for uid_t in sys/types.h
configure:9362: result: yes
configure:9378: checking for socklen_t
configure:9408: result: yes
configure:9424: checking for opendir
configure:9512: result: yes
configure:9532: checking union wait
configure:9590: result: yes
configure:9605: checking for strncasecmp
configure:9693: result: yes
configure:9868: checking for BSDgettimeofday
configure:9956: result: no
configure:9965: checking for gettimeofday
configure:10053: result: yes
configure:10067: checking for gettimeofday declaration
configure:10091: result: present
configure:10107: checking whether char is unsigned
configure:10160: result: no
configure:10169: checking signed char declarations
configure:10224: result: yes
configure:10237: checking for a putenv() that copies the buffer
configure:10296: result: no
configure:10322: checking for langinfo.h
configure:10327: result: yes
configure:10467: checking whether to use nl_langinfo
configure:10486: gcc -pipe -c -g -O2  conftest.c >&5
configure:10492: $? = 0
configure:10496: test -z 
			 || test ! -s conftest.err
configure:10499: $? = 0
configure:10502: test -s conftest.o
configure:10505: $? = 0
configure:10525: result: yes
configure:10541: checking for sin
configure:10629: result: no
configure:10637: checking for main in -lieee
configure:10693: result: yes
configure:10705: checking for main in -linet
configure:10761: result: no
configure:10768: checking for net/errno.h
configure:10773: result: no
configure:10932: checking for connect
configure:11020: result: yes
configure:11295: checking for gethostbyname
configure:11383: result: yes
configure:11472: checking how to build libraries
configure:11494: result: static
configure:11513: checking for x86_64-unknown-linux-gnu-ranlib
configure:11539: result: ranlib
configure:11594: checking if 64bit support is requested
configure:11609: result: no
configure:11614: checking if 64bit Sparc VIS support is requested
configure:11631: result: no
configure:11638: checking system version (for dynamic loading)
configure:11658: result: Linux-2.6.32-71.29.1.el6.x86_64
configure:11666: checking for dlopen in -ldl
configure:11728: result: yes
configure:11762: checking for ar
configure:11788: result: ar
configure:13619: checking for build with symbols
configure:13633: result: no
configure:13691: checking for sys/ioctl.h
configure:13696: result: yes
configure:13841: checking for sys/filio.h
configure:13846: result: no
configure:13986: checking FIONBIO vs. O_NONBLOCK for nonblocking I/O
configure:14037: result: O_NONBLOCK
configure:14053: checking how to package libraries
configure:14080: result: standard shared library
configure:14342: creating ./config.status

## ---------------------- ##
## Running config.status. ##
## ---------------------- ##

This file was extended by config.status, which was
generated by GNU Autoconf 2.59.  Invocation command line was

  CONFIG_FILES    = 
  CONFIG_HEADERS  = 
  CONFIG_LINKS    = 
  CONFIG_COMMANDS = 
  $ ./config.status 

on sj-dwesterg-l

config.status:698: creating Makefile
config.status:698: creating dltest/Makefile
config.status:698: creating tclConfig.sh

## ---------------- ##
## Cache variables. ##
## ---------------- ##

ac_cv_build=x86_64-unknown-linux-gnu
ac_cv_build_alias=x86_64-unknown-linux-gnu
ac_cv_c_bigendian=no
ac_cv_c_char_unsigned=no
ac_cv_c_compiler_gnu=yes
ac_cv_env_CC_set=set
ac_cv_env_CC_value=gcc
ac_cv_env_CFLAGS_set=set
ac_cv_env_CFLAGS_value='-g -O2'
ac_cv_env_CPPFLAGS_set=
ac_cv_env_CPPFLAGS_value=
ac_cv_env_CPP_set=
ac_cv_env_CPP_value=
ac_cv_env_LDFLAGS_set=set
ac_cv_env_LDFLAGS_value=
ac_cv_env_build_alias_set=set
ac_cv_env_build_alias_value=x86_64-unknown-linux-gnu
ac_cv_env_host_alias_set=set
ac_cv_env_host_alias_value=x86_64-unknown-linux-gnu
ac_cv_env_target_alias_set=set
ac_cv_env_target_alias_value=x86_64-unknown-linux-gnu
ac_cv_exeext=
ac_cv_func_BSDgettimeofday=no
ac_cv_func_connect=yes
ac_cv_func_fstatfs=yes
ac_cv_func_getcwd=yes
ac_cv_func_gethostbyname=yes
ac_cv_func_gettimeofday=yes
ac_cv_func_getwd=yes
ac_cv_func_gmtime_r=yes
ac_cv_func_localtime_r=yes
ac_cv_func_memcmp_working=yes
ac_cv_func_memmove=yes
ac_cv_func_opendir=yes
ac_cv_func_realpath=yes
ac_cv_func_sin=no
ac_cv_func_strerror=yes
ac_cv_func_strncasecmp=yes
ac_cv_func_strstr=yes
ac_cv_func_strtod=yes
ac_cv_func_strtol=yes
ac_cv_func_strtoll=yes
ac_cv_func_strtoul=yes
ac_cv_func_strtoull=yes
ac_cv_func_tmpnam=yes
ac_cv_func_uname=yes
ac_cv_func_wait3=yes
ac_cv_func_waitpid=yes
ac_cv_header_dlfcn_h=yes
ac_cv_header_errno_h=yes
ac_cv_header_float_h=yes
ac_cv_header_inttypes_h=yes
ac_cv_header_langinfo_h=yes
ac_cv_header_limits_h=yes
ac_cv_header_memory_h=yes
ac_cv_header_net_errno_h=no
ac_cv_header_stdc=yes
ac_cv_header_stdint_h=yes
ac_cv_header_stdlib_h=yes
ac_cv_header_string_h=yes
ac_cv_header_strings_h=yes
ac_cv_header_sys_filio_h=no
ac_cv_header_sys_ioctl_h=yes
ac_cv_header_sys_modem_h=no
ac_cv_header_sys_param_h=yes
ac_cv_header_sys_stat_h=yes
ac_cv_header_sys_time_h=yes
ac_cv_header_sys_types_h=yes
ac_cv_header_sys_wait_h=yes
ac_cv_header_time=yes
ac_cv_header_unistd_h=yes
ac_cv_header_values_h=yes
ac_cv_host=x86_64-unknown-linux-gnu
ac_cv_host_alias=x86_64-unknown-linux-gnu
ac_cv_lib_dl_dlopen=yes
ac_cv_lib_ieee_main=yes
ac_cv_lib_inet_main=no
ac_cv_member_struct_stat_st_blksize=yes
ac_cv_member_struct_tm_tm_zone=yes
ac_cv_objext=o
ac_cv_prog_AR=ar
ac_cv_prog_CC=gcc
ac_cv_prog_CPP='gcc -E'
ac_cv_prog_RANLIB=ranlib
ac_cv_prog_cc_g=yes
ac_cv_prog_cc_stdc=
ac_cv_prog_egrep='grep -E'
ac_cv_prog_make_make_set=yes
ac_cv_struct_tm=time.h
ac_cv_type_mode_t=yes
ac_cv_type_pid_t=yes
ac_cv_type_size_t=yes
ac_cv_type_socklen_t=yes
ac_cv_type_uid_t=yes
tcl_cv_api_serial=termios
tcl_cv_char_signed=yes
tcl_cv_flag__isoc99_source=no
tcl_cv_flag__largefile64_source=yes
tcl_cv_grep_gettimeofday=present
tcl_cv_member_tm_gmtoff=yes
tcl_cv_member_tm_tzadj=no
tcl_cv_putenv_copy=no
tcl_cv_strtod_buggy=1
tcl_cv_timezone_long=yes
tcl_cv_type_64bit=none
tcl_cv_type_fd_set=yes
tcl_cv_union_wait=yes

## ----------------- ##
## Output variables. ##
## ----------------- ##

AR='ar'
BUILD_DLTEST='$(DLTEST_TARGETS)'
CC='gcc -pipe'
CC_SEARCH_FLAGS='-Wl,-rpath,${LIB_RUNTIME_DIR}'
CFG_TCL_EXPORT_FILE_SUFFIX=''
CFG_TCL_SHARED_LIB_SUFFIX='${VERSION}${DBGX}.so'
CFG_TCL_UNSHARED_LIB_SUFFIX='${VERSION}${DBGX}.a'
CFLAGS='-g -O2'
CFLAGS_DEBUG='-g'
CFLAGS_DEFAULT='$(CFLAGS_OPTIMIZE)'
CFLAGS_OPTIMIZE=' -D__NO_STRING_INLINES -D__NO_MATH_INLINES'
CFLAGS_WARNING='-Wall -Wconversion -Wno-implicit-int'
CPP='gcc -E'
CPPFLAGS=''
DEFS='-DPACKAGE_NAME=\"\" -DPACKAGE_TARNAME=\"\" -DPACKAGE_VERSION=\"\" -DPACKAGE_STRING=\"\" -DPACKAGE_BUGREPORT=\"\" -DSTDC_HEADERS=1 -DHAVE_SYS_TYPES_H=1 -DHAVE_SYS_STAT_H=1 -DHAVE_STDLIB_H=1 -DHAVE_STRING_H=1 -DHAVE_MEMORY_H=1 -DHAVE_STRINGS_H=1 -DHAVE_INTTYPES_H=1 -DHAVE_STDINT_H=1 -DHAVE_UNISTD_H=1 -DHAVE_UNISTD_H=1 -DHAVE_LIMITS_H=1 -D_LARGEFILE64_SOURCE=1 -DTCL_WIDE_INT_IS_LONG=1 -DHAVE_GETCWD=1 -DHAVE_OPENDIR=1 -DHAVE_STRSTR=1 -DHAVE_STRTOL=1 -DHAVE_STRTOLL=1 -DHAVE_STRTOULL=1 -DHAVE_TMPNAM=1 -DHAVE_WAITPID=1 -DHAVE_UNISTD_H=1 -DHAVE_SYS_PARAM_H=1 -DUSE_TERMIOS=1 -DHAVE_SYS_TIME_H=1 -DTIME_WITH_SYS_TIME=1 -DHAVE_STRUCT_TM_TM_ZONE=1 -DHAVE_TM_ZONE=1 -DHAVE_GMTIME_R=1 -DHAVE_LOCALTIME_R=1 -DHAVE_TM_GMTOFF=1 -DHAVE_TIMEZONE_VAR=1 -DHAVE_STRUCT_STAT_ST_BLKSIZE=1 -DHAVE_ST_BLKSIZE=1 -DHAVE_SIGNED_CHAR=1 -DHAVE_LANGINFO=1 -DSTATIC_BUILD=1 -DPEEK_XCLOSEIM=1 -DHAVE_SYS_IOCTL_H=1 '
DL_LIBS='-ldl'
DL_OBJS='tclLoadDl.o'
ECHO_C=''
ECHO_N='-n'
ECHO_T=''
EGREP='grep -E'
EXEEXT=''
EXTRA_CFLAGS=''
INSTALL_LIB='$(INSTALL_LIBRARY) $(LIB_FILE) $(LIB_INSTALL_DIR)/$(LIB_FILE) ; (cd $(LIB_INSTALL_DIR) ; $(RANLIB) $(LIB_FILE))'
INSTALL_STUB_LIB='$(INSTALL_LIBRARY) $(STUB_LIB_FILE) $(LIB_INSTALL_DIR)/$(STUB_LIB_FILE) ; (cd $(LIB_INSTALL_DIR) ; $(RANLIB) $(STUB_LIB_FILE))'
LDFLAGS='-rdynamic'
LDFLAGS_DEBUG=''
LDFLAGS_DEFAULT='$(LDFLAGS_OPTIMIZE)'
LDFLAGS_OPTIMIZE=''
LD_LIBRARY_PATH_VAR='LD_LIBRARY_PATH'
LD_SEARCH_FLAGS='-Wl,-rpath,${LIB_RUNTIME_DIR}'
LIBOBJS=''
LIBS=''
LTLIBOBJS=''
MAKE_LIB='${STLIB_LD} $@ ${OBJS} ; ${RANLIB} $@'
MAKE_STUB_LIB='${STLIB_LD} $@ ${STUB_LIB_OBJS} ; ${RANLIB} $@'
MATH_LIBS='-lieee -lm'
MKLINKS_FLAGS=''
OBJEXT='o'
PACKAGE_BUGREPORT=''
PACKAGE_NAME=''
PACKAGE_STRING=''
PACKAGE_TARNAME=''
PACKAGE_VERSION=''
PATH_SEPARATOR=':'
PLAT_OBJS=''
RANLIB='ranlib'
SHELL='/bin/sh'
SHLIB_CFLAGS='-fPIC'
SHLIB_LD='gcc -pipe -shared'
SHLIB_LD_FLAGS=''
SHLIB_LD_LIBS='${LIBS}'
SHLIB_SUFFIX='.so'
STLIB_LD='${AR} cr'
TCL_BUILD_EXP_FILE=''
TCL_BUILD_LIB_SPEC='-L/home/dwesterg/data/nios2-linux/nios2-linux/insight/tcl/unix -ltcl8.4${TCL_DBGX}'
TCL_BUILD_STUB_LIB_PATH='/home/dwesterg/data/nios2-linux/nios2-linux/insight/tcl/unix/libtclstub8.4${TCL_DBGX}.a'
TCL_BUILD_STUB_LIB_SPEC='-L/home/dwesterg/data/nios2-linux/nios2-linux/insight/tcl/unix -ltclstub8.4${TCL_DBGX}'
TCL_DBGX=''
TCL_EXP_FILE=''
TCL_HAS_LONGLONG=''
TCL_INCLUDE_SPEC='-I/usr/local/include'
TCL_LIBS='${DL_LIBS} ${LIBS} ${MATH_LIBS}'
TCL_LIB_FILE='libtcl8.4${TCL_DBGX}.a'
TCL_LIB_FLAG='-ltcl8.4${TCL_DBGX}'
TCL_LIB_SPEC='-L/usr/local/lib -ltcl8.4${TCL_DBGX}'
TCL_LIB_VERSIONS_OK='ok'
TCL_MAJOR_VERSION='8'
TCL_MINOR_VERSION='4'
TCL_NEEDS_EXP_FILE='0'
TCL_PACKAGE_PATH='/usr/local/lib'
TCL_PATCH_LEVEL='.1'
TCL_SHARED_BUILD='0'
TCL_SHARED_LIB_SUFFIX='${VERSION}\$\{DBGX\}${SHLIB_SUFFIX}'
TCL_SHLIB_LD_EXTRAS=''
TCL_SRC_DIR='/home/dwesterg/data/nios2-linux/nios2-linux/insight/tcl'
TCL_STUB_LIB_FILE='libtclstub8.4${TCL_DBGX}.a'
TCL_STUB_LIB_FLAG='-ltclstub8.4${TCL_DBGX}'
TCL_STUB_LIB_PATH='/usr/local/lib/libtclstub8.4${TCL_DBGX}.a'
TCL_STUB_LIB_SPEC='-L/usr/local/lib -ltclstub8.4${TCL_DBGX}'
TCL_THREADS='0'
TCL_UNSHARED_LIB_SUFFIX='${VERSION}\$\{DBGX\}.a'
TCL_VERSION='8.4'
TK_SHLIB_LD_EXTRAS=''
ac_ct_CC=''
ac_ct_RANLIB=''
bindir='${exec_prefix}/bin'
build_alias='x86_64-unknown-linux-gnu'
datadir='${prefix}/share'
exec_prefix='/usr/local'
host_alias='x86_64-unknown-linux-gnu'
includedir='${prefix}/include'
infodir='${prefix}/info'
libdir='/usr/local/lib'
libexecdir='${exec_prefix}/libexec'
localstatedir='${prefix}/var'
mandir='${prefix}/man'
oldincludedir='/usr/include'
prefix='/usr/local'
program_transform_name='s,y,y,'
sbindir='${exec_prefix}/sbin'
sharedstatedir='${prefix}/com'
sysconfdir='${prefix}/etc'
target_alias='x86_64-unknown-linux-gnu'

## ----------- ##
## confdefs.h. ##
## ----------- ##

#define HAVE_GETCWD 1
#define HAVE_GMTIME_R 1
#define HAVE_INTTYPES_H 1
#define HAVE_LANGINFO 1
#define HAVE_LIMITS_H 1
#define HAVE_LOCALTIME_R 1
#define HAVE_MEMORY_H 1
#define HAVE_OPENDIR 1
#define HAVE_SIGNED_CHAR 1
#define HAVE_STDINT_H 1
#define HAVE_STDLIB_H 1
#define HAVE_STRINGS_H 1
#define HAVE_STRING_H 1
#define HAVE_STRSTR 1
#define HAVE_STRTOL 1
#define HAVE_STRTOLL 1
#define HAVE_STRTOULL 1
#define HAVE_STRUCT_STAT_ST_BLKSIZE 1
#define HAVE_STRUCT_TM_TM_ZONE 1
#define HAVE_ST_BLKSIZE 1
#define HAVE_SYS_IOCTL_H 1
#define HAVE_SYS_PARAM_H 1
#define HAVE_SYS_STAT_H 1
#define HAVE_SYS_TIME_H 1
#define HAVE_SYS_TYPES_H 1
#define HAVE_TIMEZONE_VAR 1
#define HAVE_TMPNAM 1
#define HAVE_TM_GMTOFF 1
#define HAVE_TM_ZONE 1
#define HAVE_UNISTD_H 1
#define HAVE_UNISTD_H 1
#define HAVE_UNISTD_H 1
#define HAVE_WAITPID 1
#define PACKAGE_BUGREPORT ""
#define PACKAGE_NAME ""
#define PACKAGE_STRING ""
#define PACKAGE_TARNAME ""
#define PACKAGE_VERSION ""
#define PEEK_XCLOSEIM 1
#define STATIC_BUILD 1
#define STDC_HEADERS 1
#define TCL_WIDE_INT_IS_LONG 1
#define TIME_WITH_SYS_TIME 1
#define USE_TERMIOS 1
#define _LARGEFILE64_SOURCE 1

configure: exit 0
